Filtering the log data using "processImagePath BEGINSWITH "/Users/shivi.agarwal/Library/Developer/CoreSimulator/Devices/AC7E343F-585F-430E-B17D-BDD649803605/data/Containers/Bundle/Application/526E8406-59B6-4C05-9D18-38A7EF2F46C7/NayaVedAI.app""
Timestamp               Ty Process[PID:TID]
2026-01-28 16:14:33.969 I  NayaVedAI[63826:210e95] [dev.expo.modules:expo] 🟢 Creating JS object for module 'ExpoAppleAuthentication'
2026-01-28 16:14:34.066 I  NayaVedAI[63826:210e95] [dev.expo.modules:expo] 🟢 Creating JS object for module 'ExpoWebBrowser'
2026-01-28 16:14:34.071 I  NayaVedAI[63826:210e95] [com.facebook.react.log:javascript] The native view manager for module(ExpoLinearGradient) ) from NativeViewManagerAdapter isn't exported by expo-modules-core. Views of this type may not render correctly. Exported view managers: [ExpoAppleAuthentication_AppleAuthenticationButton, ExpoCamera, ExpoAppleAuthentication, ExpoCamera_CameraView].
2026-01-28 16:14:34.102 Df NayaVedAI[63826:20fabf] [com.apple.UIKit:KeyboardSceneDelegate] Reloading input views for key-window scene responder: <(null): 0x0; > force:N
2026-01-28 16:14:34.103 Df NayaVedAI[63826:20fabf] [com.apple.UIKit:KeyboardSceneDelegate] _reloadInputViewsForKeyWindowSceneResponder: 0 force: 0, fromBecomeFirstResponder: 0 (automaticKeyboard: 0, reloadIdentifier: 617A3B0E-186A-4554-8C33-A59CDBA66B60)
2026-01-28 16:14:34.103 Df NayaVedAI[63826:20fabf] [com.apple.UIKit:KeyboardSceneDelegate] _inputViewsForResponder: <(null): 0x0; >, automaticKeyboard: 0, force: 0
2026-01-28 16:14:34.103 Df NayaVedAI[63826:20fabf] [com.apple.UIKit:KeyboardSceneDelegate] _inputViewsForResponder, found custom inputView: <(null): 0x0>, customInputViewController: <(null): 0x0>
2026-01-28 16:14:34.103 Df NayaVedAI[63826:20fabf] [com.apple.UIKit:KeyboardSceneDelegate] _inputViewsForResponder, found inputAccessoryView: <(null): 0x0>
2026-01-28 16:14:34.103 Df NayaVedAI[63826:20fabf] [com.apple.UIKit:KeyboardSceneDelegate] _inputViewsForResponder, responderRequiresKeyboard 0 (automaticKeyboardEnabled: 0, activeInstance: <(null): 0x0>, self.isOnScreen: 0, requiresKBWhenFirstResponder: 0)
2026-01-28 16:14:34.103 Df NayaVedAI[63826:20fabf] [com.apple.UIKit:KeyboardSceneDelegate] _inputViewsForResponder, useKeyboard 0 (allowsSystemInputView: 1, !inputView <(null): 0x0>, responderRequiresKeyboard 0)
2026-01-28 16:14:34.103 Df NayaVedAI[63826:20fabf] [com.apple.UIKit:KeyboardSceneDelegate] _inputViewsForResponder, configuring _responderWithoutAutomaticAppearanceEnabled: <(null): 0x0> (_automaticAppearEnabled: 1)
2026-01-28 16:14:34.103 Df NayaVedAI[63826:20fabf] [com.apple.UIKit:KeyboardSceneDelegate] _inputViewsForResponder, needsIVPlaceholder: 0, needsIAVPlaceholder: 0, needsInputSetWithPlaceholder: 0
2026-01-28 16:14:34.103 Df NayaVedAI[63826:20fabf] [com.apple.UIKit:KeyboardSceneDelegate] _inputViewsForResponder returning: <<UIInputViewSet: 0x6000037a7cc0>; (empty)>
2026-01-28 16:14:34.104 I  NayaVedAI[63826:20fabf] [com.apple.Accessibility:AXRuntimeNotifications] Attempting to send notification:  (1000) <private>
2026-01-28 16:14:34.104 I  NayaVedAI[63826:20fabf] [com.apple.Accessibility:AXRuntimeNotifications] Attempting to send notification:  (1000) <private>
2026-01-28 16:14:34.105 I  NayaVedAI[63826:20fabf] [com.apple.Accessibility:AXRuntimeNotifications] Did post notification. notification:  (1000) error:0 data:<private>
2026-01-28 16:14:34.112 Db NayaVedAI[63826:20fabf] [com.apple.BackBoard:EventDelivery] flushing changes: {
    contentsMask: 0x8; keyCommandsRegistrations: [environment: keyboardFocus; token: 0xF1074B77; keyCommands: 34];
}
2026-01-28 16:14:34.178 E  NayaVedAI[63826:210e95] [com.facebook.react.log:javascript] [runtime not ready]: Error: Cannot find native module 'ExpoSpeech'
2026-01-28 16:14:34.178 I  NayaVedAI[63826:210e95] [com.facebook.react.log:native] Unbalanced calls start/end for tag 20
2026-01-28 16:14:34.178 I  NayaVedAI[63826:210e95] [com.facebook.react.log:native] Unbalanced calls start/end for tag 19
2026-01-28 16:14:34.178 I  NayaVedAI[63826:20fabf] [com.apple.Accessibility:AXRuntimeNotifications] Attempting to send notification:  (1055) <private>
2026-01-28 16:14:34.179 I  NayaVedAI[63826:20fabf] [com.apple.Accessibility:AXRuntimeNotifications] Attempting to send notification:  (1055) <private>
2026-01-28 16:14:34.179 Db NayaVedAI[63826:20fabf] [com.apple.CFBundle:resources] Resource lookup at CFBundle 0x600003b10000 </Users/shivi.agarwal/Library/Developer/CoreSimulator/Devices/AC7E343F-585F-430E-B17D-BDD649803605/data/Containers/Bundle/Application/526E8406-59B6-4C05-9D18-38A7EF2F46C7/NayaVedAI.app> (executable, loaded)
	Request       : RCTRedBoxController type: nib
	Result        : None
2026-01-28 16:14:34.179 Db NayaVedAI[63826:20fabf] [com.apple.CFBundle:resources] Resource lookup at CFBundle 0x600003b10000 </Users/shivi.agarwal/Library/Developer/CoreSimulator/Devices/AC7E343F-585F-430E-B17D-BDD649803605/data/Containers/Bundle/Application/526E8406-59B6-4C05-9D18-38A7EF2F46C7/NayaVedAI.app> (executable, loaded)
	Request       : RCTRedBox type: nib
	Result        : None
2026-01-28 16:14:34.180 Db NayaVedAI[63826:20fef8] [com.apple.CFBundle:resources] Resource lookup at CFBundle 0x600003b10000 </Users/shivi.agarwal/Library/Developer/CoreSimulator/Devices/AC7E343F-585F-430E-B17D-BDD649803605/data/Containers/Bundle/Application/526E8406-59B6-4C05-9D18-38A7EF2F46C7/NayaVedAI.app> (executable, loaded)
	Request       : InfoPlist type: strings
	Result        : None
2026-01-28 16:14:34.180 Db NayaVedAI[63826:20fef8] [com.apple.CFBundle:resources] Resource lookup at CFBundle 0x600003b10000 </Users/shivi.agarwal/Library/Developer/CoreSimulator/Devices/AC7E343F-585F-430E-B17D-BDD649803605/data/Containers/Bundle/Application/526E8406-59B6-4C05-9D18-38A7EF2F46C7/NayaVedAI.app> (executable, loaded)
	Request       : InfoPlist type: stringsdict
	Result        : None
2026-01-28 16:14:34.180 Df NayaVedAI[63826:20fef8] [com.apple.FileURL:default] kExcludedFromBackupXattrName set on path: /Users/shivi.agarwal/Library/Developer/CoreSimulator/Devices/AC7E343F-585F-430E-B17D-BDD649803605/data/Containers/Data/Application/9335C1C7-12B2-40A1-BF14-06BFCABDEF93/Library/Application Support/com.nayaved.app/RCTAsyncLocalStorage_V1
2026-01-28 16:14:34.181 Db NayaVedAI[63826:20fabf] [com.apple.BackBoard:EventDelivery] no-op flush
2026-01-28 16:14:34.181 I  NayaVedAI[63826:20fabf] [com.apple.Accessibility:AXAppAccessibility] Presentation controller doesn't modalize: <_UIFormSheetPresentationController: 0x108b54180>
2026-01-28 16:14:34.182 I  NayaVedAI[63826:20fef8] [com.wix.DetoxSync:DTXJSTimerSyncResource] [DTXJSTimerSyncResource] Ignoring timer 1 (duration: 2000.00 ms, repeats: NO)
2026-01-28 16:14:34.199 Df NayaVedAI[63826:20fabf] [com.apple.UIKit:KeyboardSceneDelegate] Reloading input views for key-window scene responder: <RCTRedBoxController: 0x10dcec200; > force:N
2026-01-28 16:14:34.199 Df NayaVedAI[63826:20fabf] [com.apple.UIKit:KeyboardSceneDelegate] _reloadInputViewsForKeyWindowSceneResponder: 1 force: 0, fromBecomeFirstResponder: 1 (automaticKeyboard: 1, reloadIdentifier: 8C974FA8-4B7C-4F77-B32D-4597EB49A51B)
2026-01-28 16:14:34.199 Df NayaVedAI[63826:20fabf] [com.apple.UIKit:KeyboardSceneDelegate] _inputViewsForResponder: <RCTRedBoxController: 0x10dcec200; >, automaticKeyboard: 1, force: 0
2026-01-28 16:14:34.199 Df NayaVedAI[63826:20fabf] [com.apple.UIKit:KeyboardSceneDelegate] _inputViewsForResponder, found custom inputView: <(null): 0x0>, customInputViewController: <(null): 0x0>
2026-01-28 16:14:34.200 Df NayaVedAI[63826:20fabf] [com.apple.UIKit:KeyboardSceneDelegate] _inputViewsForResponder, found inputAccessoryView: <(null): 0x0>
2026-01-28 16:14:34.200 Df NayaVedAI[63826:20fabf] [com.apple.UIKit:KeyboardSceneDelegate] _inputViewsForResponder, responderRequiresKeyboard 0 (automaticKeyboardEnabled: 1, activeInstance: <(null): 0x0>, self.isOnScreen: 0, requiresKBWhenFirstResponder: 0)
2026-01-28 16:14:34.200 Df NayaVedAI[63826:20fabf] [com.apple.UIKit:KeyboardSceneDelegate] _inputViewsForResponder, useKeyboard 0 (allowsSystemInputView: 1, !inputView <(null): 0x0>, responderRequiresKeyboard 0)
2026-01-28 16:14:34.200 Df NayaVedAI[63826:20fabf] [com.apple.UIKit:KeyboardSceneDelegate] _inputViewsForResponder, configuring _responderWithoutAutomaticAppearanceEnabled: <(null): 0x0> (_automaticAppearEnabled: 1)
2026-01-28 16:14:34.200 Df NayaVedAI[63826:20fabf] [com.apple.UIKit:KeyboardSceneDelegate] _inputViewsForResponder, needsIVPlaceholder: 0, needsIAVPlaceholder: 0, needsInputSetWithPlaceholder: 0
2026-01-28 16:14:34.200 Df NayaVedAI[63826:20fabf] [com.apple.UIKit:KeyboardSceneDelegate] _inputViewsForResponder returning: <<UIInputViewSet: 0x6000037b6dc0>; (empty)>
2026-01-28 16:14:34.201 Db NayaVedAI[63826:20fabf] [com.apple.BackBoard:EventDelivery] flushing changes: {
    contentsMask: 0x8; keyCommandsRegistrations: [environment: keyboardFocus; token: 0xF1074B77; keyCommands: 36];
}
2026-01-28 16:14:34.201 I  NayaVedAI[63826:20fabf] [com.apple.Accessibility:AXRuntimeNotifications] Did post notification. notification:  (1055) error:0 data:<private>
2026-01-28 16:14:34.201 Db NayaVedAI[63826:20fabf] [com.apple.defaults:User Defaults] found no value for key RCTI18nUtil_forceRTL in CFPrefsSearchListSource<0x600002c00200> (Domain: com.nayaved.app, Container: (null) Non-launch persona: 0)
2026-01-28 16:14:34.201 Db NayaVedAI[63826:20fabf] [com.apple.defaults:User Defaults] found no value for key RCTI18nUtil_allowRTL in CFPrefsSearchListSource<0x600002c00200> (Domain: com.nayaved.app, Container: (null) Non-launch persona: 0)
2026-01-28 16:14:34.201 Db NayaVedAI[63826:20fabf] [com.apple.defaults:User Defaults] found no value for key RCTI18nUtil_forceRTL in CFPrefsSearchListSource<0x600002c00200> (Domain: com.nayaved.app, Container: (null) Non-launch persona: 0)
2026-01-28 16:14:34.201 Db NayaVedAI[63826:20fabf] [com.apple.defaults:User Defaults] found no value for key RCTI18nUtil_allowRTL in CFPrefsSearchListSource<0x600002c00200> (Domain: com.nayaved.app, Container: (null) Non-launch persona: 0)
2026-01-28 16:14:34.201 Db NayaVedAI[63826:20fabf] [com.apple.network:] tcp_connection_create_with_endpoint_and_parameters 156 localhost 8081
2026-01-28 16:14:34.201 Db NayaVedAI[63826:20fabf] [com.apple.network:] tcp_connection_set_usage_model 156 setting usage model to 1
2026-01-28 16:14:34.201 Df NayaVedAI[63826:20fabf] [com.apple.CFNetwork:Default] TCP Conn [156:0x600003313700] using empty proxy configuration
2026-01-28 16:14:34.201 I  NayaVedAI[63826:210e95] [com.facebook.react.log:javascript] Running "main" with {"rootTag":11,"initialProps":null,"fabric":true}
2026-01-28 16:14:34.202 Df NayaVedAI[63826:20fabf] [com.apple.CFNetwork:Default] Stream client bypassing proxies on TCP Conn [156:0x600003313700]
2026-01-28 16:14:34.202 Df NayaVedAI[63826:20fabf] [com.apple.CFNetwork:Default] TCP Conn 0x600003313700 started
2026-01-28 16:14:34.202 Db NayaVedAI[63826:20fabf] [com.apple.network:] tcp_connection_start 156 starting
2026-01-28 16:14:34.202 I  NayaVedAI[63826:20fabf] [com.apple.network:connection] nw_connection_create_with_id [C156] create connection to Hostname#b33e072a:8081
2026-01-28 16:14:34.202 Db NayaVedAI[63826:20fabf] [com.apple.network:] tcp_connection_start starting tc_nwconn=0x108b3e700
2026-01-28 16:14:34.202 Df NayaVedAI[63826:20fef8] [com.apple.network:connection] [C156 1FFE02BB-938B-4734-96B5-4CAE1402BD02 Hostname#b33e072a:8081 tcp, definite, attribution: developer, context: Default Network Context (private), proc: 63B02D91-D502-3FF5-9842-92830ECC12FF, delegated upid: 0, no proxy, prohibit fallback, allow socket access] start
2026-01-28 16:14:34.202 I  NayaVedAI[63826:20fef8] [com.apple.network:connection] nw_endpoint_handler_start [C156 Hostname#b33e072a:8081 initial parent-flow ((null))]
2026-01-28 16:14:34.202 Df NayaVedAI[63826:20fef8] [com.apple.network:connection] [C156 Hostname#b33e072a:8081 initial parent-flow ((null))] event: path:start @0.000s
2026-01-28 16:14:34.202 Db NayaVedAI[63826:20fef8] [com.apple.network:connection] nw_endpoint_handler_path_change [C156 Hostname#b33e072a:8081 waiting parent-flow (satisfied (Path is satisfied), interface: en0[802.11], uses wifi, LQM: unknown)]
2026-01-28 16:14:34.202 Db NayaVedAI[63826:20fef8] [com.apple.networkextension:] ne_tracker_check_is_hostname_blocked() proceeding with the in_the_app check for hostname: localhost
2026-01-28 16:14:34.202 Db NayaVedAI[63826:20fef8] [com.apple.CFBundle:resources] Resource lookup at CFBundle 0x600003b10000 </Users/shivi.agarwal/Library/Developer/CoreSimulator/Devices/AC7E343F-585F-430E-B17D-BDD649803605/data/Containers/Bundle/Application/526E8406-59B6-4C05-9D18-38A7EF2F46C7/NayaVedAI.app> (executable, loaded)
	Request       : InfoPlist type: strings
	Result        : None
2026-01-28 16:14:34.202 Db NayaVedAI[63826:20fef8] [com.apple.CFBundle:resources] Resource lookup at CFBundle 0x600003b10000 </Users/shivi.agarwal/Library/Developer/CoreSimulator/Devices/AC7E343F-585F-430E-B17D-BDD649803605/data/Containers/Bundle/Application/526E8406-59B6-4C05-9D18-38A7EF2F46C7/NayaVedAI.app> (executable, loaded)
	Request       : InfoPlist type: stringsdict
	Result        : None
2026-01-28 16:14:34.202 Db NayaVedAI[63826:20fef8] [com.apple.networkextension:] ne_tracker_check_is_hostname_blocked(): hostname localhost is not a tracker. Returning: ne_tracker_status_none
2026-01-28 16:14:34.202 Df NayaVedAI[63826:20fef8] [com.apple.network:connection] [C156 Hostname#b33e072a:8081 waiting parent-flow (satisfied (Path is satisfied), interface: en0[802.11], uses wifi, LQM: unknown)] event: path:satisfied @0.000s, uuid: 681C574D-162C-4E25-BF17-1486DC0343A6
2026-01-28 16:14:34.202 I  NayaVedAI[63826:20fef8] [com.apple.network:connection] nw_connection_endpoint_report_on_nw_queue_block_invoke [C156 Hostname#b33e072a:8081 waiting parent-flow (satisfied (Path is satisfied), interface: en0[802.11], uses wifi, LQM: unknown)] skipping state update
2026-01-28 16:14:34.202 Db NayaVedAI[63826:20fef8] [com.apple.network:connection] nw_endpoint_flow_attach_protocols [C156 Hostname#b33e072a:8081 in_progress parent-flow (satisfied (Path is satisfied), interface: en0[802.11], uses wifi, LQM: unknown)]
2026-01-28 16:14:34.202 Db NayaVedAI[63826:20fef8] [com.apple.network:connection] nw_endpoint_flow_attach_protocols [C156 Hostname#b33e072a:8081 in_progress parent-flow (satisfied (Path is satisfied), interface: en0[802.11], uses wifi, LQM: unknown)] stopping after adding persistent application protocols
2026-01-28 16:14:34.202 Db NayaVedAI[63826:20fef8] [com.apple.network:connection] nw_endpoint_flow_setup_protocols [C156 Hostname#b33e072a:8081 in_progress parent-flow (satisfied (Path is satisfied), interface: en0[802.11], uses wifi, LQM: unknown)] persistent protocol stack, starting
2026-01-28 16:14:34.202 Df NayaVedAI[63826:20fef8] [com.apple.network:connection] [C156 Hostname#b33e072a:8081 in_progress parent-flow (satisfied (Path is satisfied), interface: en0[802.11], uses wifi, LQM: unknown)] event: flow:start_connect @0.000s
2026-01-28 16:14:34.202 Df NayaVedAI[63826:20fef8] [com.apple.network:connection] nw_connection_report_state_with_handler_on_nw_queue [C156] reporting state preparing
2026-01-28 16:14:34.202 I  NayaVedAI[63826:20fef8] [com.apple.network:connection] nw_endpoint_flow_connect [C156 Hostname#b33e072a:8081 in_progress parent-flow (satisfied (Path is satisfied), interface: en0[802.11], uses wifi, LQM: unknown)] connect bottom protocol
2026-01-28 16:14:34.202 Db NayaVedAI[63826:20fef8] [com.apple.network:connection] nw_endpoint_flow_start_child [C156 Hostname#b33e072a:8081 in_progress parent-flow (satisfied (Path is satisfied), interface: en0[802.11], uses wifi, LQM: unknown)] creating and starting child handler
2026-01-28 16:14:34.202 Df NayaVedAI[63826:20fef8] [com.apple.network:connection] [C156 Hostname#b33e072a:8081 in_progress parent-flow (satisfied (Path is satisfied), interface: en0[802.11], uses wifi, LQM: unknown)] event: flow:start_child @0.000s
2026-01-28 16:14:34.202 I  NayaVedAI[63826:20fef8] [com.apple.network:connection] nw_endpoint_handler_start [C156.1 Hostname#b33e072a:8081 initial path ((null))]
2026-01-28 16:14:34.202 Db NayaVedAI[63826:20fef8] [com.apple.network:connection] nw_endpoint_flow_receive_report [C156 Hostname#b33e072a:8081 in_progress parent-flow (satisfied (Path is satisfied), interface: en0[802.11], uses wifi, LQM: unknown)] received child report: [C156.1 Hostname#b33e072a:8081 initial path ((null))]
2026-01-28 16:14:34.202 Df NayaVedAI[63826:20fef8] [com.apple.network:connection] [C156.1 Hostname#b33e072a:8081 initial path ((null))] event: path:start @0.000s
2026-01-28 16:14:34.202 Db NayaVedAI[63826:20fef8] [com.apple.network:connection] nw_endpoint_handler_path_change [C156.1 Hostname#b33e072a:8081 waiting path (satisfied (Path is satisfied), interface: en0[802.11], uses wifi, LQM: unknown)]
2026-01-28 16:14:34.202 Db NayaVedAI[63826:20fef8] [com.apple.networkextension:] ne_tracker_check_is_hostname_blocked() proceeding with the in_the_app check for hostname: localhost
2026-01-28 16:14:34.202 Db NayaVedAI[63826:20fef8] [com.apple.CFBundle:resources] Resource lookup at CFBundle 0x600003b10000 </Users/shivi.agarwal/Library/Developer/CoreSimulator/Devices/AC7E343F-585F-430E-B17D-BDD649803605/data/Containers/Bundle/Application/526E8406-59B6-4C05-9D18-38A7EF2F46C7/NayaVedAI.app> (executable, loaded)
	Request       : InfoPlist type: strings
	Result        : None
2026-01-28 16:14:34.202 Db NayaVedAI[63826:20fef8] [com.apple.CFBundle:resources] Resource lookup at CFBundle 0x600003b10000 </Users/shivi.agarwal/Library/Developer/CoreSimulator/Devices/AC7E343F-585F-430E-B17D-BDD649803605/data/Containers/Bundle/Application/526E8406-59B6-4C05-9D18-38A7EF2F46C7/NayaVedAI.app> (executable, loaded)
	Request       : InfoPlist type: stringsdict
	Result        : None
2026-01-28 16:14:34.202 Db NayaVedAI[63826:20fef8] [com.apple.networkextension:] ne_tracker_check_is_hostname_blocked(): hostname localhost is not a tracker. Returning: ne_tracker_status_none
2026-01-28 16:14:34.202 Db NayaVedAI[63826:20fef8] [com.apple.network:connection] nw_endpoint_flow_receive_report [C156 Hostname#b33e072a:8081 in_progress parent-flow (satisfied (Path is satisfied), interface: en0[802.11], uses wifi, LQM: unknown)] received child report: [C156.1 Hostname#b33e072a:8081 waiting path (satisfied (Path is satisfied), interface: en0[802.11], uses wifi, LQM: unknown)]
2026-01-28 16:14:34.202 Df NayaVedAI[63826:20fef8] [com.apple.network:connection] [C156.1 Hostname#b33e072a:8081 waiting path (satisfied (Path is satisfied), interface: en0[802.11], uses wifi, LQM: unknown)] event: path:satisfied @0.000s, uuid: 681C574D-162C-4E25-BF17-1486DC0343A6
2026-01-28 16:14:34.202 Db NayaVedAI[63826:20fef8] [com.apple.network:connection] -[NWConcrete_nw_endpoint_resolver startWithHandler:] [C156.1 Hostname#b33e072a:8081 waiting resolver (satisfied (Path is satisfied), interface: en0[802.11], uses wifi, LQM: unknown)]
2026-01-28 16:14:34.202 Db NayaVedAI[63826:20fef8] [com.apple.network:connection] nw_endpoint_flow_receive_report [C156 Hostname#b33e072a:8081 in_progress parent-flow (satisfied (Path is satisfied), interface: en0[802.11], uses wifi, LQM: unknown)] received child report: [C156.1 Hostname#b33e072a:8081 in_progress resolver (satisfied (Path is satisfied), interface: en0[802.11], uses wifi, LQM: unknown)]
2026-01-28 16:14:34.202 Df NayaVedAI[63826:20fef8] [com.apple.network:connection] [C156.1 Hostname#b33e072a:8081 in_progress resolver (satisfied (Path is satisfied), interface: en0[802.11], uses wifi, LQM: unknown)] event: resolver:start_dns @0.000s
2026-01-28 16:14:34.205 Db NayaVedAI[63826:20fef8] [com.apple.networkextension:] ne_tracker_check_is_hostname_blocked() proceeding with the in_the_app check for hostname: localhost
2026-01-28 16:14:34.205 Db NayaVedAI[63826:20fef8] [com.apple.CFBundle:resources] Resource lookup at CFBundle 0x600003b10000 </Users/shivi.agarwal/Library/Developer/CoreSimulator/Devices/AC7E343F-585F-430E-B17D-BDD649803605/data/Containers/Bundle/Application/526E8406-59B6-4C05-9D18-38A7EF2F46C7/NayaVedAI.app> (executable, loaded)
	Request       : InfoPlist type: strings
	Result        : None
2026-01-28 16:14:34.205 Db NayaVedAI[63826:20fef8] [com.apple.CFBundle:resources] Resource lookup at CFBundle 0x600003b10000 </Users/shivi.agarwal/Library/Developer/CoreSimulator/Devices/AC7E343F-585F-430E-B17D-BDD649803605/data/Containers/Bundle/Application/526E8406-59B6-4C05-9D18-38A7EF2F46C7/NayaVedAI.app> (executable, loaded)
	Request       : InfoPlist type: stringsdict
	Result        : None
2026-01-28 16:14:34.205 Db NayaVedAI[63826:20fef8] [com.apple.networkextension:] ne_tracker_check_is_hostname_blocked(): hostname localhost is not a tracker. Returning: ne_tracker_status_none
2026-01-28 16:14:34.205 I  NayaVedAI[63826:20fef8] [com.apple.network:connection] nw_resolver_create_dns_service_locked [C156.1] Starting host resolution Hostname#b33e072a:8081, flags 0xc000d000 proto 0
2026-01-28 16:14:34.205 I  NayaVedAI[63826:20fef8] [com.apple.network:connection] nw_resolver_host_resolve_callback [C156.1] flags=0x40000003 ifindex=4294967295 error=NoError(0) hostname=localhost. addr=IPv6#42e9e5e9 ttl=1
2026-01-28 16:14:34.205 I  NayaVedAI[63826:20fef8] [com.apple.network:connection] nw_resolver_host_resolve_callback [C156.1] flags=0x40000002 ifindex=4294967295 error=NoError(0) hostname=localhost. addr=IPv4#075c8fe9 ttl=1
2026-01-28 16:14:34.205 Db NayaVedAI[63826:20fef8] [com.apple.network:] sa_dst_compare_rfc6724 Rule 6, prefer d2, d2 precedence 50 > d1 precedence 35
2026-01-28 16:14:34.205 Db NayaVedAI[63826:20fef8] [com.apple.network:] sa_dst_compare_internal <private>@0 < <private>@0
2026-01-28 16:14:34.205 I  NayaVedAI[63826:20fef8] [com.apple.network:connection] nw_resolver_create_prefer_connected_variant [C156.1] Prefer Connected: IPv6#9530c712.8081 is already the first endpoint
2026-01-28 16:14:34.205 Db NayaVedAI[63826:20fef8] [com.apple.network:connection] nw_endpoint_resolver_update [C156.1 Hostname#b33e072a:8081 in_progress resolver (satisfied (Path is satisfied), interface: en0[802.11], uses wifi, LQM: unknown)] resolver is complete
2026-01-28 16:14:34.205 Df NayaVedAI[63826:20fef8] [com.apple.network:connection] nw_endpoint_resolver_update [C156.1 Hostname#b33e072a:8081 in_progress resolver (satisfied (Path is satisfied), interface: en0[802.11], uses wifi, LQM: unknown)] Adding endpoint handler for IPv6#9530c712.8081
2026-01-28 16:14:34.205 Df NayaVedAI[63826:20fef8] [com.apple.network:connection] nw_endpoint_resolver_update [C156.1 Hostname#b33e072a:8081 in_progress resolver (satisfied (Path is satisfied), interface: en0[802.11], uses wifi, LQM: unknown)] Adding endpoint handler for IPv4#eafe643d:8081
2026-01-28 16:14:34.205 Db NayaVedAI[63826:20fef8] [com.apple.network:connection] nw_endpoint_resolver_update [C156.1 Hostname#b33e072a:8081 in_progress resolver (satisfied (Path is satisfied), interface: en0[802.11], uses wifi, LQM: unknown)] Updated endpoint list is (IPv6#9530c712.8081,IPv4#eafe643d:8081)
2026-01-28 16:14:34.205 Db NayaVedAI[63826:20fef8] [com.apple.network:connection] nw_endpoint_flow_receive_report [C156 Hostname#b33e072a:8081 in_progress parent-flow (satisfied (Path is satisfied), interface: en0[802.11], uses wifi, LQM: unknown)] received child report: [C156.1 Hostname#b33e072a:8081 in_progress resolver (satisfied (Path is satisfied), interface: en0[802.11], uses wifi, LQM: unknown)]
2026-01-28 16:14:34.205 Df NayaVedAI[63826:20fef8] [com.apple.network:connection] [C156.1 Hostname#b33e072a:8081 in_progress resolver (satisfied (Path is satisfied), interface: en0[802.11], uses wifi, LQM: unknown)] event: resolver:receive_dns @0.003s
2026-01-28 16:14:34.205 I  NayaVedAI[63826:20fef8] [com.apple.network:connection] nw_endpoint_resolver_start_next_child [C156.1 Hostname#b33e072a:8081 in_progress resolver (satisfied (Path is satisfied), interface: en0[802.11], uses wifi, LQM: unknown)] starting child endpoint IPv6#9530c712.8081
2026-01-28 16:14:34.205 I  NayaVedAI[63826:20fef8] [com.apple.network:connection] nw_endpoint_handler_start [C156.1.1 IPv6#9530c712.8081 initial path ((null))]
2026-01-28 16:14:34.205 Db NayaVedAI[63826:20fef8] [com.apple.network:connection] nw_endpoint_resolver_receive_report [C156.1 Hostname#b33e072a:8081 in_progress resolver (satisfied (Path is satisfied), interface: en0[802.11], uses wifi, LQM: unknown)] received child report: [C156.1.1 IPv6#9530c712.8081 initial path ((null))]
2026-01-28 16:14:34.206 Db NayaVedAI[63826:20fef8] [com.apple.network:connection] nw_endpoint_flow_receive_report [C156 Hostname#b33e072a:8081 in_progress parent-flow (satisfied (Path is satisfied), interface: en0[802.11], uses wifi, LQM: unknown)] received child report: [C156.1.1 IPv6#9530c712.8081 initial path ((null))]
2026-01-28 16:14:34.206 Df NayaVedAI[63826:20fef8] [com.apple.network:connection] [C156.1.1 IPv6#9530c712.8081 initial path ((null))] event: path:start @0.003s
2026-01-28 16:14:34.206 Db NayaVedAI[63826:20fef8] [com.apple.network:connection] nw_endpoint_handler_path_change [C156.1.1 IPv6#9530c712.8081 waiting path (satisfied (Path is satisfied), interface: lo0)]
2026-01-28 16:14:34.206 Db NayaVedAI[63826:20fef8] [com.apple.network:connection] nw_endpoint_resolver_receive_report [C156.1 Hostname#b33e072a:8081 in_progress resolver (satisfied (Path is satisfied), interface: en0[802.11], uses wifi, LQM: unknown)] received child report: [C156.1.1 IPv6#9530c712.8081 waiting path (satisfied (Path is satisfied), interface: lo0)]
2026-01-28 16:14:34.206 Db NayaVedAI[63826:20fef8] [com.apple.network:connection] nw_endpoint_flow_receive_report [C156 Hostname#b33e072a:8081 in_progress parent-flow (satisfied (Path is satisfied), interface: en0[802.11], uses wifi, LQM: unknown)] received child report: [C156.1.1 IPv6#9530c712.8081 waiting path (satisfied (Path is satisfied), interface: lo0)]
2026-01-28 16:14:34.206 Df NayaVedAI[63826:20fef8] [com.apple.network:connection] [C156.1.1 IPv6#9530c712.8081 waiting path (satisfied (Path is satisfied), interface: lo0)] event: path:satisfied @0.004s, uuid: 2CD0511D-BA02-49C7-824A-BDF60DE324A5
2026-01-28 16:14:34.206 I  NayaVedAI[63826:20fef8] [com.apple.network:connection] nw_association_create_flow <nw_association IPv6#9530c712.8081> Added association flow ID 14D8E9F5-A2C0-463E-91EB-88A86D0D0242
2026-01-28 16:14:34.206 I  NayaVedAI[63826:20fef8] [com.apple.network:connection] nw_endpoint_flow_setup_protocols [C156.1.1 IPv6#9530c712.8081 in_progress socket-flow (satisfied (Path is satisfied), interface: lo0)] setup flow id 14D8E9F5-A2C0-463E-91EB-88A86D0D0242
2026-01-28 16:14:34.206 Db NayaVedAI[63826:20fef8] [com.apple.network:connection] nw_endpoint_flow_attach_protocols [C156.1.1 IPv6#9530c712.8081 in_progress socket-flow (satisfied (Path is satisfied), interface: lo0)]
2026-01-28 16:14:34.206 Db NayaVedAI[63826:20fef8] [com.apple.network:] nw_fd_wrapper_create Created <fd_wrapper 22, guarded: false>
2026-01-28 16:14:34.206 Df NayaVedAI[63826:20fef8] [com.apple.network:connection] nw_socket_initialize_socket [C156.1.1:1] Not guarding fd 22
2026-01-28 16:14:34.206 Db NayaVedAI[63826:20fef8] [com.apple.network:connection] nw_endpoint_flow_attach_protocols [C156.1.1 IPv6#9530c712.8081 in_progress socket-flow (satisfied (Path is satisfied), interface: lo0)] Attached socket protocol
2026-01-28 16:14:34.206 Db NayaVedAI[63826:20fef8] [com.apple.network:connection] nw_endpoint_flow_setup_protocols [C156.1.1 IPv6#9530c712.8081 in_progress socket-flow (satisfied (Path is satisfied), interface: lo0)] leaf flow starting
2026-01-28 16:14:34.206 Db NayaVedAI[63826:20fef8] [com.apple.network:connection] nw_endpoint_resolver_receive_report [C156.1 Hostname#b33e072a:8081 in_progress resolver (satisfied (Path is satisfied), interface: en0[802.11], uses wifi, LQM: unknown)] received child report: [C156.1.1 IPv6#9530c712.8081 in_progress socket-flow (satisfied (Path is satisfied), interface: lo0)]
2026-01-28 16:14:34.206 Db NayaVedAI[63826:20fef8] [com.apple.network:connection] nw_endpoint_flow_receive_report [C156 Hostname#b33e072a:8081 in_progress parent-flow (satisfied (Path is satisfied), interface: en0[802.11], uses wifi, LQM: unknown)] received child report: [C156.1.1 IPv6#9530c712.8081 in_progress socket-flow (satisfied (Path is satisfied), interface: lo0)]
2026-01-28 16:14:34.206 Df NayaVedAI[63826:20fef8] [com.apple.network:connection] [C156.1.1 IPv6#9530c712.8081 in_progress socket-flow (satisfied (Path is satisfied), interface: lo0)] event: flow:start_connect @0.004s
2026-01-28 16:14:34.206 I  NayaVedAI[63826:20fef8] [com.apple.network:connection] nw_endpoint_resolver_start_next_child [C156.1 Hostname#b33e072a:8081 in_progress resolver (satisfied (Path is satisfied), interface: en0[802.11], uses wifi, LQM: unknown)] starting next child endpoint in 100ms
2026-01-28 16:14:34.206 Db NayaVedAI[63826:20fef8] [com.apple.network:connection] nw_socket_handle_socket_event [C156.1.1:1] Event mask: 0x800
2026-01-28 16:14:34.206 Df NayaVedAI[63826:20fef8] [com.apple.network:connection] nw_socket_handle_socket_event [C156.1.1:1] Socket received CONNECTED event
2026-01-28 16:14:34.206 Db NayaVedAI[63826:20fef8] [com.apple.network:connection] nw_socket_setup_notsent_lowat [C156.1.1:1] Set TCP_NOTSENT_LOWAT(16384)
2026-01-28 16:14:34.206 Df NayaVedAI[63826:20fef8] [com.apple.network:connection] nw_flow_connected [C156.1.1 IPv6#9530c712.8081 in_progress socket-flow (satisfied (Path is satisfied), interface: lo0)] Output protocol connected (socket)
2026-01-28 16:14:34.206 Db NayaVedAI[63826:20fef8] [com.apple.network:connection] nw_endpoint_flow_connected_path_change [C156.1.1 IPv6#9530c712.8081 ready socket-flow (satisfied (Path is satisfied), interface: lo0)]
2026-01-28 16:14:34.207 I  NayaVedAI[63826:20fef8] [com.apple.network:connection] nw_endpoint_flow_connected_path_change [C156.1.1 IPv6#9530c712.8081 ready socket-flow (satisfied (Path is satisfied), interface: lo0)] Connected path is satisfied, not viable
2026-01-28 16:14:34.207 Db NayaVedAI[63826:20fef8] [com.apple.network:connection] nw_endpoint_resolver_receive_report [C156.1 Hostname#b33e072a:8081 in_progress resolver (satisfied (Path is satisfied), interface: en0[802.11], uses wifi, LQM: unknown)] received child report: [C156.1.1 IPv6#9530c712.8081 ready socket-flow (satisfied (Path is satisfied), interface: lo0)]
2026-01-28 16:14:34.207 Db NayaVedAI[63826:20fef8] [com.apple.network:connection] nw_endpoint_flow_receive_report [C156 Hostname#b33e072a:8081 in_progress parent-flow (satisfied (Path is satisfied), interface: en0[802.11], uses wifi, LQM: unknown)] received child report: [C156.1.1 IPv6#9530c712.8081 ready socket-flow (satisfied (Path is satisfied), interface: lo0)]
2026-01-28 16:14:34.207 Df NayaVedAI[63826:20fef8] [com.apple.network:connection] [C156.1.1 IPv6#9530c712.8081 ready socket-flow (satisfied (Path is satisfied), interface: lo0)] event: flow:child_finish_connect @0.004s
2026-01-28 16:14:34.207 Db NayaVedAI[63826:20fef8] [com.apple.network:connection] nw_endpoint_flow_receive_report [C156 IPv6#9530c712.8081 in_progress parent-flow (satisfied (Path is satisfied), interface: en0[802.11], uses wifi, LQM: unknown)] connecting endpoint_flow to child's shared protocol
2026-01-28 16:14:34.207 Db NayaVedAI[63826:20fef8] [com.apple.network:connection] nw_endpoint_flow_setup_protocols [C156 IPv6#9530c712.8081 in_progress parent-flow (satisfied (Path is satisfied), interface: en0[802.11], uses wifi, LQM: unknown)] already set up
2026-01-28 16:14:34.207 Db NayaVedAI[63826:20fef8] [com.apple.network:connection] nw_endpoint_flow_setup_protocols [C156 IPv6#9530c712.8081 in_progress parent-flow (satisfied (Path is satisfied), interface: en0[802.11], uses wifi, LQM: unknown)] child flow connected, starting
2026-01-28 16:14:34.207 Db NayaVedAI[63826:20fef8] [com.apple.network:connection] nw_endpoint_flow_setup_protocols [C156 IPv6#9530c712.8081 in_progress parent-flow (satisfied (Path is satisfied), interface: en0[802.11], uses wifi, LQM: unknown)] already started
2026-01-28 16:14:34.207 Db NayaVedAI[63826:20fef8] [com.apple.network:connection] nw_endpoint_flow_receive_report [C156 IPv6#9530c712.8081 in_progress parent-flow (satisfied (Path is satisfied), interface: en0[802.11], uses wifi, LQM: unknown)] received child report: [C156.1 Hostname#b33e072a:8081 ready resolver (satisfied (Path is satisfied), interface: en0[802.11], uses wifi, LQM: unknown)]
2026-01-28 16:14:34.207 Df NayaVedAI[63826:20fef8] [com.apple.network:connection] [C156.1 Hostname#b33e072a:8081 ready resolver (satisfied (Path is satisfied), interface: en0[802.11], uses wifi, LQM: unknown)] event: flow:child_finish_connect @0.005s
2026-01-28 16:14:34.207 I  NayaVedAI[63826:20fef8] [com.apple.network:connection] nw_endpoint_handler_cancel [C156.1.2 IPv4#eafe643d:8081 initial path ((null))]
2026-01-28 16:14:34.207 Df NayaVedAI[63826:20fef8] [com.apple.network:connection] nw_flow_connected [C156 IPv6#9530c712.8081 in_progress parent-flow (satisfied (Path is satisfied), interface: en0[802.11], uses wifi, LQM: unknown)] Output protocol connected (endpoint_flow)
2026-01-28 16:14:34.207 Db NayaVedAI[63826:20fef8] [com.apple.network:connection] nw_endpoint_flow_connected_path_change [C156 IPv6#9530c712.8081 ready parent-flow (satisfied (Path is satisfied), interface: en0[802.11], uses wifi, LQM: unknown)]
2026-01-28 16:14:34.207 I  NayaVedAI[63826:20fef8] [com.apple.network:connection] nw_endpoint_flow_connected_path_change [C156 IPv6#9530c712.8081 ready parent-flow (satisfied (Path is satisfied), interface: en0[802.11], uses wifi, LQM: unknown)] Connected path is satisfied, child is not viable
2026-01-28 16:14:34.207 Df NayaVedAI[63826:20fef8] [com.apple.network:connection] [C156 IPv6#9530c712.8081 ready parent-flow (satisfied (Path is satisfied), interface: en0[802.11], uses wifi, LQM: unknown)] event: flow:finish_connect @0.005s
2026-01-28 16:14:34.207 Db NayaVedAI[63826:20fef8] [com.apple.network:connection] nw_connection_run_pqtls_probe_locked_on_nw_queue [C156] No TLS metadata; not running PQ-TLS probe
2026-01-28 16:14:34.207 Db NayaVedAI[63826:20fef8] [com.apple.network:connection] nw_connection_run_ech_probe_locked_on_nw_queue [C156] stack doesn't include TLS; not running ECH probe
2026-01-28 16:14:34.207 Db NayaVedAI[63826:20fef8] [com.apple.network:connection] nw_connection_endpoint_report_on_nw_queue_block_invoke [C156] Connected fallback generation 0
2026-01-28 16:14:34.207 I  NayaVedAI[63826:20fef8] [com.apple.network:connection] nw_connection_start_candidate_manager_if_needed_locked [C156] Checking whether to start candidate manager
2026-01-28 16:14:34.207 Db NayaVedAI[63826:20fef8] [com.apple.network:connection] nw_connection_start_candidate_manager_if_needed_locked [C156] Connection does not support multipath, not starting candidate manager
2026-01-28 16:14:34.207 Df NayaVedAI[63826:20fef8] [com.apple.network:connection] nw_connection_report_state_with_handler_on_nw_queue [C156] reporting state ready
2026-01-28 16:14:34.207 Db NayaVedAI[63826:20fb26] [com.apple.network:] tcp_connection_start_block_invoke 156 sending event TCP_CONNECTION_EVENT_CONNECTED in response to state ready and error (null)
2026-01-28 16:14:34.207 Db NayaVedAI[63826:20fb26] [com.apple.network:] tcp_connection_fillout_event_locked 156 event: TCP_CONNECTION_EVENT_CONNECTED, reason: nw_connection event, should deliver: true
2026-01-28 16:14:34.207 Db NayaVedAI[63826:20fb26] [com.apple.network:] tcp_connection_get_statistics DNS: 3ms/3ms since start, TCP: 0ms/0ms since start, TLS: 0ms/0ms since start
2026-01-28 16:14:34.207 Df NayaVedAI[63826:20fb26] [com.apple.CFNetwork:Default] TCP Conn 0x600003313700 event 1. err: 0
2026-01-28 16:14:34.207 Db NayaVedAI[63826:20fb26] [com.apple.network:] tcp_connection_get_socket 156 dupfd: 23, takeownership: true
2026-01-28 16:14:34.207 Df NayaVedAI[63826:20fb26] [com.apple.CFNetwork:Default] TCP Conn 0x600003313700 complete. fd: 23, err: 0
2026-01-28 16:14:34.300 I  NayaVedAI[63826:20fabf] [com.apple.Accessibility:AXRuntimeNotifications] Attempting to send notification:  (1018) <private>
2026-01-28 16:14:34.300 I  NayaVedAI[63826:20fabf] [com.apple.Accessibility:AXRuntimeNotifications] Did post notification. notification:  (1018) error:0 data:<private>
2026-01-28 16:14:34.306 Df NayaVedAI[63826:20fef8] [com.apple.CFNetwork:Default] Task <EF3F208B-2622-46FD-AF9A-44BF79A05B5D>.<1> resuming, timeouts(60.0, 604800.0) qos(0x19) voucher((null)) activity(00000000-0000-0000-0000-000000000000)
2026-01-28 16:14:34.306 Db NayaVedAI[63826:20fef8] [com.apple.network:activity] Returning should log: 0 for activity cfnetwork:foreground_task
2026-01-28 16:14:34.307 Db NayaVedAI[63826:20fef8] [com.apple.network:activity] Domain cfnetwork rate configured in registry as 1 / 20000
2026-01-28 16:14:34.307 Db NayaVedAI[63826:20fef8] [com.apple.network:activity] Domain cfnetwork rate configured after remote default override as 1 / 20000
2026-01-28 16:14:34.307 Db NayaVedAI[63826:20fef8] [com.apple.network:activity] After reading settings plist, domain cfnetwork rate configured as 1 / 2000000
2026-01-28 16:14:34.307 Db NayaVedAI[63826:20fef8] [com.apple.network:activity] After settings override, domain cfnetwork rate configured as 1 / 2000000
2026-01-28 16:14:34.307 Db NayaVedAI[63826:20fef8] [com.apple.network:activity] Final domain cfnetwork rate configured as 1 / 2000000
2026-01-28 16:14:34.307 Db NayaVedAI[63826:20fef8] [com.apple.network:activity] <nw_activity 12:2 [No UUID] (reporting strategy default)> sampled at 1 / 2000000
2026-01-28 16:14:34.307 Db NayaVedAI[63826:20fef8] [com.apple.network:activity] Returning should log: 0 for activity cfnetwork:foreground_task
2026-01-28 16:14:34.307 Db NayaVedAI[63826:20fef8] [com.apple.network:activity] Returning should log: 0 for activity cfnetwork:foreground_task
2026-01-28 16:14:34.307 Db NayaVedAI[63826:20fef8] [com.apple.CFNetwork:Default] [Telemetry]: Activity <nw_activity 12:2 [B01463A6-9C66-49E8-9B8E-FE71402C46CF] (reporting strategy default)> on Task <EF3F208B-2622-46FD-AF9A-44BF79A05B5D>.<1> was not selected for reporting
2026-01-28 16:14:34.307 Db NayaVedAI[63826:20fef8] [com.apple.CFNetwork:ATS] Uploading ATS exception ATSAllowsLocalNetworking
2026-01-28 16:14:34.307 A  NayaVedAI[63826:20fb26] (Security) SecTrustReportNetworkingAnalytics
2026-01-28 16:14:34.307 I  NayaVedAI[63826:20fef8] [com.apple.network:connection] nw_connection_create_with_id [C157] create connection to Hostname#b33e072a:8081
2026-01-28 16:14:34.307 Df NayaVedAI[63826:20fef8] [com.apple.CFNetwork:Default] Connection 157: starting, TC(0x0)
2026-01-28 16:14:34.307 Df NayaVedAI[63826:20fef8] [com.apple.network:connection] [C157 CBA93398-18F1-44D7-BF04-2B49843DB7D6 Hostname#b33e072a:8081 tcp, url: http://localhost:8081/assets/, definite, attribution: developer, context: com.apple.CFNetwork.NSURLSession.{70C724B6-AE43-4004-A91B-012C1242147F}{(null)}{Y}{2}{0x0} (private), proc: 63B02D91-D502-3FF5-9842-92830ECC12FF, delegated upid: 0] start
2026-01-28 16:14:34.307 I  NayaVedAI[63826:20fef8] [com.apple.network:connection] nw_endpoint_handler_start [C157 Hostname#b33e072a:8081 initial parent-flow ((null))]
2026-01-28 16:14:34.307 Df NayaVedAI[63826:20fef8] [com.apple.network:connection] [C157 Hostname#b33e072a:8081 initial parent-flow ((null))] event: path:start @0.000s
2026-01-28 16:14:34.307 Db NayaVedAI[63826:20fef8] [com.apple.network:connection] nw_endpoint_handler_path_change [C157 Hostname#b33e072a:8081 waiting parent-flow (satisfied (Path is satisfied), interface: en0[802.11], uses wifi, LQM: unknown)]
2026-01-28 16:14:34.307 Df NayaVedAI[63826:20fb26] [com.apple.securityd:SecError] SecTrustReportNetworkingAnalytics failed with error: -4
2026-01-28 16:14:34.307 Db NayaVedAI[63826:20fef8] [com.apple.networkextension:] ne_tracker_check_is_hostname_blocked() proceeding with the in_the_app check for hostname: localhost
2026-01-28 16:14:34.308 Db NayaVedAI[63826:20fef8] [com.apple.CFBundle:resources] Resource lookup at CFBundle 0x600003b10000 </Users/shivi.agarwal/Library/Developer/CoreSimulator/Devices/AC7E343F-585F-430E-B17D-BDD649803605/data/Containers/Bundle/Application/526E8406-59B6-4C05-9D18-38A7EF2F46C7/NayaVedAI.app> (executable, loaded)
	Request       : InfoPlist type: strings
	Result        : None
2026-01-28 16:14:34.308 Db NayaVedAI[63826:20fef8] [com.apple.CFBundle:resources] Resource lookup at CFBundle 0x600003b10000 </Users/shivi.agarwal/Library/Developer/CoreSimulator/Devices/AC7E343F-585F-430E-B17D-BDD649803605/data/Containers/Bundle/Application/526E8406-59B6-4C05-9D18-38A7EF2F46C7/NayaVedAI.app> (executable, loaded)
	Request       : InfoPlist type: stringsdict
	Result        : None
2026-01-28 16:14:34.308 Db NayaVedAI[63826:20fef8] [com.apple.networkextension:] ne_tracker_check_is_hostname_blocked(): hostname localhost is not a tracker. Returning: ne_tracker_status_none
2026-01-28 16:14:34.308 Df NayaVedAI[63826:20fef8] [com.apple.network:connection] [C157 Hostname#b33e072a:8081 waiting parent-flow (satisfied (Path is satisfied), interface: en0[802.11], uses wifi, LQM: unknown)] event: path:satisfied @0.000s, uuid: 60A05F87-176E-4C73-B362-811A64A0B307
2026-01-28 16:14:34.308 I  NayaVedAI[63826:20fef8] [com.apple.network:connection] nw_connection_endpoint_report_on_nw_queue_block_invoke [C157 Hostname#b33e072a:8081 waiting parent-flow (satisfied (Path is satisfied), interface: en0[802.11], uses wifi, LQM: unknown)] skipping state update
2026-01-28 16:14:34.308 Db NayaVedAI[63826:20fef8] [com.apple.network:] nw_endpoint_proxy_handler_should_use_proxy Looking up proxy for hostname: localhost, ifindex: 0
2026-01-28 16:14:34.308 Db NayaVedAI[63826:20fef8] [com.apple.SystemConfiguration:SCPreferences] create <SCPreferences 0x1088bf110 [0x1e578fa80]> {name = SCDynamicStoreCopyProxiesWithOptions, id = /Library/Managed Preferences/mobile/com.apple.SystemConfiguration.plist, path = /Library/Managed Preferences/mobile/com.apple.SystemConfiguration.plist}
2026-01-28 16:14:34.308 Db NayaVedAI[63826:20fef8] [com.apple.SystemConfiguration:SCPreferences] SCPreferences() access: /Library/Managed Preferences/mobile/com.apple.SystemConfiguration.plist, size=0
2026-01-28 16:14:34.308 Db NayaVedAI[63826:20fef8] [com.apple.SystemConfiguration:SCPreferences] release <SCPreferences 0x1088bf110 [0x1e578fa80]> {name = SCDynamicStoreCopyProxiesWithOptions, id = /Library/Managed Preferences/mobile/com.apple.SystemConfiguration.plist, path = /Library/Managed Preferences/mobile/com.apple.SystemConfiguration.plist, accessed}
2026-01-28 16:14:34.308 Db NayaVedAI[63826:20fef8] [com.apple.network:connection] nw_endpoint_flow_attach_protocols [C157 Hostname#b33e072a:8081 in_progress parent-flow (satisfied (Path is satisfied), interface: en0[802.11], uses wifi, LQM: unknown)]
2026-01-28 16:14:34.308 Db NayaVedAI[63826:20fef8] [com.apple.network:connection] nw_endpoint_flow_attach_protocols [C157 Hostname#b33e072a:8081 in_progress parent-flow (satisfied (Path is satisfied), interface: en0[802.11], uses wifi, LQM: unknown)] stopping after adding persistent application protocols
2026-01-28 16:14:34.308 Db NayaVedAI[63826:20fef8] [com.apple.network:connection] nw_endpoint_flow_setup_protocols [C157 Hostname#b33e072a:8081 in_progress parent-flow (satisfied (Path is satisfied), interface: en0[802.11], uses wifi, LQM: unknown)] persistent protocol stack, starting
2026-01-28 16:14:34.308 Df NayaVedAI[63826:20fef8] [com.apple.network:connection] [C157 Hostname#b33e072a:8081 in_progress parent-flow (satisfied (Path is satisfied), interface: en0[802.11], uses wifi, LQM: unknown)] event: flow:start_connect @0.000s
2026-01-28 16:14:34.308 Df NayaVedAI[63826:20fef8] [com.apple.network:connection] nw_connection_report_state_with_handler_on_nw_queue [C157] reporting state preparing
2026-01-28 16:14:34.308 I  NayaVedAI[63826:20fef8] [com.apple.network:connection] nw_endpoint_flow_connect [C157 Hostname#b33e072a:8081 in_progress parent-flow (satisfied (Path is satisfied), interface: en0[802.11], uses wifi, LQM: unknown)] connect bottom protocol
2026-01-28 16:14:34.308 Db NayaVedAI[63826:20fef8] [com.apple.network:connection] nw_endpoint_flow_start_child [C157 Hostname#b33e072a:8081 in_progress parent-flow (satisfied (Path is satisfied), interface: en0[802.11], uses wifi, LQM: unknown)] creating and starting child handler
2026-01-28 16:14:34.308 Db NayaVedAI[63826:20fef8] [com.apple.network:] nw_endpoint_proxy_handler_should_use_proxy Looking up proxy for hostname: localhost, ifindex: 0
2026-01-28 16:14:34.308 Db NayaVedAI[63826:20fef8] [com.apple.SystemConfiguration:SCPreferences] create <SCPreferences 0x1088bf110 [0x1e578fa80]> {name = SCDynamicStoreCopyProxiesWithOptions, id = /Library/Managed Preferences/mobile/com.apple.SystemConfiguration.plist, path = /Library/Managed Preferences/mobile/com.apple.SystemConfiguration.plist}
2026-01-28 16:14:34.308 Db NayaVedAI[63826:20fef8] [com.apple.SystemConfiguration:SCPreferences] SCPreferences() access: /Library/Managed Preferences/mobile/com.apple.SystemConfiguration.plist, size=0
2026-01-28 16:14:34.308 Db NayaVedAI[63826:20fef8] [com.apple.SystemConfiguration:SCPreferences] release <SCPreferences 0x1088bf110 [0x1e578fa80]> {name = SCDynamicStoreCopyProxiesWithOptions, id = /Library/Managed Preferences/mobile/com.apple.SystemConfiguration.plist, path = /Library/Managed Preferences/mobile/com.apple.SystemConfiguration.plist, accessed}
2026-01-28 16:14:34.308 Df NayaVedAI[63826:20fef8] [com.apple.network:connection] [C157 Hostname#b33e072a:8081 in_progress parent-flow (satisfied (Path is satisfied), interface: en0[802.11], uses wifi, LQM: unknown)] event: flow:start_child @0.000s
2026-01-28 16:14:34.308 I  NayaVedAI[63826:20fef8] [com.apple.network:connection] nw_endpoint_handler_start [C157.1 Hostname#b33e072a:8081 initial path ((null))]
2026-01-28 16:14:34.308 Db NayaVedAI[63826:20fef8] [com.apple.network:connection] nw_endpoint_flow_receive_report [C157 Hostname#b33e072a:8081 in_progress parent-flow (satisfied (Path is satisfied), interface: en0[802.11], uses wifi, LQM: unknown)] received child report: [C157.1 Hostname#b33e072a:8081 initial path ((null))]
2026-01-28 16:14:34.308 Df NayaVedAI[63826:20fef8] [com.apple.network:connection] [C157.1 Hostname#b33e072a:8081 initial path ((null))] event: path:start @0.001s
2026-01-28 16:14:34.308 Db NayaVedAI[63826:20fef8] [com.apple.network:connection] nw_endpoint_handler_path_change [C157.1 Hostname#b33e072a:8081 waiting path (satisfied (Path is satisfied), interface: en0[802.11], uses wifi, LQM: unknown)]
2026-01-28 16:14:34.308 Db NayaVedAI[63826:20fef8] [com.apple.networkextension:] ne_tracker_check_is_hostname_blocked() proceeding with the in_the_app check for hostname: localhost
2026-01-28 16:14:34.308 Db NayaVedAI[63826:20fef8] [com.apple.CFBundle:resources] Resource lookup at CFBundle 0x600003b10000 </Users/shivi.agarwal/Library/Developer/CoreSimulator/Devices/AC7E343F-585F-430E-B17D-BDD649803605/data/Containers/Bundle/Application/526E8406-59B6-4C05-9D18-38A7EF2F46C7/NayaVedAI.app> (executable, loaded)
	Request       : InfoPlist type: strings
	Result        : None
2026-01-28 16:14:34.308 Db NayaVedAI[63826:20fef8] [com.apple.CFBundle:resources] Resource lookup at CFBundle 0x600003b10000 </Users/shivi.agarwal/Library/Developer/CoreSimulator/Devices/AC7E343F-585F-430E-B17D-BDD649803605/data/Containers/Bundle/Application/526E8406-59B6-4C05-9D18-38A7EF2F46C7/NayaVedAI.app> (executable, loaded)
	Request       : InfoPlist type: stringsdict
	Result        : None
2026-01-28 16:14:34.308 Db NayaVedAI[63826:20fef8] [com.apple.networkextension:] ne_tracker_check_is_hostname_blocked(): hostname localhost is not a tracker. Returning: ne_tracker_status_none
2026-01-28 16:14:34.308 Db NayaVedAI[63826:20fef8] [com.apple.network:connection] nw_endpoint_flow_receive_report [C157 Hostname#b33e072a:8081 in_progress parent-flow (satisfied (Path is satisfied), interface: en0[802.11], uses wifi, LQM: unknown)] received child report: [C157.1 Hostname#b33e072a:8081 waiting path (satisfied (Path is satisfied), interface: en0[802.11], uses wifi, LQM: unknown)]
2026-01-28 16:14:34.308 Df NayaVedAI[63826:20fef8] [com.apple.network:connection] [C157.1 Hostname#b33e072a:8081 waiting path (satisfied (Path is satisfied), interface: en0[802.11], uses wifi, LQM: unknown)] event: path:satisfied @0.001s, uuid: 60A05F87-176E-4C73-B362-811A64A0B307
2026-01-28 16:14:34.308 Db NayaVedAI[63826:20fef8] [com.apple.network:] nw_endpoint_proxy_handler_should_use_proxy Looking up proxy for hostname: localhost, ifindex: 0
2026-01-28 16:14:34.308 Db NayaVedAI[63826:20fef8] [com.apple.SystemConfiguration:SCPreferences] create <SCPreferences 0x10bbffe90 [0x1e578fa80]> {name = SCDynamicStoreCopyProxiesWithOptions, id = /Library/Managed Preferences/mobile/com.apple.SystemConfiguration.plist, path = /Library/Managed Preferences/mobile/com.apple.SystemConfiguration.plist}
2026-01-28 16:14:34.308 Db NayaVedAI[63826:20fef8] [com.apple.SystemConfiguration:SCPreferences] SCPreferences() access: /Library/Managed Preferences/mobile/com.apple.SystemConfiguration.plist, size=0
2026-01-28 16:14:34.309 Db NayaVedAI[63826:20fef8] [com.apple.SystemConfiguration:SCPreferences] release <SCPreferences 0x10bbffe90 [0x1e578fa80]> {name = SCDynamicStoreCopyProxiesWithOptions, id = /Library/Managed Preferences/mobile/com.apple.SystemConfiguration.plist, path = /Library/Managed Preferences/mobile/com.apple.SystemConfiguration.plist, accessed}
2026-01-28 16:14:34.309 Db NayaVedAI[63826:20fef8] [com.apple.network:connection] -[NWConcrete_nw_endpoint_resolver startWithHandler:] [C157.1 Hostname#b33e072a:8081 waiting resolver (satisfied (Path is satisfied), interface: en0[802.11], uses wifi, LQM: unknown)]
2026-01-28 16:14:34.309 Db NayaVedAI[63826:20fef8] [com.apple.network:connection] nw_endpoint_flow_receive_report [C157 Hostname#b33e072a:8081 in_progress parent-flow (satisfied (Path is satisfied), interface: en0[802.11], uses wifi, LQM: unknown)] received child report: [C157.1 Hostname#b33e072a:8081 in_progress resolver (satisfied (Path is satisfied), interface: en0[802.11], uses wifi, LQM: unknown)]
2026-01-28 16:14:34.309 Df NayaVedAI[63826:20fef8] [com.apple.network:connection] [C157.1 Hostname#b33e072a:8081 in_progress resolver (satisfied (Path is satisfied), interface: en0[802.11], uses wifi, LQM: unknown)] event: resolver:start_dns @0.001s
2026-01-28 16:14:34.309 Db NayaVedAI[63826:20fef8] [com.apple.networkextension:] ne_tracker_check_is_hostname_blocked() proceeding with the in_the_app check for hostname: localhost
2026-01-28 16:14:34.309 Db NayaVedAI[63826:20fef8] [com.apple.CFBundle:resources] Resource lookup at CFBundle 0x600003b10000 </Users/shivi.agarwal/Library/Developer/CoreSimulator/Devices/AC7E343F-585F-430E-B17D-BDD649803605/data/Containers/Bundle/Application/526E8406-59B6-4C05-9D18-38A7EF2F46C7/NayaVedAI.app> (executable, loaded)
	Request       : InfoPlist type: strings
	Result        : None
2026-01-28 16:14:34.309 Db NayaVedAI[63826:20fef8] [com.apple.CFBundle:resources] Resource lookup at CFBundle 0x600003b10000 </Users/shivi.agarwal/Library/Developer/CoreSimulator/Devices/AC7E343F-585F-430E-B17D-BDD649803605/data/Containers/Bundle/Application/526E8406-59B6-4C05-9D18-38A7EF2F46C7/NayaVedAI.app> (executable, loaded)
	Request       : InfoPlist type: stringsdict
	Result        : None
2026-01-28 16:14:34.309 Db NayaVedAI[63826:20fef8] [com.apple.networkextension:] ne_tracker_check_is_hostname_blocked(): hostname localhost is not a tracker. Returning: ne_tracker_status_none
2026-01-28 16:14:34.309 I  NayaVedAI[63826:20fef8] [com.apple.network:connection] nw_resolver_create_dns_service_locked [C157.1] Starting host resolution Hostname#b33e072a:8081, flags 0xc000d000 proto 0
2026-01-28 16:14:34.309 Df NayaVedAI[63826:20fef8] [com.apple.CFNetwork:Default] Task <EF3F208B-2622-46FD-AF9A-44BF79A05B5D>.<1> setting up Connection 157
2026-01-28 16:14:34.309 Db NayaVedAI[63826:20fef8] [com.apple.network:activity] Returning should log: 0 for activity cfnetwork:foreground_task
2026-01-28 16:14:34.309 I  NayaVedAI[63826:20fef8] [com.apple.network:connection] nw_resolver_host_resolve_callback [C157.1] flags=0x40000003 ifindex=4294967295 error=NoError(0) hostname=localhost. addr=IPv6#42e9e5e9 ttl=1
2026-01-28 16:14:34.309 I  NayaVedAI[63826:20fef8] [com.apple.network:connection] nw_resolver_host_resolve_callback [C157.1] flags=0x40000002 ifindex=4294967295 error=NoError(0) hostname=localhost. addr=IPv4#075c8fe9 ttl=1
2026-01-28 16:14:34.309 Db NayaVedAI[63826:20fef8] [com.apple.network:] sa_dst_compare_rfc6724 Rule 6, prefer d2, d2 precedence 50 > d1 precedence 35
2026-01-28 16:14:34.309 Db NayaVedAI[63826:20fef8] [com.apple.network:] sa_dst_compare_internal <private>@0 < <private>@0
2026-01-28 16:14:34.309 Db NayaVedAI[63826:20fef8] [com.apple.network:connection] nw_endpoint_resolver_update [C157.1 Hostname#b33e072a:8081 in_progress resolver (satisfied (Path is satisfied), interface: en0[802.11], uses wifi, LQM: unknown)] resolver is complete
2026-01-28 16:14:34.309 Df NayaVedAI[63826:20fef8] [com.apple.network:connection] nw_endpoint_resolver_update [C157.1 Hostname#b33e072a:8081 in_progress resolver (satisfied (Path is satisfied), interface: en0[802.11], uses wifi, LQM: unknown)] Adding endpoint handler for IPv6#9530c712.8081
2026-01-28 16:14:34.309 Df NayaVedAI[63826:20fef8] [com.apple.network:connection] nw_endpoint_resolver_update [C157.1 Hostname#b33e072a:8081 in_progress resolver (satisfied (Path is satisfied), interface: en0[802.11], uses wifi, LQM: unknown)] Adding endpoint handler for IPv4#eafe643d:8081
2026-01-28 16:14:34.309 Db NayaVedAI[63826:20fef8] [com.apple.network:connection] nw_endpoint_resolver_update [C157.1 Hostname#b33e072a:8081 in_progress resolver (satisfied (Path is satisfied), interface: en0[802.11], uses wifi, LQM: unknown)] Updated endpoint list is (IPv6#9530c712.8081,IPv4#eafe643d:8081)
2026-01-28 16:14:34.309 Db NayaVedAI[63826:20fef8] [com.apple.network:connection] nw_endpoint_flow_receive_report [C157 Hostname#b33e072a:8081 in_progress parent-flow (satisfied (Path is satisfied), interface: en0[802.11], uses wifi, LQM: unknown)] received child report: [C157.1 Hostname#b33e072a:8081 in_progress resolver (satisfied (Path is satisfied), interface: en0[802.11], uses wifi, LQM: unknown)]
2026-01-28 16:14:34.309 Df NayaVedAI[63826:20fef8] [com.apple.network:connection] [C157.1 Hostname#b33e072a:8081 in_progress resolver (satisfied (Path is satisfied), interface: en0[802.11], uses wifi, LQM: unknown)] event: resolver:receive_dns @0.002s
2026-01-28 16:14:34.309 I  NayaVedAI[63826:20fef8] [com.apple.network:connection] nw_endpoint_resolver_start_next_child [C157.1 Hostname#b33e072a:8081 in_progress resolver (satisfied (Path is satisfied), interface: en0[802.11], uses wifi, LQM: unknown)] starting child endpoint IPv6#9530c712.8081
2026-01-28 16:14:34.309 I  NayaVedAI[63826:20fef8] [com.apple.network:connection] nw_endpoint_handler_start [C157.1.1 IPv6#9530c712.8081 initial path ((null))]
2026-01-28 16:14:34.309 Db NayaVedAI[63826:20fef8] [com.apple.network:connection] nw_endpoint_resolver_receive_report [C157.1 Hostname#b33e072a:8081 in_progress resolver (satisfied (Path is satisfied), interface: en0[802.11], uses wifi, LQM: unknown)] received child report: [C157.1.1 IPv6#9530c712.8081 initial path ((null))]
2026-01-28 16:14:34.310 Db NayaVedAI[63826:20fef8] [com.apple.network:connection] nw_endpoint_flow_receive_report [C157 Hostname#b33e072a:8081 in_progress parent-flow (satisfied (Path is satisfied), interface: en0[802.11], uses wifi, LQM: unknown)] received child report: [C157.1.1 IPv6#9530c712.8081 initial path ((null))]
2026-01-28 16:14:34.310 Df NayaVedAI[63826:20fef8] [com.apple.network:connection] [C157.1.1 IPv6#9530c712.8081 initial path ((null))] event: path:start @0.002s
2026-01-28 16:14:34.310 Db NayaVedAI[63826:20fef8] [com.apple.network:connection] nw_endpoint_handler_path_change [C157.1.1 IPv6#9530c712.8081 waiting path (satisfied (Path is satisfied), interface: lo0)]
2026-01-28 16:14:34.310 Db NayaVedAI[63826:20fef8] [com.apple.network:connection] nw_endpoint_resolver_receive_report [C157.1 Hostname#b33e072a:8081 in_progress resolver (satisfied (Path is satisfied), interface: en0[802.11], uses wifi, LQM: unknown)] received child report: [C157.1.1 IPv6#9530c712.8081 waiting path (satisfied (Path is satisfied), interface: lo0)]
2026-01-28 16:14:34.310 Db NayaVedAI[63826:20fef8] [com.apple.network:connection] nw_endpoint_flow_receive_report [C157 Hostname#b33e072a:8081 in_progress parent-flow (satisfied (Path is satisfied), interface: en0[802.11], uses wifi, LQM: unknown)] received child report: [C157.1.1 IPv6#9530c712.8081 waiting path (satisfied (Path is satisfied), interface: lo0)]
2026-01-28 16:14:34.310 Df NayaVedAI[63826:20fef8] [com.apple.network:connection] [C157.1.1 IPv6#9530c712.8081 waiting path (satisfied (Path is satisfied), interface: lo0)] event: path:satisfied @0.002s, uuid: 92A7E95F-39FB-434F-B27C-2504F2670296
2026-01-28 16:14:34.310 Db NayaVedAI[63826:20fef8] [com.apple.network:] nw_endpoint_proxy_handler_should_use_proxy Looking up proxy for hostname: <nil>, ifindex: 0
2026-01-28 16:14:34.310 Db NayaVedAI[63826:20fef8] [com.apple.SystemConfiguration:SCPreferences] create <SCPreferences 0x10889dd60 [0x1e578fa80]> {name = SCDynamicStoreCopyProxiesWithOptions, id = /Library/Managed Preferences/mobile/com.apple.SystemConfiguration.plist, path = /Library/Managed Preferences/mobile/com.apple.SystemConfiguration.plist}
2026-01-28 16:14:34.310 Db NayaVedAI[63826:20fef8] [com.apple.SystemConfiguration:SCPreferences] SCPreferences() access: /Library/Managed Preferences/mobile/com.apple.SystemConfiguration.plist, size=0
2026-01-28 16:14:34.310 Db NayaVedAI[63826:20fef8] [com.apple.SystemConfiguration:SCPreferences] release <SCPreferences 0x10889dd60 [0x1e578fa80]> {name = SCDynamicStoreCopyProxiesWithOptions, id = /Library/Managed Preferences/mobile/com.apple.SystemConfiguration.plist, path = /Library/Managed Preferences/mobile/com.apple.SystemConfiguration.plist, accessed}
2026-01-28 16:14:34.310 I  NayaVedAI[63826:20fef8] [com.apple.network:connection] nw_association_create_flow <nw_association IPv6#9530c712.8081> Added association flow ID 07F6734C-C82C-4718-B260-DF0E843D0D27
2026-01-28 16:14:34.310 I  NayaVedAI[63826:20fef8] [com.apple.network:connection] nw_endpoint_flow_setup_protocols [C157.1.1 IPv6#9530c712.8081 in_progress socket-flow (satisfied (Path is satisfied), interface: lo0)] setup flow id 07F6734C-C82C-4718-B260-DF0E843D0D27
2026-01-28 16:14:34.310 Db NayaVedAI[63826:20fef8] [com.apple.network:connection] nw_endpoint_flow_attach_protocols [C157.1.1 IPv6#9530c712.8081 in_progress socket-flow (satisfied (Path is satisfied), interface: lo0)]
2026-01-28 16:14:34.310 Db NayaVedAI[63826:20fef8] [com.apple.network:connection] nw_endpoint_flow_attach_protocols_block_invoke [C157.1.1 IPv6#9530c712.8081 in_progress socket-flow (satisfied (Path is satisfied), interface: lo0)] Attached application protocol: CFNetworkConnection-1110212295
2026-01-28 16:14:34.310 Db NayaVedAI[63826:20fef8] [com.apple.network:] nw_fd_wrapper_create Created <fd_wrapper 24, guarded: false>
2026-01-28 16:14:34.310 Db NayaVedAI[63826:20fef8] [com.apple.network:connection] nw_endpoint_flow_attach_protocols [C157.1.1 IPv6#9530c712.8081 in_progress socket-flow (satisfied (Path is satisfied), interface: lo0)] Attached socket protocol
2026-01-28 16:14:34.310 Db NayaVedAI[63826:20fef8] [com.apple.network:connection] nw_endpoint_flow_setup_protocols [C157.1.1 IPv6#9530c712.8081 in_progress socket-flow (satisfied (Path is satisfied), interface: lo0)] leaf flow starting
2026-01-28 16:14:34.310 Db NayaVedAI[63826:20fef8] [com.apple.network:connection] nw_endpoint_resolver_receive_report [C157.1 Hostname#b33e072a:8081 in_progress resolver (satisfied (Path is satisfied), interface: en0[802.11], uses wifi, LQM: unknown)] received child report: [C157.1.1 IPv6#9530c712.8081 in_progress socket-flow (satisfied (Path is satisfied), interface: lo0)]
2026-01-28 16:14:34.310 Db NayaVedAI[63826:20fef8] [com.apple.network:connection] nw_endpoint_flow_receive_report [C157 Hostname#b33e072a:8081 in_progress parent-flow (satisfied (Path is satisfied), interface: en0[802.11], uses wifi, LQM: unknown)] received child report: [C157.1.1 IPv6#9530c712.8081 in_progress socket-flow (satisfied (Path is satisfied), interface: lo0)]
2026-01-28 16:14:34.310 Df NayaVedAI[63826:20fef8] [com.apple.network:connection] [C157.1.1 IPv6#9530c712.8081 in_progress socket-flow (satisfied (Path is satisfied), interface: lo0)] event: flow:start_connect @0.002s
2026-01-28 16:14:34.310 I  NayaVedAI[63826:20fef8] [com.apple.network:connection] nw_endpoint_resolver_start_next_child [C157.1 Hostname#b33e072a:8081 in_progress resolver (satisfied (Path is satisfied), interface: en0[802.11], uses wifi, LQM: unknown)] starting next child endpoint in 100ms
2026-01-28 16:14:34.310 Db NayaVedAI[63826:20fef8] [com.apple.network:connection] nw_socket_handle_socket_event [C157.1.1:2] Event mask: 0x800
2026-01-28 16:14:34.310 Df NayaVedAI[63826:20fef8] [com.apple.network:connection] nw_socket_handle_socket_event [C157.1.1:2] Socket received CONNECTED event
2026-01-28 16:14:34.310 Db NayaVedAI[63826:20fef8] [com.apple.network:connection] nw_socket_setup_notsent_lowat [C157.1.1:2] Set TCP_NOTSENT_LOWAT(16384)
2026-01-28 16:14:34.310 Df NayaVedAI[63826:20fef8] [com.apple.network:connection] nw_flow_connected [C157.1.1 IPv6#9530c712.8081 in_progress socket-flow (satisfied (Path is satisfied), interface: lo0)] Transport protocol connected (socket)
2026-01-28 16:14:34.311 Db NayaVedAI[63826:20fef8] [com.apple.network:connection] nw_endpoint_resolver_receive_report [C157.1 Hostname#b33e072a:8081 in_progress resolver (satisfied (Path is satisfied), interface: en0[802.11], uses wifi, LQM: unknown)] received child report: [C157.1.1 IPv6#9530c712.8081 in_progress socket-flow (satisfied (Path is satisfied), interface: lo0)]
2026-01-28 16:14:34.311 Db NayaVedAI[63826:20fef8] [com.apple.network:connection] nw_endpoint_flow_receive_report [C157 Hostname#b33e072a:8081 in_progress parent-flow (satisfied (Path is satisfied), interface: en0[802.11], uses wifi, LQM: unknown)] received child report: [C157.1.1 IPv6#9530c712.8081 in_progress socket-flow (satisfied (Path is satisfied), interface: lo0)]
2026-01-28 16:14:34.311 Df NayaVedAI[63826:20fef8] [com.apple.network:connection] [C157.1.1 IPv6#9530c712.8081 in_progress socket-flow (satisfied (Path is satisfied), interface: lo0)] event: flow:finish_transport @0.003s
2026-01-28 16:14:34.311 I  NayaVedAI[63826:20fef8] [com.apple.network:connection] nw_endpoint_resolver_receive_report [C157.1 Hostname#b33e072a:8081 in_progress resolver (satisfied (Path is satisfied), interface: en0[802.11], uses wifi, LQM: unknown)] pushing out endpoint race by 2000ms
2026-01-28 16:14:34.311 Df NayaVedAI[63826:20fef8] [com.apple.network:connection] nw_flow_connected [C157.1.1 IPv6#9530c712.8081 in_progress socket-flow (satisfied (Path is satisfied), interface: lo0)] Output protocol connected (CFNetworkConnection-1110212295)
2026-01-28 16:14:34.311 Db NayaVedAI[63826:20fef8] [com.apple.network:connection] nw_endpoint_flow_connected_path_change [C157.1.1 IPv6#9530c712.8081 ready socket-flow (satisfied (Path is satisfied), interface: lo0)]
2026-01-28 16:14:34.311 I  NayaVedAI[63826:20fef8] [com.apple.network:connection] nw_endpoint_flow_connected_path_change [C157.1.1 IPv6#9530c712.8081 ready socket-flow (satisfied (Path is satisfied), interface: lo0)] Connected path is satisfied, not viable
2026-01-28 16:14:34.311 Db NayaVedAI[63826:20fef8] [com.apple.network:connection] nw_endpoint_resolver_receive_report [C157.1 Hostname#b33e072a:8081 in_progress resolver (satisfied (Path is satisfied), interface: en0[802.11], uses wifi, LQM: unknown)] received child report: [C157.1.1 IPv6#9530c712.8081 ready socket-flow (satisfied (Path is satisfied), interface: lo0)]
2026-01-28 16:14:34.311 Db NayaVedAI[63826:20fef8] [com.apple.network:connection] nw_endpoint_flow_receive_report [C157 Hostname#b33e072a:8081 in_progress parent-flow (satisfied (Path is satisfied), interface: en0[802.11], uses wifi, LQM: unknown)] received child report: [C157.1.1 IPv6#9530c712.8081 ready socket-flow (satisfied (Path is satisfied), interface: lo0)]
2026-01-28 16:14:34.311 Df NayaVedAI[63826:20fef8] [com.apple.network:connection] [C157.1.1 IPv6#9530c712.8081 ready socket-flow (satisfied (Path is satisfied), interface: lo0)] event: flow:child_finish_connect @0.003s
2026-01-28 16:14:34.311 Db NayaVedAI[63826:20fef8] [com.apple.network:connection] nw_endpoint_flow_receive_report [C157 IPv6#9530c712.8081 in_progress parent-flow (satisfied (Path is satisfied), interface: en0[802.11], uses wifi, LQM: unknown)] connecting endpoint_flow to child's shared protocol
2026-01-28 16:14:34.311 Db NayaVedAI[63826:20fef8] [com.apple.network:connection] nw_endpoint_flow_setup_protocols [C157 IPv6#9530c712.8081 in_progress parent-flow (satisfied (Path is satisfied), interface: en0[802.11], uses wifi, LQM: unknown)] already set up
2026-01-28 16:14:34.311 Db NayaVedAI[63826:20fef8] [com.apple.network:connection] nw_endpoint_flow_setup_protocols [C157 IPv6#9530c712.8081 in_progress parent-flow (satisfied (Path is satisfied), interface: en0[802.11], uses wifi, LQM: unknown)] child flow connected, starting
2026-01-28 16:14:34.311 Db NayaVedAI[63826:20fef8] [com.apple.network:connection] nw_endpoint_flow_setup_protocols [C157 IPv6#9530c712.8081 in_progress parent-flow (satisfied (Path is satisfied), interface: en0[802.11], uses wifi, LQM: unknown)] already started
2026-01-28 16:14:34.311 Db NayaVedAI[63826:20fef8] [com.apple.network:connection] nw_endpoint_flow_receive_report [C157 IPv6#9530c712.8081 in_progress parent-flow (satisfied (Path is satisfied), interface: en0[802.11], uses wifi, LQM: unknown)] received child report: [C157.1 Hostname#b33e072a:8081 ready resolver (satisfied (Path is satisfied), interface: en0[802.11], uses wifi, LQM: unknown)]
2026-01-28 16:14:34.311 Df NayaVedAI[63826:20fef8] [com.apple.network:connection] [C157.1 Hostname#b33e072a:8081 ready resolver (satisfied (Path is satisfied), interface: en0[802.11], uses wifi, LQM: unknown)] event: flow:child_finish_connect @0.003s
2026-01-28 16:14:34.311 I  NayaVedAI[63826:20fef8] [com.apple.network:connection] nw_endpoint_handler_cancel [C157.1.2 IPv4#eafe643d:8081 initial path ((null))]
2026-01-28 16:14:34.311 Df NayaVedAI[63826:20fef8] [com.apple.network:connection] nw_flow_connected [C157 IPv6#9530c712.8081 in_progress parent-flow (satisfied (Path is satisfied), interface: en0[802.11], uses wifi, LQM: unknown)] Output protocol connected (endpoint_flow)
2026-01-28 16:14:34.311 Db NayaVedAI[63826:20fef8] [com.apple.network:connection] nw_endpoint_flow_connected_path_change [C157 IPv6#9530c712.8081 ready parent-flow (satisfied (Path is satisfied), interface: en0[802.11], uses wifi, LQM: unknown)]
2026-01-28 16:14:34.311 I  NayaVedAI[63826:20fef8] [com.apple.network:connection] nw_endpoint_flow_connected_path_change [C157 IPv6#9530c712.8081 ready parent-flow (satisfied (Path is satisfied), interface: en0[802.11], uses wifi, LQM: unknown)] Connected path is satisfied, child is not viable
2026-01-28 16:14:34.311 Df NayaVedAI[63826:20fef8] [com.apple.network:connection] [C157 IPv6#9530c712.8081 ready parent-flow (satisfied (Path is satisfied), interface: en0[802.11], uses wifi, LQM: unknown)] event: flow:finish_connect @0.003s
2026-01-28 16:14:34.311 Db NayaVedAI[63826:20fef8] [com.apple.network:connection] nw_connection_run_pqtls_probe_locked_on_nw_queue [C157] No TLS metadata; not running PQ-TLS probe
2026-01-28 16:14:34.311 Db NayaVedAI[63826:20fef8] [com.apple.network:connection] nw_connection_run_ech_probe_locked_on_nw_queue [C157] stack doesn't include TLS; not running ECH probe
2026-01-28 16:14:34.311 Db NayaVedAI[63826:20fef8] [com.apple.network:connection] nw_connection_endpoint_report_on_nw_queue_block_invoke [C157] Connected fallback generation 0
2026-01-28 16:14:34.311 I  NayaVedAI[63826:20fef8] [com.apple.network:connection] nw_connection_start_candidate_manager_if_needed_locked [C157] Checking whether to start candidate manager
2026-01-28 16:14:34.311 Db NayaVedAI[63826:20fef8] [com.apple.network:connection] nw_connection_start_candidate_manager_if_needed_locked [C157] Connection does not support multipath, not starting candidate manager
2026-01-28 16:14:34.311 Df NayaVedAI[63826:20fef8] [com.apple.network:connection] nw_connection_report_state_with_handler_on_nw_queue [C157] reporting state ready
2026-01-28 16:14:34.311 Df NayaVedAI[63826:20fef8] [com.apple.CFNetwork:Default] Connection 157: connected successfully
2026-01-28 16:14:34.311 Df NayaVedAI[63826:20fef8] [com.apple.CFNetwork:Default] Connection 157: ready C(N) E(N)
2026-01-28 16:14:34.311 Db NayaVedAI[63826:20fef8] [com.apple.CFNetwork:Default] Task <EF3F208B-2622-46FD-AF9A-44BF79A05B5D>.<1> done setting up Connection 157
2026-01-28 16:14:34.311 Db NayaVedAI[63826:20fef8] [com.apple.network:activity] Returning should log: 0 for activity cfnetwork:foreground_task
2026-01-28 16:14:34.311 Df NayaVedAI[63826:20fef8] [com.apple.CFNetwork:Default] Task <EF3F208B-2622-46FD-AF9A-44BF79A05B5D>.<1> now using Connection 157
2026-01-28 16:14:34.311 Db NayaVedAI[63826:20fef8] [com.apple.network:activity] Returning should log: 0 for activity cfnetwork:foreground_task
2026-01-28 16:14:34.311 Df NayaVedAI[63826:20fef8] [com.apple.CFNetwork:Default] Task <EF3F208B-2622-46FD-AF9A-44BF79A05B5D>.<1> sent request, body N 0
2026-01-28 16:14:34.313 Df NayaVedAI[63826:20fb26] [com.apple.CFNetwork:Default] Task <EF3F208B-2622-46FD-AF9A-44BF79A05B5D>.<1> received response, status 200 content K
2026-01-28 16:14:34.313 Db NayaVedAI[63826:20fb26] [com.apple.network:connection] nw_connection_modify_estimated_bytes_block_invoke [C157] Incremented estimated bytes to receive by 187, total now 187
2026-01-28 16:14:34.313 Db NayaVedAI[63826:20fb26] [com.apple.network:connection] nw_connection_modify_estimated_bytes_block_invoke [C157] Using lower threshold 12582912, upper threshold 31457280
2026-01-28 16:14:34.313 Df NayaVedAI[63826:20fb26] [com.apple.CFNetwork:Default] Task <EF3F208B-2622-46FD-AF9A-44BF79A05B5D>.<1> response ended
2026-01-28 16:14:34.313 Df NayaVedAI[63826:20fb26] [com.apple.CFNetwork:Default] Task <EF3F208B-2622-46FD-AF9A-44BF79A05B5D>.<1> done using Connection 157
2026-01-28 16:14:34.313 Db NayaVedAI[63826:20fb26] [com.apple.network:activity] Returning should log: 0 for activity cfnetwork:foreground_task
2026-01-28 16:14:34.313 Db NayaVedAI[63826:20fb26] [com.apple.CFNetwork:Default] Connection 157: set is idle true
2026-01-28 16:14:34.313 Df NayaVedAI[63826:20fb26] [com.apple.network:connection] [C157] event: client:connection_idle @0.005s
2026-01-28 16:14:34.313 I  NayaVedAI[63826:20fb26] [com.apple.network:connection] nw_endpoint_handler_report_connection_idle [C157 IPv6#9530c712.8081 ready parent-flow (satisfied (Path is satisfied), interface: en0[802.11], uses wifi, LQM: unknown)] Reporting connection idle to protocols
2026-01-28 16:14:34.313 I  NayaVedAI[63826:20fb26] [com.apple.network:connection] nw_flow_passthrough_notify [C157.1.1 IPv6#9530c712.8081 ready socket-flow (satisfied (Path is satisfied), interface: lo0)] received notification connection_idle
2026-01-28 16:14:34.313 Df NayaVedAI[63826:20fb26] [com.apple.network:connection] nw_protocol_socket_notify [C157.1.1:2] nw_protocol_notification_type_connection_idle is true
2026-01-28 16:14:34.313 Db NayaVedAI[63826:20fb26] [com.apple.CFNetwork:Default] Connection 157: set is idle true
2026-01-28 16:14:34.313 Df NayaVedAI[63826:20fb26] [com.apple.network:connection] [C157] event: client:connection_idle @0.005s
2026-01-28 16:14:34.313 Df NayaVedAI[63826:20fef8] [com.apple.CFNetwork:Summary] Task <EF3F208B-2622-46FD-AF9A-44BF79A05B5D>.<1> summary for task success {transaction_duration_ms=6, response_status=200, connection=157, protocol="http/1.1", domain_lookup_duration_ms=1, connect_duration_ms=1, secure_connection_duration_ms=0, private_relay=false, request_start_ms=4, request_duration_ms=0, response_start_ms=5, response_duration_ms=0, request_bytes=370, request_throughput_kbps=52830, response_bytes=498, response_throughput_kbps=20120, cache_hit=false}
2026-01-28 16:14:34.313 I  NayaVedAI[63826:20fb26] [com.apple.network:connection] nw_endpoint_handler_report_connection_idle [C157 IPv6#9530c712.8081 ready parent-flow (satisfied (Path is satisfied), interface: en0[802.11], uses wifi, LQM: unknown)] Reporting connection idle to protocols
2026-01-28 16:14:34.313 I  NayaVedAI[63826:20fb26] [com.apple.network:connection] nw_flow_passthrough_notify [C157.1.1 IPv6#9530c712.8081 ready socket-flow (satisfied (Path is satisfied), interface: lo0)] received notification connection_idle
2026-01-28 16:14:34.313 Df NayaVedAI[63826:20fef8] [com.apple.CFNetwork:Default] Task <EF3F208B-2622-46FD-AF9A-44BF79A05B5D>.<1> finished successfully
2026-01-28 16:14:34.313 Df NayaVedAI[63826:20fb26] [com.apple.network:connection] nw_protocol_socket_notify [C157.1.1:2] nw_protocol_notification_type_connection_idle is true
2026-01-28 16:14:34.313 Db NayaVedAI[63826:20fef8] [com.apple.network:activity] Returning should log: 0 for activity cfnetwork:foreground_task
2026-01-28 16:14:34.313 Db NayaVedAI[63826:20fef8] [com.apple.network:activity] Returning should log: 0 for activity cfnetwork:foreground_task
2026-01-28 16:14:34.313 Db NayaVedAI[63826:20fef8] [com.apple.network:activity] No threshold for cfnetwork:foreground_task, returning NW_ACTIVITY_DURATION_INVALID
2026-01-28 16:14:34.313 Db NayaVedAI[63826:20fef8] [com.apple.network:activity] No threshold for activity <nw_activity 12:2 [B01463A6-9C66-49E8-9B8E-FE71402C46CF] (reporting strategy default) complete (reason success)>
2026-01-28 16:14:34.314 Df NayaVedAI[63826:20fef8] [com.apple.CFNetwork:Default] Task <6AB546A4-2F78-45A6-B77F-4F912E8345AA>.<2> resuming, timeouts(0.0, 604800.0) qos(0x19) voucher((null)) activity(00000000-0000-0000-0000-000000000000)
2026-01-28 16:14:34.314 Db NayaVedAI[63826:20fef8] [com.apple.network:activity] Returning should log: 0 for activity cfnetwork:foreground_task
2026-01-28 16:14:34.314 Db NayaVedAI[63826:20fef8] [com.apple.network:activity] Domain cfnetwork rate configured in registry as 1 / 20000
2026-01-28 16:14:34.314 Db NayaVedAI[63826:20fef8] [com.apple.network:activity] Domain cfnetwork rate configured after remote default override as 1 / 20000
2026-01-28 16:14:34.314 Db NayaVedAI[63826:20fef8] [com.apple.network:activity] After reading settings plist, domain cfnetwork rate configured as 1 / 2000000
2026-01-28 16:14:34.314 Db NayaVedAI[63826:20fef8] [com.apple.network:activity] After settings override, domain cfnetwork rate configured as 1 / 2000000
2026-01-28 16:14:34.314 Db NayaVedAI[63826:20fef8] [com.apple.network:activity] Final domain cfnetwork rate configured as 1 / 2000000
2026-01-28 16:14:34.314 Db NayaVedAI[63826:20fef8] [com.apple.network:activity] <nw_activity 12:2 [No UUID] (reporting strategy default)> sampled at 1 / 2000000
2026-01-28 16:14:34.314 Db NayaVedAI[63826:20fef8] [com.apple.network:activity] Returning should log: 0 for activity cfnetwork:foreground_task
2026-01-28 16:14:34.314 Db NayaVedAI[63826:20fef8] [com.apple.network:activity] Returning should log: 0 for activity cfnetwork:foreground_task
2026-01-28 16:14:34.315 Db NayaVedAI[63826:20fef8] [com.apple.CFNetwork:Default] [Telemetry]: Activity <nw_activity 12:2 [B1BD8F8C-1435-4628-A202-DD5C2BC331BC] (reporting strategy default)> on Task <6AB546A4-2F78-45A6-B77F-4F912E8345AA>.<2> was not selected for reporting
2026-01-28 16:14:34.315 Db NayaVedAI[63826:20fef9] [com.apple.CFNetwork:ATS] Uploading ATS exception ATSAllowsLocalNetworking
2026-01-28 16:14:34.315 A  NayaVedAI[63826:21014f] (Security) SecTrustReportNetworkingAnalytics
2026-01-28 16:14:34.315 Db NayaVedAI[63826:20fef9] [com.apple.CFNetwork:Default] Connection 157: set is idle true
2026-01-28 16:14:34.315 Df NayaVedAI[63826:20fef9] [com.apple.network:connection] [C157] event: client:connection_idle @0.007s
2026-01-28 16:14:34.315 I  NayaVedAI[63826:20fef9] [com.apple.network:connection] nw_endpoint_handler_report_connection_idle [C157 IPv6#9530c712.8081 ready parent-flow (satisfied (Path is satisfied), interface: en0[802.11], uses wifi, LQM: unknown)] Reporting connection idle to protocols
2026-01-28 16:14:34.315 I  NayaVedAI[63826:20fef9] [com.apple.network:connection] nw_flow_passthrough_notify [C157.1.1 IPv6#9530c712.8081 ready socket-flow (satisfied (Path is satisfied), interface: lo0)] received notification connection_idle
2026-01-28 16:14:34.315 Df NayaVedAI[63826:20fef9] [com.apple.network:connection] nw_protocol_socket_notify [C157.1.1:2] nw_protocol_notification_type_connection_idle is true
2026-01-28 16:14:34.315 Df NayaVedAI[63826:20fef9] [com.apple.CFNetwork:Default] Task <6AB546A4-2F78-45A6-B77F-4F912E8345AA>.<2> now using Connection 157
2026-01-28 16:14:34.315 Db NayaVedAI[63826:20fef9] [com.apple.network:activity] Returning should log: 0 for activity cfnetwork:foreground_task
2026-01-28 16:14:34.315 Db NayaVedAI[63826:20fef9] [com.apple.network:connection] nw_connection_modify_estimated_bytes_block_invoke [C157] Incremented estimated bytes to send by 12, total now 12
2026-01-28 16:14:34.315 Db NayaVedAI[63826:20fef9] [com.apple.network:connection] nw_connection_modify_estimated_bytes_block_invoke [C157] Using lower threshold 12582912, upper threshold 31457280
2026-01-28 16:14:34.315 Db NayaVedAI[63826:20fef9] [com.apple.CFNetwork:Default] Connection 157: set is idle false
2026-01-28 16:14:34.315 Df NayaVedAI[63826:20fef9] [com.apple.network:connection] [C157] event: client:connection_reused @0.007s
2026-01-28 16:14:34.315 I  NayaVedAI[63826:20fef9] [com.apple.network:connection] nw_endpoint_handler_report_connection_idle [C157 IPv6#9530c712.8081 ready parent-flow (satisfied (Path is satisfied), interface: en0[802.11], uses wifi, LQM: unknown)] Reporting connection not idle to protocols
2026-01-28 16:14:34.315 I  NayaVedAI[63826:20fef9] [com.apple.network:connection] nw_flow_passthrough_notify [C157.1.1 IPv6#9530c712.8081 ready socket-flow (satisfied (Path is satisfied), interface: lo0)] received notification connection_idle
2026-01-28 16:14:34.315 Df NayaVedAI[63826:20fef9] [com.apple.network:connection] nw_protocol_socket_notify [C157.1.1:2] nw_protocol_notification_type_connection_idle is false
2026-01-28 16:14:34.315 Df NayaVedAI[63826:21014f] [com.apple.securityd:SecError] SecTrustReportNetworkingAnalytics failed with error: -4
2026-01-28 16:14:34.316 Df NayaVedAI[63826:21014f] [com.apple.CFNetwork:Default] Task <6AB546A4-2F78-45A6-B77F-4F912E8345AA>.<2> sent request, body S 12
2026-01-28 16:14:34.316 Df NayaVedAI[63826:20fef8] [com.apple.CFNetwork:Default] Task <6AB546A4-2F78-45A6-B77F-4F912E8345AA>.<2> received response, status 200 content K
2026-01-28 16:14:34.316 Db NayaVedAI[63826:20fef8] [com.apple.network:connection] nw_connection_modify_estimated_bytes_block_invoke [C157] Incremented estimated bytes to receive by 29, total now 216
2026-01-28 16:14:34.316 Db NayaVedAI[63826:20fef8] [com.apple.network:connection] nw_connection_modify_estimated_bytes_block_invoke [C157] Using lower threshold 12582912, upper threshold 31457280
2026-01-28 16:14:34.316 Df NayaVedAI[63826:20fef8] [com.apple.CFNetwork:Default] Task <6AB546A4-2F78-45A6-B77F-4F912E8345AA>.<2> response ended
2026-01-28 16:14:34.316 Df NayaVedAI[63826:20fef8] [com.apple.CFNetwork:Default] Task <6AB546A4-2F78-45A6-B77F-4F912E8345AA>.<2> done using Connection 157
2026-01-28 16:14:34.316 Db NayaVedAI[63826:20fef8] [com.apple.network:activity] Returning should log: 0 for activity cfnetwork:foreground_task
2026-01-28 16:14:34.316 Db NayaVedAI[63826:20fef8] [com.apple.CFNetwork:Default] Connection 157: set is idle true
2026-01-28 16:14:34.316 Df NayaVedAI[63826:20fef8] [com.apple.network:connection] [C157] event: client:connection_idle @0.009s
2026-01-28 16:14:34.316 I  NayaVedAI[63826:20fef8] [com.apple.network:connection] nw_endpoint_handler_report_connection_idle [C157 IPv6#9530c712.8081 ready parent-flow (satisfied (Path is satisfied), interface: en0[802.11], uses wifi, LQM: unknown)] Reporting connection idle to protocols
2026-01-28 16:14:34.316 I  NayaVedAI[63826:20fef8] [com.apple.network:connection] nw_flow_passthrough_notify [C157.1.1 IPv6#9530c712.8081 ready socket-flow (satisfied (Path is satisfied), interface: lo0)] received notification connection_idle
2026-01-28 16:14:34.316 Df NayaVedAI[63826:20fef8] [com.apple.network:connection] nw_protocol_socket_notify [C157.1.1:2] nw_protocol_notification_type_connection_idle is true
2026-01-28 16:14:34.316 Db NayaVedAI[63826:20fef8] [com.apple.CFNetwork:Default] Connection 157: set is idle true
2026-01-28 16:14:34.316 Df NayaVedAI[63826:20fef8] [com.apple.network:connection] [C157] event: client:connection_idle @0.009s
2026-01-28 16:14:34.316 I  NayaVedAI[63826:20fef8] [com.apple.network:connection] nw_endpoint_handler_report_connection_idle [C157 IPv6#9530c712.8081 ready parent-flow (satisfied (Path is satisfied), interface: en0[802.11], uses wifi, LQM: unknown)] Reporting connection idle to protocols
2026-01-28 16:14:34.317 I  NayaVedAI[63826:20fef8] [com.apple.network:connection] nw_flow_passthrough_notify [C157.1.1 IPv6#9530c712.8081 ready socket-flow (satisfied (Path is satisfied), interface: lo0)] received notification connection_idle
2026-01-28 16:14:34.316 Df NayaVedAI[63826:21014f] [com.apple.CFNetwork:Summary] Task <6AB546A4-2F78-45A6-B77F-4F912E8345AA>.<2> summary for task success {transaction_duration_ms=1, response_status=200, connection=157, reused=1, reused_after_ms=0, request_start_ms=0, request_duration_ms=0, response_start_ms=1, response_duration_ms=0, request_bytes=291, request_throughput_kbps=9908, response_bytes=314, response_throughput_kbps=11905, cache_hit=false}
2026-01-28 16:14:34.317 Df NayaVedAI[63826:20fef8] [com.apple.network:connection] nw_protocol_socket_notify [C157.1.1:2] nw_protocol_notification_type_connection_idle is true
2026-01-28 16:14:34.317 Df NayaVedAI[63826:21014f] [com.apple.CFNetwork:Default] Task <6AB546A4-2F78-45A6-B77F-4F912E8345AA>.<2> finished successfully
2026-01-28 16:14:34.317 Db NayaVedAI[63826:21014f] [com.apple.network:activity] Returning should log: 0 for activity cfnetwork:foreground_task
2026-01-28 16:14:34.317 Db NayaVedAI[63826:21014f] [com.apple.network:activity] Returning should log: 0 for activity cfnetwork:foreground_task
2026-01-28 16:14:34.317 Db NayaVedAI[63826:21014f] [com.apple.network:activity] No threshold for cfnetwork:foreground_task, returning NW_ACTIVITY_DURATION_INVALID
2026-01-28 16:14:34.317 Db NayaVedAI[63826:21014f] [com.apple.network:activity] No threshold for activity <nw_activity 12:2 [B1BD8F8C-1435-4628-A202-DD5C2BC331BC] (reporting strategy default) complete (reason success)>
2026-01-28 16:14:34.317 Db NayaVedAI[63826:20fabf] [com.apple.defaults:User Defaults] looked up value 1 for key RCTI18nUtil_makeRTLFlipLeftAndRightStyles in CFPrefsPlistSource<0x600002c00600> (Domain: com.nayaved.app, User: kCFPreferencesCurrentUser, ByHost: No, Container: (null), Contents Need Refresh: No) via CFPrefsSearchListSource<0x600002c00200> (Domain: com.nayaved.app, Container: (null) Non-launch persona: 0)
2026-01-28 16:14:34.317 Db NayaVedAI[63826:20fabf] [com.apple.defaults:User Defaults] looked up value 1 for key RCTI18nUtil_makeRTLFlipLeftAndRightStyles in CFPrefsPlistSource<0x600002c00600> (Domain: com.nayaved.app, User: kCFPreferencesCurrentUser, ByHost: No, Container: (null), Contents Need Refresh: No) via CFPrefsSearchListSource<0x600002c00200> (Domain: com.nayaved.app, Container: (null) Non-launch persona: 0)
2026-01-28 16:14:34.317 Db NayaVedAI[63826:20fabf] [com.apple.defaults:User Defaults] looked up value 1 for key RCTI18nUtil_makeRTLFlipLeftAndRightStyles in CFPrefsPlistSource<0x600002c00600> (Domain: com.nayaved.app, User: kCFPreferencesCurrentUser, ByHost: No, Container: (null), Contents Need Refresh: No) via CFPrefsSearchListSource<0x600002c00200> (Domain: com.nayaved.app, Container: (null) Non-launch persona: 0)
2026-01-28 16:14:34.320 I  NayaVedAI[63826:2101d5] [com.wix.DetoxSync:DTXJSTimerSyncResource] [DTXJSTimerSyncResource] Observing timer 2 with duration 0.00 ms
2026-01-28 16:14:34.418 I  NayaVedAI[63826:20fabf] [com.apple.Accessibility:AXRuntimeNotifications] Attempting to send notification:  (1001) <private>
2026-01-28 16:14:34.418 I  NayaVedAI[63826:20fabf] [com.apple.Accessibility:AXRuntimeNotifications] Did post notification. notification:  (1001) error:0 data:<private>
2026-01-28 16:14:34.514 I  NayaVedAI[63826:20fabf] [com.apple.Accessibility:AXRuntimeNotifications] Attempting to send notification:  (1001) <private>
2026-01-28 16:14:34.515 I  NayaVedAI[63826:20fabf] [com.apple.Accessibility:AXRuntimeNotifications] Did post notification. notification:  (1001) error:0 data:<private>
2026-01-28 16:14:34.702 I  NayaVedAI[63826:20fabf] [com.apple.Accessibility:AXRuntimeNotifications] Attempting to send notification:  (1000) <private>
2026-01-28 16:14:34.702 I  NayaVedAI[63826:20fabf] [com.apple.Accessibility:AXRuntimeNotifications] Attempting to send notification:  (1000) <private>
2026-01-28 16:14:34.703 I  NayaVedAI[63826:20fabf] [com.apple.Accessibility:AXRuntimeNotifications] Did post notification. notification:  (1000) error:0 data:<private>
2026-01-28 16:14:35.846 I  NayaVedAI[63826:20fb34] [com.wix.DetoxSync:DTXJSTimerSyncResource] [DTXJSTimerSyncResource] Timer 2 timed out after 1525.86 ms
2026-01-28 16:14:35.848 I  NayaVedAI[63826:20fabf] [com.wix.Detox:WebSocket] Action received: invoke
2026-01-28 16:14:35.854 Db NayaVedAI[63826:20fabf] [com.apple.CFBundle:strings] Bundle: CFBundle 0x600003b00000 </Library/Developer/CoreSimulator/Volumes/iOS_23C54/Library/Developer/CoreSimulator/Profiles/Runtimes/iOS 26.2.simruntime/Contents/Resources/RuntimeRoot/System/Library/AccessibilityBundles/UIKit.axbundle> (framework, loaded), key: scroll.bar.vertical, value: , table: Accessibility, localizationNames: (null), result: Vertical scroll bar
2026-01-28 16:14:35.854 Db NayaVedAI[63826:20fabf] [com.apple.CFBundle:strings] Bundle: CFBundle 0x600003b00000 </Library/Developer/CoreSimulator/Volumes/iOS_23C54/Library/Developer/CoreSimulator/Profiles/Runtimes/iOS 26.2.simruntime/Contents/Resources/RuntimeRoot/System/Library/AccessibilityBundles/UIKit.axbundle> (framework, loaded), key: page.count, value: , table: Accessibility, localizationNames: (null), result: %#@pages@
2026-01-28 16:14:35.854 Db NayaVedAI[63826:20fabf] [com.apple.CFBundle:strings] Bundle: CFBundle 0x600003b00000 </Library/Developer/CoreSimulator/Volumes/iOS_23C54/Library/Developer/CoreSimulator/Profiles/Runtimes/iOS 26.2.simruntime/Contents/Resources/RuntimeRoot/System/Library/AccessibilityBundles/UIKit.axbundle> (framework, loaded), key: scroll.bar.vertical, value: , table: Accessibility, localizationNames: (null), result: Vertical scroll bar
2026-01-28 16:14:35.854 Db NayaVedAI[63826:20fabf] [com.apple.CFBundle:strings] Bundle: CFBundle 0x600003b00000 </Library/Developer/CoreSimulator/Volumes/iOS_23C54/Library/Developer/CoreSimulator/Profiles/Runtimes/iOS 26.2.simruntime/Contents/Resources/RuntimeRoot/System/Library/AccessibilityBundles/UIKit.axbundle> (framework, loaded), key: page.count, value: , table: Accessibility, localizationNames: (null), result: %#@pages@
2026-01-28 16:14:35.854 Db NayaVedAI[63826:20fabf] [com.apple.CFBundle:strings] Bundle: CFBundle 0x600003b00000 </Library/Developer/CoreSimulator/Volumes/iOS_23C54/Library/Developer/CoreSimulator/Profiles/Runtimes/iOS 26.2.simruntime/Contents/Resources/RuntimeRoot/System/Library/AccessibilityBundles/UIKit.axbundle> (framework, loaded), key: scroll.bar.horizontal, value: , table: Accessibility, localizationNames: (null), result: Horizontal scroll bar
2026-01-28 16:14:35.854 Db NayaVedAI[63826:20fabf] [com.apple.CFBundle:strings] Bundle: CFBundle 0x600003b00000 </Library/Developer/CoreSimulator/Volumes/iOS_23C54/Library/Developer/CoreSimulator/Profiles/Runtimes/iOS 26.2.simruntime/Contents/Resources/RuntimeRoot/System/Library/AccessibilityBundles/UIKit.axbundle> (framework, loaded), key: page.count, value: , table: Accessibility, localizationNames: (null), result: %#@pages@
2026-01-28 16:14:35.854 Db NayaVedAI[63826:20fabf] [com.apple.CFBundle:strings] Bundle: CFBundle 0x600003b00000 </Library/Developer/CoreSimulator/Volumes/iOS_23C54/Library/Developer/CoreSimulator/Profiles/Runtimes/iOS 26.2.simruntime/Contents/Resources/RuntimeRoot/System/Library/AccessibilityBundles/UIKit.axbundle> (framework, loaded), key: scroll.bar.horizontal, value: , table: Accessibility, localizationNames: (null), result: Horizontal scroll bar
2026-01-28 16:14:35.854 Db NayaVedAI[63826:20fabf] [com.apple.CFBundle:strings] Bundle: CFBundle 0x600003b00000 </Library/Developer/CoreSimulator/Volumes/iOS_23C54/Library/Developer/CoreSimulator/Profiles/Runtimes/iOS 26.2.simruntime/Contents/Resources/RuntimeRoot/System/Library/AccessibilityBundles/UIKit.axbundle> (framework, loaded), key: page.count, value: , table: Accessibility, localizationNames: (null), result: %#@pages@
2026-01-28 16:14:35.855 Db NayaVedAI[63826:20fabf] [com.apple.defaults:User Defaults] looked up value YES for key detoxDisableHierarchyDump in CFPrefsSource<0x600001700240> (Domain: Volatile, User: , ByHost: No, Container: , Contents Need Refresh: No) via CFPrefsSearchListSource<0x600002c00200> (Domain: com.nayaved.app, Container: (null) Non-launch persona: 0)
2026-01-28 16:14:35.855 Db NayaVedAI[63826:20fabf] [com.apple.defaults:User Defaults] looked up value YES for key detoxDebugVisibility in CFPrefsSource<0x600001700240> (Domain: Volatile, User: , ByHost: No, Container: , Contents Need Refresh: No) via CFPrefsSearchListSource<0x600002c00200> (Domain: com.nayaved.app, Container: (null) Non-launch persona: 0)

