Filtering the log data using "processImagePath BEGINSWITH "/Users/shivi.agarwal/Library/Developer/CoreSimulator/Devices/AC7E343F-585F-430E-B17D-BDD649803605/data/Containers/Bundle/Application/526E8406-59B6-4C05-9D18-38A7EF2F46C7/NayaVedAI.app""
Timestamp               Ty Process[PID:TID]
2026-01-28 16:14:40.382 I  NayaVedAI[63826:210fbe] [dev.expo.modules:expo] 🟢 Creating JS object for module 'ExpoApplication'
2026-01-28 16:14:40.422 I  NayaVedAI[63826:210fbe] [dev.expo.modules:expo] 🟢 Creating JS object for module 'ExpoAppleAuthentication'
2026-01-28 16:14:40.427 Db NayaVedAI[63826:20fef9] [com.apple.network:connection] nw_association_schedule_deactivation_block_invoke <nw_association Hostname#b33e072a:8081> becoming dormant
2026-01-28 16:14:40.427 Db NayaVedAI[63826:20fef9] [com.apple.network:connection] nw_association_schedule_deactivation_block_invoke <nw_association IPv6#9530c712.8081> becoming dormant
2026-01-28 16:14:40.427 Db NayaVedAI[63826:20fef9] [com.apple.CFNetwork:Coalescing] removing all entries config 0x600000340160
2026-01-28 16:14:40.427 I  NayaVedAI[63826:20fef9] [com.apple.network:] nw_context_dealloc Deallocating context <nw_context (null) (private)>
2026-01-28 16:14:40.427 I  NayaVedAI[63826:20fef9] [com.apple.network:] nw_context_purge_endpoints Context <nw_context com.apple.CFNetwork.NSURLSession.{DE757866-07B6-464E-AC4A-A0E66DCE4EBC}{(null)}{Y}{2}{0x0} (private)> has more than 0 cache entries, purging 1 from 1 down to 0
2026-01-28 16:14:40.427 Db NayaVedAI[63826:20fef9] [com.apple.network:endpoint] endpoint IPv6#9530c712.8081 has nothing to cleanup, no protocol instance registrars
2026-01-28 16:14:40.427 Db NayaVedAI[63826:20fef9] [com.apple.network:endpoint] endpoint Hostname#b33e072a:8081 has nothing to cleanup, no protocol instance registrars
2026-01-28 16:14:40.427 I  NayaVedAI[63826:20fef9] [com.apple.network:] nw_context_dealloc Deallocating context <nw_context (null) (private)>
2026-01-28 16:14:40.517 I  NayaVedAI[63826:210fbe] [dev.expo.modules:expo] 🟢 Creating JS object for module 'ExpoWebBrowser'
2026-01-28 16:14:40.522 I  NayaVedAI[63826:210fbe] [com.facebook.react.log:javascript] The native view manager for module(ExpoLinearGradient) ) from NativeViewManagerAdapter isn't exported by expo-modules-core. Views of this type may not render correctly. Exported view managers: [ExpoAppleAuthentication_AppleAuthenticationButton, ExpoCamera_CameraView, ExpoAppleAuthentication, ExpoCamera].
2026-01-28 16:14:40.563 Df NayaVedAI[63826:20fabf] [com.apple.UIKit:KeyboardSceneDelegate] Reloading input views for key-window scene responder: <(null): 0x0; > force:N
2026-01-28 16:14:40.563 Df NayaVedAI[63826:20fabf] [com.apple.UIKit:KeyboardSceneDelegate] _reloadInputViewsForKeyWindowSceneResponder: 0 force: 0, fromBecomeFirstResponder: 0 (automaticKeyboard: 0, reloadIdentifier: 0789644E-45DC-4C19-8BC9-8C917C79738A)
2026-01-28 16:14:40.563 Df NayaVedAI[63826:20fabf] [com.apple.UIKit:KeyboardSceneDelegate] _inputViewsForResponder: <(null): 0x0; >, automaticKeyboard: 0, force: 0
2026-01-28 16:14:40.563 Df NayaVedAI[63826:20fabf] [com.apple.UIKit:KeyboardSceneDelegate] _inputViewsForResponder, found custom inputView: <(null): 0x0>, customInputViewController: <(null): 0x0>
2026-01-28 16:14:40.564 Df NayaVedAI[63826:20fabf] [com.apple.UIKit:KeyboardSceneDelegate] _inputViewsForResponder, found inputAccessoryView: <(null): 0x0>
2026-01-28 16:14:40.564 Df NayaVedAI[63826:20fabf] [com.apple.UIKit:KeyboardSceneDelegate] _inputViewsForResponder, responderRequiresKeyboard 0 (automaticKeyboardEnabled: 0, activeInstance: <(null): 0x0>, self.isOnScreen: 0, requiresKBWhenFirstResponder: 0)
2026-01-28 16:14:40.564 Df NayaVedAI[63826:20fabf] [com.apple.UIKit:KeyboardSceneDelegate] _inputViewsForResponder, useKeyboard 0 (allowsSystemInputView: 1, !inputView <(null): 0x0>, responderRequiresKeyboard 0)
2026-01-28 16:14:40.564 Df NayaVedAI[63826:20fabf] [com.apple.UIKit:KeyboardSceneDelegate] _inputViewsForResponder, configuring _responderWithoutAutomaticAppearanceEnabled: <(null): 0x0> (_automaticAppearEnabled: 1)
2026-01-28 16:14:40.564 Df NayaVedAI[63826:20fabf] [com.apple.UIKit:KeyboardSceneDelegate] _inputViewsForResponder, needsIVPlaceholder: 0, needsIAVPlaceholder: 0, needsInputSetWithPlaceholder: 0
2026-01-28 16:14:40.564 Df NayaVedAI[63826:20fabf] [com.apple.UIKit:KeyboardSceneDelegate] _inputViewsForResponder returning: <<UIInputViewSet: 0x60000384b540>; (empty)>
2026-01-28 16:14:40.564 I  NayaVedAI[63826:20fabf] [com.apple.Accessibility:AXRuntimeNotifications] Attempting to send notification:  (1000) <private>
2026-01-28 16:14:40.565 I  NayaVedAI[63826:20fabf] [com.apple.Accessibility:AXRuntimeNotifications] Attempting to send notification:  (1000) <private>
2026-01-28 16:14:40.566 I  NayaVedAI[63826:20fabf] [com.apple.Accessibility:AXRuntimeNotifications] Did post notification. notification:  (1000) error:0 data:<private>
2026-01-28 16:14:40.579 Db NayaVedAI[63826:20fabf] [com.apple.BackBoard:EventDelivery] flushing changes: {
    contentsMask: 0x8; keyCommandsRegistrations: [environment: keyboardFocus; token: 0xF1074B77; keyCommands: 34];
}
2026-01-28 16:14:40.633 E  NayaVedAI[63826:210fbe] [com.facebook.react.log:javascript] [runtime not ready]: Error: Cannot find native module 'ExpoSpeech'
2026-01-28 16:14:40.634 I  NayaVedAI[63826:210fbe] [com.facebook.react.log:native] Unbalanced calls start/end for tag 20
2026-01-28 16:14:40.634 I  NayaVedAI[63826:210fbe] [com.facebook.react.log:native] Unbalanced calls start/end for tag 19
2026-01-28 16:14:40.634 I  NayaVedAI[63826:20fabf] [com.apple.Accessibility:AXRuntimeNotifications] Attempting to send notification:  (1055) <private>
2026-01-28 16:14:40.634 I  NayaVedAI[63826:20fabf] [com.apple.Accessibility:AXRuntimeNotifications] Attempting to send notification:  (1055) <private>
2026-01-28 16:14:40.634 Db NayaVedAI[63826:20fabf] [com.apple.CFBundle:resources] Resource lookup at CFBundle 0x600003b10000 </Users/shivi.agarwal/Library/Developer/CoreSimulator/Devices/AC7E343F-585F-430E-B17D-BDD649803605/data/Containers/Bundle/Application/526E8406-59B6-4C05-9D18-38A7EF2F46C7/NayaVedAI.app> (executable, loaded)
	Request       : RCTRedBoxController type: nib
	Result        : None
2026-01-28 16:14:40.634 Db NayaVedAI[63826:20fabf] [com.apple.CFBundle:resources] Resource lookup at CFBundle 0x600003b10000 </Users/shivi.agarwal/Library/Developer/CoreSimulator/Devices/AC7E343F-585F-430E-B17D-BDD649803605/data/Containers/Bundle/Application/526E8406-59B6-4C05-9D18-38A7EF2F46C7/NayaVedAI.app> (executable, loaded)
	Request       : RCTRedBox type: nib
	Result        : None
2026-01-28 16:14:40.635 Db NayaVedAI[63826:20fef9] [com.apple.CFBundle:resources] Resource lookup at CFBundle 0x600003b10000 </Users/shivi.agarwal/Library/Developer/CoreSimulator/Devices/AC7E343F-585F-430E-B17D-BDD649803605/data/Containers/Bundle/Application/526E8406-59B6-4C05-9D18-38A7EF2F46C7/NayaVedAI.app> (executable, loaded)
	Request       : InfoPlist type: strings
	Result        : None
2026-01-28 16:14:40.635 Db NayaVedAI[63826:20fef9] [com.apple.CFBundle:resources] Resource lookup at CFBundle 0x600003b10000 </Users/shivi.agarwal/Library/Developer/CoreSimulator/Devices/AC7E343F-585F-430E-B17D-BDD649803605/data/Containers/Bundle/Application/526E8406-59B6-4C05-9D18-38A7EF2F46C7/NayaVedAI.app> (executable, loaded)
	Request       : InfoPlist type: stringsdict
	Result        : None
2026-01-28 16:14:40.636 Df NayaVedAI[63826:20fef9] [com.apple.FileURL:default] kExcludedFromBackupXattrName set on path: /Users/shivi.agarwal/Library/Developer/CoreSimulator/Devices/AC7E343F-585F-430E-B17D-BDD649803605/data/Containers/Data/Application/9335C1C7-12B2-40A1-BF14-06BFCABDEF93/Library/Application Support/com.nayaved.app/RCTAsyncLocalStorage_V1
2026-01-28 16:14:40.637 Db NayaVedAI[63826:20fabf] [com.apple.BackBoard:EventDelivery] no-op flush
2026-01-28 16:14:40.637 I  NayaVedAI[63826:20fabf] [com.apple.Accessibility:AXAppAccessibility] Presentation controller doesn't modalize: <_UIFormSheetPresentationController: 0x12e636ec0>
2026-01-28 16:14:40.638 I  NayaVedAI[63826:20fef9] [com.wix.DetoxSync:DTXJSTimerSyncResource] [DTXJSTimerSyncResource] Ignoring timer 1 (duration: 2000.00 ms, repeats: NO)
2026-01-28 16:14:40.655 Df NayaVedAI[63826:20fabf] [com.apple.UIKit:KeyboardSceneDelegate] Reloading input views for key-window scene responder: <RCTRedBoxController: 0x10c7ca400; > force:N
2026-01-28 16:14:40.655 Df NayaVedAI[63826:20fabf] [com.apple.UIKit:KeyboardSceneDelegate] _reloadInputViewsForKeyWindowSceneResponder: 1 force: 0, fromBecomeFirstResponder: 1 (automaticKeyboard: 1, reloadIdentifier: F230579C-96EF-4092-906D-C65C03A47277)
2026-01-28 16:14:40.655 Df NayaVedAI[63826:20fabf] [com.apple.UIKit:KeyboardSceneDelegate] _inputViewsForResponder: <RCTRedBoxController: 0x10c7ca400; >, automaticKeyboard: 1, force: 0
2026-01-28 16:14:40.655 Df NayaVedAI[63826:20fabf] [com.apple.UIKit:KeyboardSceneDelegate] _inputViewsForResponder, found custom inputView: <(null): 0x0>, customInputViewController: <(null): 0x0>
2026-01-28 16:14:40.655 Df NayaVedAI[63826:20fabf] [com.apple.UIKit:KeyboardSceneDelegate] _inputViewsForResponder, found inputAccessoryView: <(null): 0x0>
2026-01-28 16:14:40.655 Df NayaVedAI[63826:20fabf] [com.apple.UIKit:KeyboardSceneDelegate] _inputViewsForResponder, responderRequiresKeyboard 0 (automaticKeyboardEnabled: 1, activeInstance: <(null): 0x0>, self.isOnScreen: 0, requiresKBWhenFirstResponder: 0)
2026-01-28 16:14:40.655 Df NayaVedAI[63826:20fabf] [com.apple.UIKit:KeyboardSceneDelegate] _inputViewsForResponder, useKeyboard 0 (allowsSystemInputView: 1, !inputView <(null): 0x0>, responderRequiresKeyboard 0)
2026-01-28 16:14:40.655 Df NayaVedAI[63826:20fabf] [com.apple.UIKit:KeyboardSceneDelegate] _inputViewsForResponder, configuring _responderWithoutAutomaticAppearanceEnabled: <(null): 0x0> (_automaticAppearEnabled: 1)
2026-01-28 16:14:40.655 Df NayaVedAI[63826:20fabf] [com.apple.UIKit:KeyboardSceneDelegate] _inputViewsForResponder, needsIVPlaceholder: 0, needsIAVPlaceholder: 0, needsInputSetWithPlaceholder: 0
2026-01-28 16:14:40.655 Df NayaVedAI[63826:20fabf] [com.apple.UIKit:KeyboardSceneDelegate] _inputViewsForResponder returning: <<UIInputViewSet: 0x600003846e80>; (empty)>
2026-01-28 16:14:40.656 Db NayaVedAI[63826:20fabf] [com.apple.BackBoard:EventDelivery] flushing changes: {
    contentsMask: 0x8; keyCommandsRegistrations: [environment: keyboardFocus; token: 0xF1074B77; keyCommands: 36];
}
2026-01-28 16:14:40.656 I  NayaVedAI[63826:20fabf] [com.apple.Accessibility:AXRuntimeNotifications] Did post notification. notification:  (1055) error:0 data:<private>
2026-01-28 16:14:40.656 Db NayaVedAI[63826:20fabf] [com.apple.defaults:User Defaults] found no value for key RCTI18nUtil_forceRTL in CFPrefsSearchListSource<0x600002c00200> (Domain: com.nayaved.app, Container: (null) Non-launch persona: 0)
2026-01-28 16:14:40.656 Db NayaVedAI[63826:20fabf] [com.apple.defaults:User Defaults] found no value for key RCTI18nUtil_allowRTL in CFPrefsSearchListSource<0x600002c00200> (Domain: com.nayaved.app, Container: (null) Non-launch persona: 0)
2026-01-28 16:14:40.656 Db NayaVedAI[63826:20fabf] [com.apple.defaults:User Defaults] found no value for key RCTI18nUtil_forceRTL in CFPrefsSearchListSource<0x600002c00200> (Domain: com.nayaved.app, Container: (null) Non-launch persona: 0)
2026-01-28 16:14:40.656 Db NayaVedAI[63826:20fabf] [com.apple.defaults:User Defaults] found no value for key RCTI18nUtil_allowRTL in CFPrefsSearchListSource<0x600002c00200> (Domain: com.nayaved.app, Container: (null) Non-launch persona: 0)
2026-01-28 16:14:40.657 I  NayaVedAI[63826:210fbe] [com.facebook.react.log:javascript] Running "main" with {"rootTag":11,"initialProps":null,"fabric":true}
2026-01-28 16:14:40.657 Db NayaVedAI[63826:20fabf] [com.apple.network:] tcp_connection_create_with_endpoint_and_parameters 167 localhost 8081
2026-01-28 16:14:40.657 Db NayaVedAI[63826:20fabf] [com.apple.network:] tcp_connection_set_usage_model 167 setting usage model to 1
2026-01-28 16:14:40.657 Df NayaVedAI[63826:20fabf] [com.apple.CFNetwork:Default] TCP Conn [167:0x600003348640] using empty proxy configuration
2026-01-28 16:14:40.657 Df NayaVedAI[63826:20fabf] [com.apple.CFNetwork:Default] Stream client bypassing proxies on TCP Conn [167:0x600003348640]
2026-01-28 16:14:40.657 Df NayaVedAI[63826:20fabf] [com.apple.CFNetwork:Default] TCP Conn 0x600003348640 started
2026-01-28 16:14:40.657 Db NayaVedAI[63826:20fabf] [com.apple.network:] tcp_connection_start 167 starting
2026-01-28 16:14:40.657 I  NayaVedAI[63826:20fabf] [com.apple.network:connection] nw_connection_create_with_id [C167] create connection to Hostname#b33e072a:8081
2026-01-28 16:14:40.657 Db NayaVedAI[63826:20fabf] [com.apple.network:] tcp_connection_start starting tc_nwconn=0x12e70b620
2026-01-28 16:14:40.657 Df NayaVedAI[63826:21011c] [com.apple.network:connection] [C167 73E2DC1C-B004-4D12-9C69-F746839AD0CF Hostname#b33e072a:8081 tcp, definite, attribution: developer, context: Default Network Context (private), proc: 63B02D91-D502-3FF5-9842-92830ECC12FF, delegated upid: 0, no proxy, prohibit fallback, allow socket access] start
2026-01-28 16:14:40.657 I  NayaVedAI[63826:21011c] [com.apple.network:connection] nw_endpoint_handler_start [C167 Hostname#b33e072a:8081 initial parent-flow ((null))]
2026-01-28 16:14:40.657 Df NayaVedAI[63826:21011c] [com.apple.network:connection] [C167 Hostname#b33e072a:8081 initial parent-flow ((null))] event: path:start @0.000s
2026-01-28 16:14:40.657 Db NayaVedAI[63826:21011c] [com.apple.network:connection] nw_endpoint_handler_path_change [C167 Hostname#b33e072a:8081 waiting parent-flow (satisfied (Path is satisfied), interface: en0[802.11], uses wifi, LQM: unknown)]
2026-01-28 16:14:40.657 Db NayaVedAI[63826:21011c] [com.apple.networkextension:] ne_tracker_check_is_hostname_blocked() proceeding with the in_the_app check for hostname: localhost
2026-01-28 16:14:40.657 Db NayaVedAI[63826:21011c] [com.apple.CFBundle:resources] Resource lookup at CFBundle 0x600003b10000 </Users/shivi.agarwal/Library/Developer/CoreSimulator/Devices/AC7E343F-585F-430E-B17D-BDD649803605/data/Containers/Bundle/Application/526E8406-59B6-4C05-9D18-38A7EF2F46C7/NayaVedAI.app> (executable, loaded)
	Request       : InfoPlist type: strings
	Result        : None
2026-01-28 16:14:40.657 Db NayaVedAI[63826:21011c] [com.apple.CFBundle:resources] Resource lookup at CFBundle 0x600003b10000 </Users/shivi.agarwal/Library/Developer/CoreSimulator/Devices/AC7E343F-585F-430E-B17D-BDD649803605/data/Containers/Bundle/Application/526E8406-59B6-4C05-9D18-38A7EF2F46C7/NayaVedAI.app> (executable, loaded)
	Request       : InfoPlist type: stringsdict
	Result        : None
2026-01-28 16:14:40.657 Db NayaVedAI[63826:21011c] [com.apple.networkextension:] ne_tracker_check_is_hostname_blocked(): hostname localhost is not a tracker. Returning: ne_tracker_status_none
2026-01-28 16:14:40.657 Df NayaVedAI[63826:21011c] [com.apple.network:connection] [C167 Hostname#b33e072a:8081 waiting parent-flow (satisfied (Path is satisfied), interface: en0[802.11], uses wifi, LQM: unknown)] event: path:satisfied @0.000s, uuid: 681C574D-162C-4E25-BF17-1486DC0343A6
2026-01-28 16:14:40.657 I  NayaVedAI[63826:21011c] [com.apple.network:connection] nw_connection_endpoint_report_on_nw_queue_block_invoke [C167 Hostname#b33e072a:8081 waiting parent-flow (satisfied (Path is satisfied), interface: en0[802.11], uses wifi, LQM: unknown)] skipping state update
2026-01-28 16:14:40.657 Db NayaVedAI[63826:21011c] [com.apple.network:connection] nw_endpoint_flow_attach_protocols [C167 Hostname#b33e072a:8081 in_progress parent-flow (satisfied (Path is satisfied), interface: en0[802.11], uses wifi, LQM: unknown)]
2026-01-28 16:14:40.657 Db NayaVedAI[63826:21011c] [com.apple.network:connection] nw_endpoint_flow_attach_protocols [C167 Hostname#b33e072a:8081 in_progress parent-flow (satisfied (Path is satisfied), interface: en0[802.11], uses wifi, LQM: unknown)] stopping after adding persistent application protocols
2026-01-28 16:14:40.657 Db NayaVedAI[63826:21011c] [com.apple.network:connection] nw_endpoint_flow_setup_protocols [C167 Hostname#b33e072a:8081 in_progress parent-flow (satisfied (Path is satisfied), interface: en0[802.11], uses wifi, LQM: unknown)] persistent protocol stack, starting
2026-01-28 16:14:40.657 Df NayaVedAI[63826:21011c] [com.apple.network:connection] [C167 Hostname#b33e072a:8081 in_progress parent-flow (satisfied (Path is satisfied), interface: en0[802.11], uses wifi, LQM: unknown)] event: flow:start_connect @0.000s
2026-01-28 16:14:40.657 Df NayaVedAI[63826:21011c] [com.apple.network:connection] nw_connection_report_state_with_handler_on_nw_queue [C167] reporting state preparing
2026-01-28 16:14:40.657 I  NayaVedAI[63826:21011c] [com.apple.network:connection] nw_endpoint_flow_connect [C167 Hostname#b33e072a:8081 in_progress parent-flow (satisfied (Path is satisfied), interface: en0[802.11], uses wifi, LQM: unknown)] connect bottom protocol
2026-01-28 16:14:40.657 Db NayaVedAI[63826:21011c] [com.apple.network:connection] nw_endpoint_flow_start_child [C167 Hostname#b33e072a:8081 in_progress parent-flow (satisfied (Path is satisfied), interface: en0[802.11], uses wifi, LQM: unknown)] creating and starting child handler
2026-01-28 16:14:40.658 Df NayaVedAI[63826:21011c] [com.apple.network:connection] [C167 Hostname#b33e072a:8081 in_progress parent-flow (satisfied (Path is satisfied), interface: en0[802.11], uses wifi, LQM: unknown)] event: flow:start_child @0.000s
2026-01-28 16:14:40.658 I  NayaVedAI[63826:21011c] [com.apple.network:connection] nw_endpoint_handler_start [C167.1 Hostname#b33e072a:8081 initial path ((null))]
2026-01-28 16:14:40.658 Db NayaVedAI[63826:21011c] [com.apple.network:connection] nw_endpoint_flow_receive_report [C167 Hostname#b33e072a:8081 in_progress parent-flow (satisfied (Path is satisfied), interface: en0[802.11], uses wifi, LQM: unknown)] received child report: [C167.1 Hostname#b33e072a:8081 initial path ((null))]
2026-01-28 16:14:40.658 Df NayaVedAI[63826:21011c] [com.apple.network:connection] [C167.1 Hostname#b33e072a:8081 initial path ((null))] event: path:start @0.000s
2026-01-28 16:14:40.658 Db NayaVedAI[63826:21011c] [com.apple.network:connection] nw_endpoint_handler_path_change [C167.1 Hostname#b33e072a:8081 waiting path (satisfied (Path is satisfied), interface: en0[802.11], uses wifi, LQM: unknown)]
2026-01-28 16:14:40.658 Db NayaVedAI[63826:21011c] [com.apple.networkextension:] ne_tracker_check_is_hostname_blocked() proceeding with the in_the_app check for hostname: localhost
2026-01-28 16:14:40.658 Db NayaVedAI[63826:21011c] [com.apple.CFBundle:resources] Resource lookup at CFBundle 0x600003b10000 </Users/shivi.agarwal/Library/Developer/CoreSimulator/Devices/AC7E343F-585F-430E-B17D-BDD649803605/data/Containers/Bundle/Application/526E8406-59B6-4C05-9D18-38A7EF2F46C7/NayaVedAI.app> (executable, loaded)
	Request       : InfoPlist type: strings
	Result        : None
2026-01-28 16:14:40.658 Db NayaVedAI[63826:21011c] [com.apple.CFBundle:resources] Resource lookup at CFBundle 0x600003b10000 </Users/shivi.agarwal/Library/Developer/CoreSimulator/Devices/AC7E343F-585F-430E-B17D-BDD649803605/data/Containers/Bundle/Application/526E8406-59B6-4C05-9D18-38A7EF2F46C7/NayaVedAI.app> (executable, loaded)
	Request       : InfoPlist type: stringsdict
	Result        : None
2026-01-28 16:14:40.658 Db NayaVedAI[63826:21011c] [com.apple.networkextension:] ne_tracker_check_is_hostname_blocked(): hostname localhost is not a tracker. Returning: ne_tracker_status_none
2026-01-28 16:14:40.658 Db NayaVedAI[63826:21011c] [com.apple.network:connection] nw_endpoint_flow_receive_report [C167 Hostname#b33e072a:8081 in_progress parent-flow (satisfied (Path is satisfied), interface: en0[802.11], uses wifi, LQM: unknown)] received child report: [C167.1 Hostname#b33e072a:8081 waiting path (satisfied (Path is satisfied), interface: en0[802.11], uses wifi, LQM: unknown)]
2026-01-28 16:14:40.658 Df NayaVedAI[63826:21011c] [com.apple.network:connection] [C167.1 Hostname#b33e072a:8081 waiting path (satisfied (Path is satisfied), interface: en0[802.11], uses wifi, LQM: unknown)] event: path:satisfied @0.000s, uuid: 681C574D-162C-4E25-BF17-1486DC0343A6
2026-01-28 16:14:40.658 Db NayaVedAI[63826:21011c] [com.apple.network:connection] -[NWConcrete_nw_endpoint_resolver startWithHandler:] [C167.1 Hostname#b33e072a:8081 waiting resolver (satisfied (Path is satisfied), interface: en0[802.11], uses wifi, LQM: unknown)]
2026-01-28 16:14:40.658 Db NayaVedAI[63826:21011c] [com.apple.network:connection] nw_endpoint_flow_receive_report [C167 Hostname#b33e072a:8081 in_progress parent-flow (satisfied (Path is satisfied), interface: en0[802.11], uses wifi, LQM: unknown)] received child report: [C167.1 Hostname#b33e072a:8081 in_progress resolver (satisfied (Path is satisfied), interface: en0[802.11], uses wifi, LQM: unknown)]
2026-01-28 16:14:40.658 Df NayaVedAI[63826:21011c] [com.apple.network:connection] [C167.1 Hostname#b33e072a:8081 in_progress resolver (satisfied (Path is satisfied), interface: en0[802.11], uses wifi, LQM: unknown)] event: resolver:start_dns @0.000s
2026-01-28 16:14:40.660 Db NayaVedAI[63826:21011c] [com.apple.networkextension:] ne_tracker_check_is_hostname_blocked() proceeding with the in_the_app check for hostname: localhost
2026-01-28 16:14:40.660 Db NayaVedAI[63826:21011c] [com.apple.CFBundle:resources] Resource lookup at CFBundle 0x600003b10000 </Users/shivi.agarwal/Library/Developer/CoreSimulator/Devices/AC7E343F-585F-430E-B17D-BDD649803605/data/Containers/Bundle/Application/526E8406-59B6-4C05-9D18-38A7EF2F46C7/NayaVedAI.app> (executable, loaded)
	Request       : InfoPlist type: strings
	Result        : None
2026-01-28 16:14:40.660 Db NayaVedAI[63826:21011c] [com.apple.CFBundle:resources] Resource lookup at CFBundle 0x600003b10000 </Users/shivi.agarwal/Library/Developer/CoreSimulator/Devices/AC7E343F-585F-430E-B17D-BDD649803605/data/Containers/Bundle/Application/526E8406-59B6-4C05-9D18-38A7EF2F46C7/NayaVedAI.app> (executable, loaded)
	Request       : InfoPlist type: stringsdict
	Result        : None
2026-01-28 16:14:40.660 Db NayaVedAI[63826:21011c] [com.apple.networkextension:] ne_tracker_check_is_hostname_blocked(): hostname localhost is not a tracker. Returning: ne_tracker_status_none
2026-01-28 16:14:40.660 I  NayaVedAI[63826:21011c] [com.apple.network:connection] nw_resolver_create_dns_service_locked [C167.1] Starting host resolution Hostname#b33e072a:8081, flags 0xc000d000 proto 0
2026-01-28 16:14:40.661 I  NayaVedAI[63826:21011c] [com.apple.network:connection] nw_resolver_host_resolve_callback [C167.1] flags=0x40000003 ifindex=4294967295 error=NoError(0) hostname=localhost. addr=IPv6#42e9e5e9 ttl=1
2026-01-28 16:14:40.661 I  NayaVedAI[63826:21011c] [com.apple.network:connection] nw_resolver_host_resolve_callback [C167.1] flags=0x40000002 ifindex=4294967295 error=NoError(0) hostname=localhost. addr=IPv4#075c8fe9 ttl=1
2026-01-28 16:14:40.661 Db NayaVedAI[63826:21011c] [com.apple.network:] sa_dst_compare_rfc6724 Rule 6, prefer d2, d2 precedence 50 > d1 precedence 35
2026-01-28 16:14:40.661 Db NayaVedAI[63826:21011c] [com.apple.network:] sa_dst_compare_internal <private>@0 < <private>@0
2026-01-28 16:14:40.661 I  NayaVedAI[63826:21011c] [com.apple.network:connection] nw_resolver_create_prefer_connected_variant [C167.1] Prefer Connected: IPv6#9530c712.8081 is already the first endpoint
2026-01-28 16:14:40.661 Db NayaVedAI[63826:21011c] [com.apple.network:connection] nw_endpoint_resolver_update [C167.1 Hostname#b33e072a:8081 in_progress resolver (satisfied (Path is satisfied), interface: en0[802.11], uses wifi, LQM: unknown)] resolver is complete
2026-01-28 16:14:40.661 Df NayaVedAI[63826:21011c] [com.apple.network:connection] nw_endpoint_resolver_update [C167.1 Hostname#b33e072a:8081 in_progress resolver (satisfied (Path is satisfied), interface: en0[802.11], uses wifi, LQM: unknown)] Adding endpoint handler for IPv6#9530c712.8081
2026-01-28 16:14:40.661 Df NayaVedAI[63826:21011c] [com.apple.network:connection] nw_endpoint_resolver_update [C167.1 Hostname#b33e072a:8081 in_progress resolver (satisfied (Path is satisfied), interface: en0[802.11], uses wifi, LQM: unknown)] Adding endpoint handler for IPv4#eafe643d:8081
2026-01-28 16:14:40.661 Db NayaVedAI[63826:21011c] [com.apple.network:connection] nw_endpoint_resolver_update [C167.1 Hostname#b33e072a:8081 in_progress resolver (satisfied (Path is satisfied), interface: en0[802.11], uses wifi, LQM: unknown)] Updated endpoint list is (IPv6#9530c712.8081,IPv4#eafe643d:8081)
2026-01-28 16:14:40.661 Db NayaVedAI[63826:21011c] [com.apple.network:connection] nw_endpoint_flow_receive_report [C167 Hostname#b33e072a:8081 in_progress parent-flow (satisfied (Path is satisfied), interface: en0[802.11], uses wifi, LQM: unknown)] received child report: [C167.1 Hostname#b33e072a:8081 in_progress resolver (satisfied (Path is satisfied), interface: en0[802.11], uses wifi, LQM: unknown)]
2026-01-28 16:14:40.661 Df NayaVedAI[63826:21011c] [com.apple.network:connection] [C167.1 Hostname#b33e072a:8081 in_progress resolver (satisfied (Path is satisfied), interface: en0[802.11], uses wifi, LQM: unknown)] event: resolver:receive_dns @0.004s
2026-01-28 16:14:40.661 I  NayaVedAI[63826:21011c] [com.apple.network:connection] nw_endpoint_resolver_start_next_child [C167.1 Hostname#b33e072a:8081 in_progress resolver (satisfied (Path is satisfied), interface: en0[802.11], uses wifi, LQM: unknown)] starting child endpoint IPv6#9530c712.8081
2026-01-28 16:14:40.661 I  NayaVedAI[63826:21011c] [com.apple.network:connection] nw_endpoint_handler_start [C167.1.1 IPv6#9530c712.8081 initial path ((null))]
2026-01-28 16:14:40.661 Db NayaVedAI[63826:21011c] [com.apple.network:connection] nw_endpoint_resolver_receive_report [C167.1 Hostname#b33e072a:8081 in_progress resolver (satisfied (Path is satisfied), interface: en0[802.11], uses wifi, LQM: unknown)] received child report: [C167.1.1 IPv6#9530c712.8081 initial path ((null))]
2026-01-28 16:14:40.661 Db NayaVedAI[63826:21011c] [com.apple.network:connection] nw_endpoint_flow_receive_report [C167 Hostname#b33e072a:8081 in_progress parent-flow (satisfied (Path is satisfied), interface: en0[802.11], uses wifi, LQM: unknown)] received child report: [C167.1.1 IPv6#9530c712.8081 initial path ((null))]
2026-01-28 16:14:40.661 Df NayaVedAI[63826:21011c] [com.apple.network:connection] [C167.1.1 IPv6#9530c712.8081 initial path ((null))] event: path:start @0.004s
2026-01-28 16:14:40.661 Db NayaVedAI[63826:21011c] [com.apple.network:connection] nw_endpoint_handler_path_change [C167.1.1 IPv6#9530c712.8081 waiting path (satisfied (Path is satisfied), interface: lo0)]
2026-01-28 16:14:40.661 Db NayaVedAI[63826:21011c] [com.apple.network:connection] nw_endpoint_resolver_receive_report [C167.1 Hostname#b33e072a:8081 in_progress resolver (satisfied (Path is satisfied), interface: en0[802.11], uses wifi, LQM: unknown)] received child report: [C167.1.1 IPv6#9530c712.8081 waiting path (satisfied (Path is satisfied), interface: lo0)]
2026-01-28 16:14:40.661 Db NayaVedAI[63826:21011c] [com.apple.network:connection] nw_endpoint_flow_receive_report [C167 Hostname#b33e072a:8081 in_progress parent-flow (satisfied (Path is satisfied), interface: en0[802.11], uses wifi, LQM: unknown)] received child report: [C167.1.1 IPv6#9530c712.8081 waiting path (satisfied (Path is satisfied), interface: lo0)]
2026-01-28 16:14:40.661 Df NayaVedAI[63826:21011c] [com.apple.network:connection] [C167.1.1 IPv6#9530c712.8081 waiting path (satisfied (Path is satisfied), interface: lo0)] event: path:satisfied @0.004s, uuid: 2CD0511D-BA02-49C7-824A-BDF60DE324A5
2026-01-28 16:14:40.661 I  NayaVedAI[63826:21011c] [com.apple.network:connection] nw_association_create_flow <nw_association IPv6#9530c712.8081> Added association flow ID 16E4161C-A3D5-4056-B3A0-5568E6786D0D
2026-01-28 16:14:40.661 I  NayaVedAI[63826:21011c] [com.apple.network:connection] nw_endpoint_flow_setup_protocols [C167.1.1 IPv6#9530c712.8081 in_progress socket-flow (satisfied (Path is satisfied), interface: lo0)] setup flow id 16E4161C-A3D5-4056-B3A0-5568E6786D0D
2026-01-28 16:14:40.661 Db NayaVedAI[63826:21011c] [com.apple.network:connection] nw_endpoint_flow_attach_protocols [C167.1.1 IPv6#9530c712.8081 in_progress socket-flow (satisfied (Path is satisfied), interface: lo0)]
2026-01-28 16:14:40.662 Db NayaVedAI[63826:21011c] [com.apple.network:] nw_fd_wrapper_create Created <fd_wrapper 22, guarded: false>
2026-01-28 16:14:40.662 Df NayaVedAI[63826:21011c] [com.apple.network:connection] nw_socket_initialize_socket [C167.1.1:1] Not guarding fd 22
2026-01-28 16:14:40.662 Db NayaVedAI[63826:21011c] [com.apple.network:connection] nw_endpoint_flow_attach_protocols [C167.1.1 IPv6#9530c712.8081 in_progress socket-flow (satisfied (Path is satisfied), interface: lo0)] Attached socket protocol
2026-01-28 16:14:40.662 Db NayaVedAI[63826:21011c] [com.apple.network:connection] nw_endpoint_flow_setup_protocols [C167.1.1 IPv6#9530c712.8081 in_progress socket-flow (satisfied (Path is satisfied), interface: lo0)] leaf flow starting
2026-01-28 16:14:40.662 Db NayaVedAI[63826:21011c] [com.apple.network:connection] nw_endpoint_resolver_receive_report [C167.1 Hostname#b33e072a:8081 in_progress resolver (satisfied (Path is satisfied), interface: en0[802.11], uses wifi, LQM: unknown)] received child report: [C167.1.1 IPv6#9530c712.8081 in_progress socket-flow (satisfied (Path is satisfied), interface: lo0)]
2026-01-28 16:14:40.662 Db NayaVedAI[63826:21011c] [com.apple.network:connection] nw_endpoint_flow_receive_report [C167 Hostname#b33e072a:8081 in_progress parent-flow (satisfied (Path is satisfied), interface: en0[802.11], uses wifi, LQM: unknown)] received child report: [C167.1.1 IPv6#9530c712.8081 in_progress socket-flow (satisfied (Path is satisfied), interface: lo0)]
2026-01-28 16:14:40.662 Df NayaVedAI[63826:21011c] [com.apple.network:connection] [C167.1.1 IPv6#9530c712.8081 in_progress socket-flow (satisfied (Path is satisfied), interface: lo0)] event: flow:start_connect @0.004s
2026-01-28 16:14:40.662 I  NayaVedAI[63826:21011c] [com.apple.network:connection] nw_endpoint_resolver_start_next_child [C167.1 Hostname#b33e072a:8081 in_progress resolver (satisfied (Path is satisfied), interface: en0[802.11], uses wifi, LQM: unknown)] starting next child endpoint in 100ms
2026-01-28 16:14:40.662 Db NayaVedAI[63826:21011c] [com.apple.network:connection] nw_socket_handle_socket_event [C167.1.1:1] Event mask: 0x800
2026-01-28 16:14:40.662 Df NayaVedAI[63826:21011c] [com.apple.network:connection] nw_socket_handle_socket_event [C167.1.1:1] Socket received CONNECTED event
2026-01-28 16:14:40.662 Db NayaVedAI[63826:21011c] [com.apple.network:connection] nw_socket_setup_notsent_lowat [C167.1.1:1] Set TCP_NOTSENT_LOWAT(16384)
2026-01-28 16:14:40.662 Df NayaVedAI[63826:21011c] [com.apple.network:connection] nw_flow_connected [C167.1.1 IPv6#9530c712.8081 in_progress socket-flow (satisfied (Path is satisfied), interface: lo0)] Output protocol connected (socket)
2026-01-28 16:14:40.662 Db NayaVedAI[63826:21011c] [com.apple.network:connection] nw_endpoint_flow_connected_path_change [C167.1.1 IPv6#9530c712.8081 ready socket-flow (satisfied (Path is satisfied), interface: lo0)]
2026-01-28 16:14:40.662 I  NayaVedAI[63826:21011c] [com.apple.network:connection] nw_endpoint_flow_connected_path_change [C167.1.1 IPv6#9530c712.8081 ready socket-flow (satisfied (Path is satisfied), interface: lo0)] Connected path is satisfied, not viable
2026-01-28 16:14:40.662 Db NayaVedAI[63826:21011c] [com.apple.network:connection] nw_endpoint_resolver_receive_report [C167.1 Hostname#b33e072a:8081 in_progress resolver (satisfied (Path is satisfied), interface: en0[802.11], uses wifi, LQM: unknown)] received child report: [C167.1.1 IPv6#9530c712.8081 ready socket-flow (satisfied (Path is satisfied), interface: lo0)]
2026-01-28 16:14:40.662 Db NayaVedAI[63826:21011c] [com.apple.network:connection] nw_endpoint_flow_receive_report [C167 Hostname#b33e072a:8081 in_progress parent-flow (satisfied (Path is satisfied), interface: en0[802.11], uses wifi, LQM: unknown)] received child report: [C167.1.1 IPv6#9530c712.8081 ready socket-flow (satisfied (Path is satisfied), interface: lo0)]
2026-01-28 16:14:40.662 Df NayaVedAI[63826:21011c] [com.apple.network:connection] [C167.1.1 IPv6#9530c712.8081 ready socket-flow (satisfied (Path is satisfied), interface: lo0)] event: flow:child_finish_connect @0.005s
2026-01-28 16:14:40.662 Db NayaVedAI[63826:21011c] [com.apple.network:connection] nw_endpoint_flow_receive_report [C167 IPv6#9530c712.8081 in_progress parent-flow (satisfied (Path is satisfied), interface: en0[802.11], uses wifi, LQM: unknown)] connecting endpoint_flow to child's shared protocol
2026-01-28 16:14:40.662 Db NayaVedAI[63826:21011c] [com.apple.network:connection] nw_endpoint_flow_setup_protocols [C167 IPv6#9530c712.8081 in_progress parent-flow (satisfied (Path is satisfied), interface: en0[802.11], uses wifi, LQM: unknown)] already set up
2026-01-28 16:14:40.662 Db NayaVedAI[63826:21011c] [com.apple.network:connection] nw_endpoint_flow_setup_protocols [C167 IPv6#9530c712.8081 in_progress parent-flow (satisfied (Path is satisfied), interface: en0[802.11], uses wifi, LQM: unknown)] child flow connected, starting
2026-01-28 16:14:40.662 Db NayaVedAI[63826:21011c] [com.apple.network:connection] nw_endpoint_flow_setup_protocols [C167 IPv6#9530c712.8081 in_progress parent-flow (satisfied (Path is satisfied), interface: en0[802.11], uses wifi, LQM: unknown)] already started
2026-01-28 16:14:40.662 Db NayaVedAI[63826:21011c] [com.apple.network:connection] nw_endpoint_flow_receive_report [C167 IPv6#9530c712.8081 in_progress parent-flow (satisfied (Path is satisfied), interface: en0[802.11], uses wifi, LQM: unknown)] received child report: [C167.1 Hostname#b33e072a:8081 ready resolver (satisfied (Path is satisfied), interface: en0[802.11], uses wifi, LQM: unknown)]
2026-01-28 16:14:40.662 Df NayaVedAI[63826:21011c] [com.apple.network:connection] [C167.1 Hostname#b33e072a:8081 ready resolver (satisfied (Path is satisfied), interface: en0[802.11], uses wifi, LQM: unknown)] event: flow:child_finish_connect @0.005s
2026-01-28 16:14:40.662 I  NayaVedAI[63826:21011c] [com.apple.network:connection] nw_endpoint_handler_cancel [C167.1.2 IPv4#eafe643d:8081 initial path ((null))]
2026-01-28 16:14:40.662 Df NayaVedAI[63826:21011c] [com.apple.network:connection] nw_flow_connected [C167 IPv6#9530c712.8081 in_progress parent-flow (satisfied (Path is satisfied), interface: en0[802.11], uses wifi, LQM: unknown)] Output protocol connected (endpoint_flow)
2026-01-28 16:14:40.663 Db NayaVedAI[63826:21011c] [com.apple.network:connection] nw_endpoint_flow_connected_path_change [C167 IPv6#9530c712.8081 ready parent-flow (satisfied (Path is satisfied), interface: en0[802.11], uses wifi, LQM: unknown)]
2026-01-28 16:14:40.663 I  NayaVedAI[63826:21011c] [com.apple.network:connection] nw_endpoint_flow_connected_path_change [C167 IPv6#9530c712.8081 ready parent-flow (satisfied (Path is satisfied), interface: en0[802.11], uses wifi, LQM: unknown)] Connected path is satisfied, child is not viable
2026-01-28 16:14:40.663 Df NayaVedAI[63826:21011c] [com.apple.network:connection] [C167 IPv6#9530c712.8081 ready parent-flow (satisfied (Path is satisfied), interface: en0[802.11], uses wifi, LQM: unknown)] event: flow:finish_connect @0.005s
2026-01-28 16:14:40.663 Db NayaVedAI[63826:21011c] [com.apple.network:connection] nw_connection_run_pqtls_probe_locked_on_nw_queue [C167] No TLS metadata; not running PQ-TLS probe
2026-01-28 16:14:40.663 Db NayaVedAI[63826:21011c] [com.apple.network:connection] nw_connection_run_ech_probe_locked_on_nw_queue [C167] stack doesn't include TLS; not running ECH probe
2026-01-28 16:14:40.663 Db NayaVedAI[63826:21011c] [com.apple.network:connection] nw_connection_endpoint_report_on_nw_queue_block_invoke [C167] Connected fallback generation 0
2026-01-28 16:14:40.663 I  NayaVedAI[63826:21011c] [com.apple.network:connection] nw_connection_start_candidate_manager_if_needed_locked [C167] Checking whether to start candidate manager
2026-01-28 16:14:40.663 Db NayaVedAI[63826:21011c] [com.apple.network:connection] nw_connection_start_candidate_manager_if_needed_locked [C167] Connection does not support multipath, not starting candidate manager
2026-01-28 16:14:40.663 Df NayaVedAI[63826:21011c] [com.apple.network:connection] nw_connection_report_state_with_handler_on_nw_queue [C167] reporting state ready
2026-01-28 16:14:40.663 Db NayaVedAI[63826:20fef9] [com.apple.network:] tcp_connection_start_block_invoke 167 sending event TCP_CONNECTION_EVENT_CONNECTED in response to state ready and error (null)
2026-01-28 16:14:40.663 Db NayaVedAI[63826:20fef9] [com.apple.network:] tcp_connection_fillout_event_locked 167 event: TCP_CONNECTION_EVENT_CONNECTED, reason: nw_connection event, should deliver: true
2026-01-28 16:14:40.663 Db NayaVedAI[63826:20fef9] [com.apple.network:] tcp_connection_get_statistics DNS: 4ms/4ms since start, TCP: 0ms/0ms since start, TLS: 0ms/0ms since start
2026-01-28 16:14:40.663 Df NayaVedAI[63826:20fef9] [com.apple.CFNetwork:Default] TCP Conn 0x600003348640 event 1. err: 0
2026-01-28 16:14:40.663 Db NayaVedAI[63826:20fef9] [com.apple.network:] tcp_connection_get_socket 167 dupfd: 23, takeownership: true
2026-01-28 16:14:40.663 Df NayaVedAI[63826:20fef9] [com.apple.CFNetwork:Default] TCP Conn 0x600003348640 complete. fd: 23, err: 0
2026-01-28 16:14:40.756 I  NayaVedAI[63826:20fabf] [com.apple.Accessibility:AXRuntimeNotifications] Attempting to send notification:  (1018) <private>
2026-01-28 16:14:40.756 I  NayaVedAI[63826:20fabf] [com.apple.Accessibility:AXRuntimeNotifications] Did post notification. notification:  (1018) error:0 data:<private>
2026-01-28 16:14:40.765 Df NayaVedAI[63826:21011c] [com.apple.CFNetwork:Default] Task <16829097-8607-4D23-8439-371C65D169AE>.<1> resuming, timeouts(60.0, 604800.0) qos(0x19) voucher((null)) activity(00000000-0000-0000-0000-000000000000)
2026-01-28 16:14:40.765 Db NayaVedAI[63826:21011c] [com.apple.network:activity] Returning should log: 0 for activity cfnetwork:foreground_task
2026-01-28 16:14:40.765 Db NayaVedAI[63826:21011c] [com.apple.network:activity] Domain cfnetwork rate configured in registry as 1 / 20000
2026-01-28 16:14:40.765 Db NayaVedAI[63826:21011c] [com.apple.network:activity] Domain cfnetwork rate configured after remote default override as 1 / 20000
2026-01-28 16:14:40.765 Db NayaVedAI[63826:21011c] [com.apple.network:activity] After reading settings plist, domain cfnetwork rate configured as 1 / 2000000
2026-01-28 16:14:40.765 Db NayaVedAI[63826:21011c] [com.apple.network:activity] After settings override, domain cfnetwork rate configured as 1 / 2000000
2026-01-28 16:14:40.765 Db NayaVedAI[63826:21011c] [com.apple.network:activity] Final domain cfnetwork rate configured as 1 / 2000000
2026-01-28 16:14:40.765 Db NayaVedAI[63826:21011c] [com.apple.network:activity] <nw_activity 12:2 [No UUID] (reporting strategy default)> sampled at 1 / 2000000
2026-01-28 16:14:40.765 Db NayaVedAI[63826:21011c] [com.apple.network:activity] Returning should log: 0 for activity cfnetwork:foreground_task
2026-01-28 16:14:40.765 Db NayaVedAI[63826:21011c] [com.apple.network:activity] Returning should log: 0 for activity cfnetwork:foreground_task
2026-01-28 16:14:40.765 Db NayaVedAI[63826:21011c] [com.apple.CFNetwork:Default] [Telemetry]: Activity <nw_activity 12:2 [C1A2FC7D-645C-4DB3-943E-B0DBB3159A6E] (reporting strategy default)> on Task <16829097-8607-4D23-8439-371C65D169AE>.<1> was not selected for reporting
2026-01-28 16:14:40.766 Db NayaVedAI[63826:20fef9] [com.apple.CFNetwork:ATS] Uploading ATS exception ATSAllowsLocalNetworking
2026-01-28 16:14:40.766 A  NayaVedAI[63826:21011c] (Security) SecTrustReportNetworkingAnalytics
2026-01-28 16:14:40.766 I  NayaVedAI[63826:20fef9] [com.apple.network:connection] nw_connection_create_with_id [C168] create connection to Hostname#b33e072a:8081
2026-01-28 16:14:40.766 Df NayaVedAI[63826:20fef9] [com.apple.CFNetwork:Default] Connection 168: starting, TC(0x0)
2026-01-28 16:14:40.766 Df NayaVedAI[63826:20fef9] [com.apple.network:connection] [C168 9B3A0ECC-B22A-4C76-807D-E637A8A850E5 Hostname#b33e072a:8081 tcp, url: http://localhost:8081/assets/, definite, attribution: developer, context: com.apple.CFNetwork.NSURLSession.{CEB7944C-97A6-45B8-A3FC-5A5845F55A37}{(null)}{Y}{2}{0x0} (private), proc: 63B02D91-D502-3FF5-9842-92830ECC12FF, delegated upid: 0] start
2026-01-28 16:14:40.766 I  NayaVedAI[63826:20fef9] [com.apple.network:connection] nw_endpoint_handler_start [C168 Hostname#b33e072a:8081 initial parent-flow ((null))]
2026-01-28 16:14:40.766 Df NayaVedAI[63826:20fef9] [com.apple.network:connection] [C168 Hostname#b33e072a:8081 initial parent-flow ((null))] event: path:start @0.000s
2026-01-28 16:14:40.766 Db NayaVedAI[63826:20fef9] [com.apple.network:connection] nw_endpoint_handler_path_change [C168 Hostname#b33e072a:8081 waiting parent-flow (satisfied (Path is satisfied), interface: en0[802.11], uses wifi, LQM: unknown)]
2026-01-28 16:14:40.766 Db NayaVedAI[63826:20fef9] [com.apple.networkextension:] ne_tracker_check_is_hostname_blocked() proceeding with the in_the_app check for hostname: localhost
2026-01-28 16:14:40.766 Db NayaVedAI[63826:20fef9] [com.apple.CFBundle:resources] Resource lookup at CFBundle 0x600003b10000 </Users/shivi.agarwal/Library/Developer/CoreSimulator/Devices/AC7E343F-585F-430E-B17D-BDD649803605/data/Containers/Bundle/Application/526E8406-59B6-4C05-9D18-38A7EF2F46C7/NayaVedAI.app> (executable, loaded)
	Request       : InfoPlist type: strings
	Result        : None
2026-01-28 16:14:40.766 Db NayaVedAI[63826:20fef9] [com.apple.CFBundle:resources] Resource lookup at CFBundle 0x600003b10000 </Users/shivi.agarwal/Library/Developer/CoreSimulator/Devices/AC7E343F-585F-430E-B17D-BDD649803605/data/Containers/Bundle/Application/526E8406-59B6-4C05-9D18-38A7EF2F46C7/NayaVedAI.app> (executable, loaded)
	Request       : InfoPlist type: stringsdict
	Result        : None
2026-01-28 16:14:40.766 Db NayaVedAI[63826:20fef9] [com.apple.networkextension:] ne_tracker_check_is_hostname_blocked(): hostname localhost is not a tracker. Returning: ne_tracker_status_none
2026-01-28 16:14:40.766 Df NayaVedAI[63826:20fef9] [com.apple.network:connection] [C168 Hostname#b33e072a:8081 waiting parent-flow (satisfied (Path is satisfied), interface: en0[802.11], uses wifi, LQM: unknown)] event: path:satisfied @0.000s, uuid: A7B0C507-19BA-4351-977A-E33EA41C2C1E
2026-01-28 16:14:40.766 I  NayaVedAI[63826:20fef9] [com.apple.network:connection] nw_connection_endpoint_report_on_nw_queue_block_invoke [C168 Hostname#b33e072a:8081 waiting parent-flow (satisfied (Path is satisfied), interface: en0[802.11], uses wifi, LQM: unknown)] skipping state update
2026-01-28 16:14:40.766 Db NayaVedAI[63826:20fef9] [com.apple.network:] nw_endpoint_proxy_handler_should_use_proxy Looking up proxy for hostname: localhost, ifindex: 0
2026-01-28 16:14:40.766 Df NayaVedAI[63826:21011c] [com.apple.securityd:SecError] SecTrustReportNetworkingAnalytics failed with error: -4
2026-01-28 16:14:40.766 Db NayaVedAI[63826:20fef9] [com.apple.SystemConfiguration:SCPreferences] create <SCPreferences 0x12e4df2e0 [0x1e578fa80]> {name = SCDynamicStoreCopyProxiesWithOptions, id = /Library/Managed Preferences/mobile/com.apple.SystemConfiguration.plist, path = /Library/Managed Preferences/mobile/com.apple.SystemConfiguration.plist}
2026-01-28 16:14:40.766 Db NayaVedAI[63826:20fef9] [com.apple.SystemConfiguration:SCPreferences] SCPreferences() access: /Library/Managed Preferences/mobile/com.apple.SystemConfiguration.plist, size=0
2026-01-28 16:14:40.767 Db NayaVedAI[63826:20fef9] [com.apple.SystemConfiguration:SCPreferences] release <SCPreferences 0x12e4df2e0 [0x1e578fa80]> {name = SCDynamicStoreCopyProxiesWithOptions, id = /Library/Managed Preferences/mobile/com.apple.SystemConfiguration.plist, path = /Library/Managed Preferences/mobile/com.apple.SystemConfiguration.plist, accessed}
2026-01-28 16:14:40.767 Db NayaVedAI[63826:20fef9] [com.apple.network:connection] nw_endpoint_flow_attach_protocols [C168 Hostname#b33e072a:8081 in_progress parent-flow (satisfied (Path is satisfied), interface: en0[802.11], uses wifi, LQM: unknown)]
2026-01-28 16:14:40.767 Db NayaVedAI[63826:20fef9] [com.apple.network:connection] nw_endpoint_flow_attach_protocols [C168 Hostname#b33e072a:8081 in_progress parent-flow (satisfied (Path is satisfied), interface: en0[802.11], uses wifi, LQM: unknown)] stopping after adding persistent application protocols
2026-01-28 16:14:40.767 Db NayaVedAI[63826:20fef9] [com.apple.network:connection] nw_endpoint_flow_setup_protocols [C168 Hostname#b33e072a:8081 in_progress parent-flow (satisfied (Path is satisfied), interface: en0[802.11], uses wifi, LQM: unknown)] persistent protocol stack, starting
2026-01-28 16:14:40.767 Df NayaVedAI[63826:20fef9] [com.apple.network:connection] [C168 Hostname#b33e072a:8081 in_progress parent-flow (satisfied (Path is satisfied), interface: en0[802.11], uses wifi, LQM: unknown)] event: flow:start_connect @0.000s
2026-01-28 16:14:40.767 Df NayaVedAI[63826:20fef9] [com.apple.network:connection] nw_connection_report_state_with_handler_on_nw_queue [C168] reporting state preparing
2026-01-28 16:14:40.767 I  NayaVedAI[63826:20fef9] [com.apple.network:connection] nw_endpoint_flow_connect [C168 Hostname#b33e072a:8081 in_progress parent-flow (satisfied (Path is satisfied), interface: en0[802.11], uses wifi, LQM: unknown)] connect bottom protocol
2026-01-28 16:14:40.767 Db NayaVedAI[63826:20fef9] [com.apple.network:connection] nw_endpoint_flow_start_child [C168 Hostname#b33e072a:8081 in_progress parent-flow (satisfied (Path is satisfied), interface: en0[802.11], uses wifi, LQM: unknown)] creating and starting child handler
2026-01-28 16:14:40.767 Db NayaVedAI[63826:20fef9] [com.apple.network:] nw_endpoint_proxy_handler_should_use_proxy Looking up proxy for hostname: localhost, ifindex: 0
2026-01-28 16:14:40.767 Db NayaVedAI[63826:20fef9] [com.apple.SystemConfiguration:SCPreferences] create <SCPreferences 0x108ac0ff0 [0x1e578fa80]> {name = SCDynamicStoreCopyProxiesWithOptions, id = /Library/Managed Preferences/mobile/com.apple.SystemConfiguration.plist, path = /Library/Managed Preferences/mobile/com.apple.SystemConfiguration.plist}
2026-01-28 16:14:40.767 Db NayaVedAI[63826:20fef9] [com.apple.SystemConfiguration:SCPreferences] SCPreferences() access: /Library/Managed Preferences/mobile/com.apple.SystemConfiguration.plist, size=0
2026-01-28 16:14:40.767 Db NayaVedAI[63826:20fef9] [com.apple.SystemConfiguration:SCPreferences] release <SCPreferences 0x108ac0ff0 [0x1e578fa80]> {name = SCDynamicStoreCopyProxiesWithOptions, id = /Library/Managed Preferences/mobile/com.apple.SystemConfiguration.plist, path = /Library/Managed Preferences/mobile/com.apple.SystemConfiguration.plist, accessed}
2026-01-28 16:14:40.767 Df NayaVedAI[63826:20fef9] [com.apple.network:connection] [C168 Hostname#b33e072a:8081 in_progress parent-flow (satisfied (Path is satisfied), interface: en0[802.11], uses wifi, LQM: unknown)] event: flow:start_child @0.001s
2026-01-28 16:14:40.767 I  NayaVedAI[63826:20fef9] [com.apple.network:connection] nw_endpoint_handler_start [C168.1 Hostname#b33e072a:8081 initial path ((null))]
2026-01-28 16:14:40.767 Db NayaVedAI[63826:20fef9] [com.apple.network:connection] nw_endpoint_flow_receive_report [C168 Hostname#b33e072a:8081 in_progress parent-flow (satisfied (Path is satisfied), interface: en0[802.11], uses wifi, LQM: unknown)] received child report: [C168.1 Hostname#b33e072a:8081 initial path ((null))]
2026-01-28 16:14:40.767 Df NayaVedAI[63826:20fef9] [com.apple.network:connection] [C168.1 Hostname#b33e072a:8081 initial path ((null))] event: path:start @0.001s
2026-01-28 16:14:40.767 Db NayaVedAI[63826:20fef9] [com.apple.network:connection] nw_endpoint_handler_path_change [C168.1 Hostname#b33e072a:8081 waiting path (satisfied (Path is satisfied), interface: en0[802.11], uses wifi, LQM: unknown)]
2026-01-28 16:14:40.767 Db NayaVedAI[63826:20fef9] [com.apple.networkextension:] ne_tracker_check_is_hostname_blocked() proceeding with the in_the_app check for hostname: localhost
2026-01-28 16:14:40.767 Db NayaVedAI[63826:20fef9] [com.apple.CFBundle:resources] Resource lookup at CFBundle 0x600003b10000 </Users/shivi.agarwal/Library/Developer/CoreSimulator/Devices/AC7E343F-585F-430E-B17D-BDD649803605/data/Containers/Bundle/Application/526E8406-59B6-4C05-9D18-38A7EF2F46C7/NayaVedAI.app> (executable, loaded)
	Request       : InfoPlist type: strings
	Result        : None
2026-01-28 16:14:40.767 Db NayaVedAI[63826:20fef9] [com.apple.CFBundle:resources] Resource lookup at CFBundle 0x600003b10000 </Users/shivi.agarwal/Library/Developer/CoreSimulator/Devices/AC7E343F-585F-430E-B17D-BDD649803605/data/Containers/Bundle/Application/526E8406-59B6-4C05-9D18-38A7EF2F46C7/NayaVedAI.app> (executable, loaded)
	Request       : InfoPlist type: stringsdict
	Result        : None
2026-01-28 16:14:40.767 Db NayaVedAI[63826:20fef9] [com.apple.networkextension:] ne_tracker_check_is_hostname_blocked(): hostname localhost is not a tracker. Returning: ne_tracker_status_none
2026-01-28 16:14:40.767 Db NayaVedAI[63826:20fef9] [com.apple.network:connection] nw_endpoint_flow_receive_report [C168 Hostname#b33e072a:8081 in_progress parent-flow (satisfied (Path is satisfied), interface: en0[802.11], uses wifi, LQM: unknown)] received child report: [C168.1 Hostname#b33e072a:8081 waiting path (satisfied (Path is satisfied), interface: en0[802.11], uses wifi, LQM: unknown)]
2026-01-28 16:14:40.767 Df NayaVedAI[63826:20fef9] [com.apple.network:connection] [C168.1 Hostname#b33e072a:8081 waiting path (satisfied (Path is satisfied), interface: en0[802.11], uses wifi, LQM: unknown)] event: path:satisfied @0.001s, uuid: A7B0C507-19BA-4351-977A-E33EA41C2C1E
2026-01-28 16:14:40.767 Db NayaVedAI[63826:20fef9] [com.apple.network:] nw_endpoint_proxy_handler_should_use_proxy Looking up proxy for hostname: localhost, ifindex: 0
2026-01-28 16:14:40.767 Db NayaVedAI[63826:20fef9] [com.apple.SystemConfiguration:SCPreferences] create <SCPreferences 0x108ac0ff0 [0x1e578fa80]> {name = SCDynamicStoreCopyProxiesWithOptions, id = /Library/Managed Preferences/mobile/com.apple.SystemConfiguration.plist, path = /Library/Managed Preferences/mobile/com.apple.SystemConfiguration.plist}
2026-01-28 16:14:40.767 Db NayaVedAI[63826:20fef9] [com.apple.SystemConfiguration:SCPreferences] SCPreferences() access: /Library/Managed Preferences/mobile/com.apple.SystemConfiguration.plist, size=0
2026-01-28 16:14:40.767 Db NayaVedAI[63826:20fef9] [com.apple.SystemConfiguration:SCPreferences] release <SCPreferences 0x108ac0ff0 [0x1e578fa80]> {name = SCDynamicStoreCopyProxiesWithOptions, id = /Library/Managed Preferences/mobile/com.apple.SystemConfiguration.plist, path = /Library/Managed Preferences/mobile/com.apple.SystemConfiguration.plist, accessed}
2026-01-28 16:14:40.767 Db NayaVedAI[63826:20fef9] [com.apple.network:connection] -[NWConcrete_nw_endpoint_resolver startWithHandler:] [C168.1 Hostname#b33e072a:8081 waiting resolver (satisfied (Path is satisfied), interface: en0[802.11], uses wifi, LQM: unknown)]
2026-01-28 16:14:40.767 Db NayaVedAI[63826:20fef9] [com.apple.network:connection] nw_endpoint_flow_receive_report [C168 Hostname#b33e072a:8081 in_progress parent-flow (satisfied (Path is satisfied), interface: en0[802.11], uses wifi, LQM: unknown)] received child report: [C168.1 Hostname#b33e072a:8081 in_progress resolver (satisfied (Path is satisfied), interface: en0[802.11], uses wifi, LQM: unknown)]
2026-01-28 16:14:40.767 Df NayaVedAI[63826:20fef9] [com.apple.network:connection] [C168.1 Hostname#b33e072a:8081 in_progress resolver (satisfied (Path is satisfied), interface: en0[802.11], uses wifi, LQM: unknown)] event: resolver:start_dns @0.001s
2026-01-28 16:14:40.768 Db NayaVedAI[63826:20fef9] [com.apple.networkextension:] ne_tracker_check_is_hostname_blocked() proceeding with the in_the_app check for hostname: localhost
2026-01-28 16:14:40.768 Db NayaVedAI[63826:20fef9] [com.apple.CFBundle:resources] Resource lookup at CFBundle 0x600003b10000 </Users/shivi.agarwal/Library/Developer/CoreSimulator/Devices/AC7E343F-585F-430E-B17D-BDD649803605/data/Containers/Bundle/Application/526E8406-59B6-4C05-9D18-38A7EF2F46C7/NayaVedAI.app> (executable, loaded)
	Request       : InfoPlist type: strings
	Result        : None
2026-01-28 16:14:40.768 Db NayaVedAI[63826:20fef9] [com.apple.CFBundle:resources] Resource lookup at CFBundle 0x600003b10000 </Users/shivi.agarwal/Library/Developer/CoreSimulator/Devices/AC7E343F-585F-430E-B17D-BDD649803605/data/Containers/Bundle/Application/526E8406-59B6-4C05-9D18-38A7EF2F46C7/NayaVedAI.app> (executable, loaded)
	Request       : InfoPlist type: stringsdict
	Result        : None
2026-01-28 16:14:40.768 Db NayaVedAI[63826:20fef9] [com.apple.networkextension:] ne_tracker_check_is_hostname_blocked(): hostname localhost is not a tracker. Returning: ne_tracker_status_none
2026-01-28 16:14:40.768 I  NayaVedAI[63826:20fef9] [com.apple.network:connection] nw_resolver_create_dns_service_locked [C168.1] Starting host resolution Hostname#b33e072a:8081, flags 0xc000d000 proto 0
2026-01-28 16:14:40.768 Df NayaVedAI[63826:20fef9] [com.apple.CFNetwork:Default] Task <16829097-8607-4D23-8439-371C65D169AE>.<1> setting up Connection 168
2026-01-28 16:14:40.768 Db NayaVedAI[63826:20fef9] [com.apple.network:activity] Returning should log: 0 for activity cfnetwork:foreground_task
2026-01-28 16:14:40.768 I  NayaVedAI[63826:20fef9] [com.apple.network:connection] nw_resolver_host_resolve_callback [C168.1] flags=0x40000003 ifindex=4294967295 error=NoError(0) hostname=localhost. addr=IPv6#42e9e5e9 ttl=1
2026-01-28 16:14:40.768 I  NayaVedAI[63826:20fef9] [com.apple.network:connection] nw_resolver_host_resolve_callback [C168.1] flags=0x40000002 ifindex=4294967295 error=NoError(0) hostname=localhost. addr=IPv4#075c8fe9 ttl=1
2026-01-28 16:14:40.768 Db NayaVedAI[63826:20fef9] [com.apple.network:] sa_dst_compare_rfc6724 Rule 6, prefer d2, d2 precedence 50 > d1 precedence 35
2026-01-28 16:14:40.768 Db NayaVedAI[63826:20fef9] [com.apple.network:] sa_dst_compare_internal <private>@0 < <private>@0
2026-01-28 16:14:40.768 Db NayaVedAI[63826:20fef9] [com.apple.network:connection] nw_endpoint_resolver_update [C168.1 Hostname#b33e072a:8081 in_progress resolver (satisfied (Path is satisfied), interface: en0[802.11], uses wifi, LQM: unknown)] resolver is complete
2026-01-28 16:14:40.768 Df NayaVedAI[63826:20fef9] [com.apple.network:connection] nw_endpoint_resolver_update [C168.1 Hostname#b33e072a:8081 in_progress resolver (satisfied (Path is satisfied), interface: en0[802.11], uses wifi, LQM: unknown)] Adding endpoint handler for IPv6#9530c712.8081
2026-01-28 16:14:40.768 Df NayaVedAI[63826:20fef9] [com.apple.network:connection] nw_endpoint_resolver_update [C168.1 Hostname#b33e072a:8081 in_progress resolver (satisfied (Path is satisfied), interface: en0[802.11], uses wifi, LQM: unknown)] Adding endpoint handler for IPv4#eafe643d:8081
2026-01-28 16:14:40.768 Db NayaVedAI[63826:20fef9] [com.apple.network:connection] nw_endpoint_resolver_update [C168.1 Hostname#b33e072a:8081 in_progress resolver (satisfied (Path is satisfied), interface: en0[802.11], uses wifi, LQM: unknown)] Updated endpoint list is (IPv6#9530c712.8081,IPv4#eafe643d:8081)
2026-01-28 16:14:40.768 Db NayaVedAI[63826:20fef9] [com.apple.network:connection] nw_endpoint_flow_receive_report [C168 Hostname#b33e072a:8081 in_progress parent-flow (satisfied (Path is satisfied), interface: en0[802.11], uses wifi, LQM: unknown)] received child report: [C168.1 Hostname#b33e072a:8081 in_progress resolver (satisfied (Path is satisfied), interface: en0[802.11], uses wifi, LQM: unknown)]
2026-01-28 16:14:40.768 Df NayaVedAI[63826:20fef9] [com.apple.network:connection] [C168.1 Hostname#b33e072a:8081 in_progress resolver (satisfied (Path is satisfied), interface: en0[802.11], uses wifi, LQM: unknown)] event: resolver:receive_dns @0.002s
2026-01-28 16:14:40.768 I  NayaVedAI[63826:20fef9] [com.apple.network:connection] nw_endpoint_resolver_start_next_child [C168.1 Hostname#b33e072a:8081 in_progress resolver (satisfied (Path is satisfied), interface: en0[802.11], uses wifi, LQM: unknown)] starting child endpoint IPv6#9530c712.8081
2026-01-28 16:14:40.768 I  NayaVedAI[63826:20fef9] [com.apple.network:connection] nw_endpoint_handler_start [C168.1.1 IPv6#9530c712.8081 initial path ((null))]
2026-01-28 16:14:40.768 Db NayaVedAI[63826:20fef9] [com.apple.network:connection] nw_endpoint_resolver_receive_report [C168.1 Hostname#b33e072a:8081 in_progress resolver (satisfied (Path is satisfied), interface: en0[802.11], uses wifi, LQM: unknown)] received child report: [C168.1.1 IPv6#9530c712.8081 initial path ((null))]
2026-01-28 16:14:40.769 Db NayaVedAI[63826:20fef9] [com.apple.network:connection] nw_endpoint_flow_receive_report [C168 Hostname#b33e072a:8081 in_progress parent-flow (satisfied (Path is satisfied), interface: en0[802.11], uses wifi, LQM: unknown)] received child report: [C168.1.1 IPv6#9530c712.8081 initial path ((null))]
2026-01-28 16:14:40.769 Df NayaVedAI[63826:20fef9] [com.apple.network:connection] [C168.1.1 IPv6#9530c712.8081 initial path ((null))] event: path:start @0.002s
2026-01-28 16:14:40.769 Db NayaVedAI[63826:20fef9] [com.apple.network:connection] nw_endpoint_handler_path_change [C168.1.1 IPv6#9530c712.8081 waiting path (satisfied (Path is satisfied), interface: lo0)]
2026-01-28 16:14:40.769 Db NayaVedAI[63826:20fef9] [com.apple.network:connection] nw_endpoint_resolver_receive_report [C168.1 Hostname#b33e072a:8081 in_progress resolver (satisfied (Path is satisfied), interface: en0[802.11], uses wifi, LQM: unknown)] received child report: [C168.1.1 IPv6#9530c712.8081 waiting path (satisfied (Path is satisfied), interface: lo0)]
2026-01-28 16:14:40.769 Db NayaVedAI[63826:20fef9] [com.apple.network:connection] nw_endpoint_flow_receive_report [C168 Hostname#b33e072a:8081 in_progress parent-flow (satisfied (Path is satisfied), interface: en0[802.11], uses wifi, LQM: unknown)] received child report: [C168.1.1 IPv6#9530c712.8081 waiting path (satisfied (Path is satisfied), interface: lo0)]
2026-01-28 16:14:40.769 Df NayaVedAI[63826:20fef9] [com.apple.network:connection] [C168.1.1 IPv6#9530c712.8081 waiting path (satisfied (Path is satisfied), interface: lo0)] event: path:satisfied @0.002s, uuid: 98BC55E8-B943-4CBF-9223-912882D73073
2026-01-28 16:14:40.769 Db NayaVedAI[63826:20fef9] [com.apple.network:] nw_endpoint_proxy_handler_should_use_proxy Looking up proxy for hostname: <nil>, ifindex: 0
2026-01-28 16:14:40.769 Db NayaVedAI[63826:20fef9] [com.apple.SystemConfiguration:SCPreferences] create <SCPreferences 0x12e4df630 [0x1e578fa80]> {name = SCDynamicStoreCopyProxiesWithOptions, id = /Library/Managed Preferences/mobile/com.apple.SystemConfiguration.plist, path = /Library/Managed Preferences/mobile/com.apple.SystemConfiguration.plist}
2026-01-28 16:14:40.769 Db NayaVedAI[63826:20fef9] [com.apple.SystemConfiguration:SCPreferences] SCPreferences() access: /Library/Managed Preferences/mobile/com.apple.SystemConfiguration.plist, size=0
2026-01-28 16:14:40.769 Db NayaVedAI[63826:20fef9] [com.apple.SystemConfiguration:SCPreferences] release <SCPreferences 0x12e4df630 [0x1e578fa80]> {name = SCDynamicStoreCopyProxiesWithOptions, id = /Library/Managed Preferences/mobile/com.apple.SystemConfiguration.plist, path = /Library/Managed Preferences/mobile/com.apple.SystemConfiguration.plist, accessed}
2026-01-28 16:14:40.769 I  NayaVedAI[63826:20fef9] [com.apple.network:connection] nw_association_create_flow <nw_association IPv6#9530c712.8081> Added association flow ID CA7BF156-3F59-483E-86B9-4AB9EFB74FF1
2026-01-28 16:14:40.769 I  NayaVedAI[63826:20fef9] [com.apple.network:connection] nw_endpoint_flow_setup_protocols [C168.1.1 IPv6#9530c712.8081 in_progress socket-flow (satisfied (Path is satisfied), interface: lo0)] setup flow id CA7BF156-3F59-483E-86B9-4AB9EFB74FF1
2026-01-28 16:14:40.769 Db NayaVedAI[63826:20fef9] [com.apple.network:connection] nw_endpoint_flow_attach_protocols [C168.1.1 IPv6#9530c712.8081 in_progress socket-flow (satisfied (Path is satisfied), interface: lo0)]
2026-01-28 16:14:40.769 Db NayaVedAI[63826:20fef9] [com.apple.network:connection] nw_endpoint_flow_attach_protocols_block_invoke [C168.1.1 IPv6#9530c712.8081 in_progress socket-flow (satisfied (Path is satisfied), interface: lo0)] Attached application protocol: CFNetworkConnection-1110212295
2026-01-28 16:14:40.769 Db NayaVedAI[63826:20fef9] [com.apple.network:] nw_fd_wrapper_create Created <fd_wrapper 24, guarded: false>
2026-01-28 16:14:40.769 Db NayaVedAI[63826:20fef9] [com.apple.network:connection] nw_endpoint_flow_attach_protocols [C168.1.1 IPv6#9530c712.8081 in_progress socket-flow (satisfied (Path is satisfied), interface: lo0)] Attached socket protocol
2026-01-28 16:14:40.769 Db NayaVedAI[63826:20fef9] [com.apple.network:connection] nw_endpoint_flow_setup_protocols [C168.1.1 IPv6#9530c712.8081 in_progress socket-flow (satisfied (Path is satisfied), interface: lo0)] leaf flow starting
2026-01-28 16:14:40.769 Db NayaVedAI[63826:20fef9] [com.apple.network:connection] nw_endpoint_resolver_receive_report [C168.1 Hostname#b33e072a:8081 in_progress resolver (satisfied (Path is satisfied), interface: en0[802.11], uses wifi, LQM: unknown)] received child report: [C168.1.1 IPv6#9530c712.8081 in_progress socket-flow (satisfied (Path is satisfied), interface: lo0)]
2026-01-28 16:14:40.769 Db NayaVedAI[63826:20fef9] [com.apple.network:connection] nw_endpoint_flow_receive_report [C168 Hostname#b33e072a:8081 in_progress parent-flow (satisfied (Path is satisfied), interface: en0[802.11], uses wifi, LQM: unknown)] received child report: [C168.1.1 IPv6#9530c712.8081 in_progress socket-flow (satisfied (Path is satisfied), interface: lo0)]
2026-01-28 16:14:40.769 Df NayaVedAI[63826:20fef9] [com.apple.network:connection] [C168.1.1 IPv6#9530c712.8081 in_progress socket-flow (satisfied (Path is satisfied), interface: lo0)] event: flow:start_connect @0.003s
2026-01-28 16:14:40.770 I  NayaVedAI[63826:20fef9] [com.apple.network:connection] nw_endpoint_resolver_start_next_child [C168.1 Hostname#b33e072a:8081 in_progress resolver (satisfied (Path is satisfied), interface: en0[802.11], uses wifi, LQM: unknown)] starting next child endpoint in 100ms
2026-01-28 16:14:40.770 Db NayaVedAI[63826:20fef9] [com.apple.network:connection] nw_socket_handle_socket_event [C168.1.1:2] Event mask: 0x800
2026-01-28 16:14:40.770 Df NayaVedAI[63826:20fef9] [com.apple.network:connection] nw_socket_handle_socket_event [C168.1.1:2] Socket received CONNECTED event
2026-01-28 16:14:40.770 Db NayaVedAI[63826:20fef9] [com.apple.network:connection] nw_socket_setup_notsent_lowat [C168.1.1:2] Set TCP_NOTSENT_LOWAT(16384)
2026-01-28 16:14:40.770 Df NayaVedAI[63826:20fef9] [com.apple.network:connection] nw_flow_connected [C168.1.1 IPv6#9530c712.8081 in_progress socket-flow (satisfied (Path is satisfied), interface: lo0)] Transport protocol connected (socket)
2026-01-28 16:14:40.770 Db NayaVedAI[63826:20fef9] [com.apple.network:connection] nw_endpoint_resolver_receive_report [C168.1 Hostname#b33e072a:8081 in_progress resolver (satisfied (Path is satisfied), interface: en0[802.11], uses wifi, LQM: unknown)] received child report: [C168.1.1 IPv6#9530c712.8081 in_progress socket-flow (satisfied (Path is satisfied), interface: lo0)]
2026-01-28 16:14:40.770 Db NayaVedAI[63826:20fef9] [com.apple.network:connection] nw_endpoint_flow_receive_report [C168 Hostname#b33e072a:8081 in_progress parent-flow (satisfied (Path is satisfied), interface: en0[802.11], uses wifi, LQM: unknown)] received child report: [C168.1.1 IPv6#9530c712.8081 in_progress socket-flow (satisfied (Path is satisfied), interface: lo0)]
2026-01-28 16:14:40.770 Df NayaVedAI[63826:20fef9] [com.apple.network:connection] [C168.1.1 IPv6#9530c712.8081 in_progress socket-flow (satisfied (Path is satisfied), interface: lo0)] event: flow:finish_transport @0.004s
2026-01-28 16:14:40.770 I  NayaVedAI[63826:20fef9] [com.apple.network:connection] nw_endpoint_resolver_receive_report [C168.1 Hostname#b33e072a:8081 in_progress resolver (satisfied (Path is satisfied), interface: en0[802.11], uses wifi, LQM: unknown)] pushing out endpoint race by 2000ms
2026-01-28 16:14:40.770 Df NayaVedAI[63826:20fef9] [com.apple.network:connection] nw_flow_connected [C168.1.1 IPv6#9530c712.8081 in_progress socket-flow (satisfied (Path is satisfied), interface: lo0)] Output protocol connected (CFNetworkConnection-1110212295)
2026-01-28 16:14:40.770 Db NayaVedAI[63826:20fef9] [com.apple.network:connection] nw_endpoint_flow_connected_path_change [C168.1.1 IPv6#9530c712.8081 ready socket-flow (satisfied (Path is satisfied), interface: lo0)]
2026-01-28 16:14:40.770 I  NayaVedAI[63826:20fef9] [com.apple.network:connection] nw_endpoint_flow_connected_path_change [C168.1.1 IPv6#9530c712.8081 ready socket-flow (satisfied (Path is satisfied), interface: lo0)] Connected path is satisfied, not viable
2026-01-28 16:14:40.770 Db NayaVedAI[63826:20fef9] [com.apple.network:connection] nw_endpoint_resolver_receive_report [C168.1 Hostname#b33e072a:8081 in_progress resolver (satisfied (Path is satisfied), interface: en0[802.11], uses wifi, LQM: unknown)] received child report: [C168.1.1 IPv6#9530c712.8081 ready socket-flow (satisfied (Path is satisfied), interface: lo0)]
2026-01-28 16:14:40.770 Db NayaVedAI[63826:20fef9] [com.apple.network:connection] nw_endpoint_flow_receive_report [C168 Hostname#b33e072a:8081 in_progress parent-flow (satisfied (Path is satisfied), interface: en0[802.11], uses wifi, LQM: unknown)] received child report: [C168.1.1 IPv6#9530c712.8081 ready socket-flow (satisfied (Path is satisfied), interface: lo0)]
2026-01-28 16:14:40.770 Df NayaVedAI[63826:20fef9] [com.apple.network:connection] [C168.1.1 IPv6#9530c712.8081 ready socket-flow (satisfied (Path is satisfied), interface: lo0)] event: flow:child_finish_connect @0.004s
2026-01-28 16:14:40.770 Db NayaVedAI[63826:20fef9] [com.apple.network:connection] nw_endpoint_flow_receive_report [C168 IPv6#9530c712.8081 in_progress parent-flow (satisfied (Path is satisfied), interface: en0[802.11], uses wifi, LQM: unknown)] connecting endpoint_flow to child's shared protocol
2026-01-28 16:14:40.770 Db NayaVedAI[63826:20fef9] [com.apple.network:connection] nw_endpoint_flow_setup_protocols [C168 IPv6#9530c712.8081 in_progress parent-flow (satisfied (Path is satisfied), interface: en0[802.11], uses wifi, LQM: unknown)] already set up
2026-01-28 16:14:40.770 Db NayaVedAI[63826:20fef9] [com.apple.network:connection] nw_endpoint_flow_setup_protocols [C168 IPv6#9530c712.8081 in_progress parent-flow (satisfied (Path is satisfied), interface: en0[802.11], uses wifi, LQM: unknown)] child flow connected, starting
2026-01-28 16:14:40.770 Db NayaVedAI[63826:20fef9] [com.apple.network:connection] nw_endpoint_flow_setup_protocols [C168 IPv6#9530c712.8081 in_progress parent-flow (satisfied (Path is satisfied), interface: en0[802.11], uses wifi, LQM: unknown)] already started
2026-01-28 16:14:40.770 Db NayaVedAI[63826:20fef9] [com.apple.network:connection] nw_endpoint_flow_receive_report [C168 IPv6#9530c712.8081 in_progress parent-flow (satisfied (Path is satisfied), interface: en0[802.11], uses wifi, LQM: unknown)] received child report: [C168.1 Hostname#b33e072a:8081 ready resolver (satisfied (Path is satisfied), interface: en0[802.11], uses wifi, LQM: unknown)]
2026-01-28 16:14:40.770 Df NayaVedAI[63826:20fef9] [com.apple.network:connection] [C168.1 Hostname#b33e072a:8081 ready resolver (satisfied (Path is satisfied), interface: en0[802.11], uses wifi, LQM: unknown)] event: flow:child_finish_connect @0.004s
2026-01-28 16:14:40.770 I  NayaVedAI[63826:20fef9] [com.apple.network:connection] nw_endpoint_handler_cancel [C168.1.2 IPv4#eafe643d:8081 initial path ((null))]
2026-01-28 16:14:40.770 Df NayaVedAI[63826:20fef9] [com.apple.network:connection] nw_flow_connected [C168 IPv6#9530c712.8081 in_progress parent-flow (satisfied (Path is satisfied), interface: en0[802.11], uses wifi, LQM: unknown)] Output protocol connected (endpoint_flow)
2026-01-28 16:14:40.770 Db NayaVedAI[63826:20fef9] [com.apple.network:connection] nw_endpoint_flow_connected_path_change [C168 IPv6#9530c712.8081 ready parent-flow (satisfied (Path is satisfied), interface: en0[802.11], uses wifi, LQM: unknown)]
2026-01-28 16:14:40.770 I  NayaVedAI[63826:20fef9] [com.apple.network:connection] nw_endpoint_flow_connected_path_change [C168 IPv6#9530c712.8081 ready parent-flow (satisfied (Path is satisfied), interface: en0[802.11], uses wifi, LQM: unknown)] Connected path is satisfied, child is not viable
2026-01-28 16:14:40.770 Df NayaVedAI[63826:20fef9] [com.apple.network:connection] [C168 IPv6#9530c712.8081 ready parent-flow (satisfied (Path is satisfied), interface: en0[802.11], uses wifi, LQM: unknown)] event: flow:finish_connect @0.004s
2026-01-28 16:14:40.770 Db NayaVedAI[63826:20fef9] [com.apple.network:connection] nw_connection_run_pqtls_probe_locked_on_nw_queue [C168] No TLS metadata; not running PQ-TLS probe
2026-01-28 16:14:40.770 Db NayaVedAI[63826:20fef9] [com.apple.network:connection] nw_connection_run_ech_probe_locked_on_nw_queue [C168] stack doesn't include TLS; not running ECH probe
2026-01-28 16:14:40.770 Db NayaVedAI[63826:20fef9] [com.apple.network:connection] nw_connection_endpoint_report_on_nw_queue_block_invoke [C168] Connected fallback generation 0
2026-01-28 16:14:40.771 I  NayaVedAI[63826:20fef9] [com.apple.network:connection] nw_connection_start_candidate_manager_if_needed_locked [C168] Checking whether to start candidate manager
2026-01-28 16:14:40.771 Db NayaVedAI[63826:20fef9] [com.apple.network:connection] nw_connection_start_candidate_manager_if_needed_locked [C168] Connection does not support multipath, not starting candidate manager
2026-01-28 16:14:40.771 Df NayaVedAI[63826:20fef9] [com.apple.network:connection] nw_connection_report_state_with_handler_on_nw_queue [C168] reporting state ready
2026-01-28 16:14:40.771 Df NayaVedAI[63826:20fef9] [com.apple.CFNetwork:Default] Connection 168: connected successfully
2026-01-28 16:14:40.771 Df NayaVedAI[63826:20fef9] [com.apple.CFNetwork:Default] Connection 168: ready C(N) E(N)
2026-01-28 16:14:40.771 Db NayaVedAI[63826:20fef9] [com.apple.CFNetwork:Default] Task <16829097-8607-4D23-8439-371C65D169AE>.<1> done setting up Connection 168
2026-01-28 16:14:40.771 Db NayaVedAI[63826:20fef9] [com.apple.network:activity] Returning should log: 0 for activity cfnetwork:foreground_task
2026-01-28 16:14:40.771 Df NayaVedAI[63826:20fef9] [com.apple.CFNetwork:Default] Task <16829097-8607-4D23-8439-371C65D169AE>.<1> now using Connection 168
2026-01-28 16:14:40.771 Db NayaVedAI[63826:20fef9] [com.apple.network:activity] Returning should log: 0 for activity cfnetwork:foreground_task
2026-01-28 16:14:40.771 Df NayaVedAI[63826:20fef9] [com.apple.CFNetwork:Default] Task <16829097-8607-4D23-8439-371C65D169AE>.<1> sent request, body N 0
2026-01-28 16:14:40.772 Df NayaVedAI[63826:21011c] [com.apple.CFNetwork:Default] Task <16829097-8607-4D23-8439-371C65D169AE>.<1> received response, status 200 content K
2026-01-28 16:14:40.772 Db NayaVedAI[63826:21011c] [com.apple.network:connection] nw_connection_modify_estimated_bytes_block_invoke [C168] Incremented estimated bytes to receive by 187, total now 187
2026-01-28 16:14:40.772 Db NayaVedAI[63826:21011c] [com.apple.network:connection] nw_connection_modify_estimated_bytes_block_invoke [C168] Using lower threshold 12582912, upper threshold 31457280
2026-01-28 16:14:40.772 Df NayaVedAI[63826:21011c] [com.apple.CFNetwork:Default] Task <16829097-8607-4D23-8439-371C65D169AE>.<1> response ended
2026-01-28 16:14:40.772 Df NayaVedAI[63826:21011c] [com.apple.CFNetwork:Default] Task <16829097-8607-4D23-8439-371C65D169AE>.<1> done using Connection 168
2026-01-28 16:14:40.772 Db NayaVedAI[63826:21011c] [com.apple.network:activity] Returning should log: 0 for activity cfnetwork:foreground_task
2026-01-28 16:14:40.772 Db NayaVedAI[63826:21011c] [com.apple.CFNetwork:Default] Connection 168: set is idle true
2026-01-28 16:14:40.772 Df NayaVedAI[63826:21011c] [com.apple.network:connection] [C168] event: client:connection_idle @0.006s
2026-01-28 16:14:40.772 I  NayaVedAI[63826:21011c] [com.apple.network:connection] nw_endpoint_handler_report_connection_idle [C168 IPv6#9530c712.8081 ready parent-flow (satisfied (Path is satisfied), interface: en0[802.11], uses wifi, LQM: unknown)] Reporting connection idle to protocols
2026-01-28 16:14:40.772 I  NayaVedAI[63826:21011c] [com.apple.network:connection] nw_flow_passthrough_notify [C168.1.1 IPv6#9530c712.8081 ready socket-flow (satisfied (Path is satisfied), interface: lo0)] received notification connection_idle
2026-01-28 16:14:40.772 Df NayaVedAI[63826:20fef8] [com.apple.CFNetwork:Summary] Task <16829097-8607-4D23-8439-371C65D169AE>.<1> summary for task success {transaction_duration_ms=6, response_status=200, connection=168, protocol="http/1.1", domain_lookup_duration_ms=1, connect_duration_ms=1, secure_connection_duration_ms=0, private_relay=false, request_start_ms=5, request_duration_ms=0, response_start_ms=6, response_duration_ms=0, request_bytes=370, request_throughput_kbps=42300, response_bytes=498, response_throughput_kbps=17786, cache_hit=false}
2026-01-28 16:14:40.772 Df NayaVedAI[63826:21011c] [com.apple.network:connection] nw_protocol_socket_notify [C168.1.1:2] nw_protocol_notification_type_connection_idle is true
2026-01-28 16:14:40.772 Df NayaVedAI[63826:20fef8] [com.apple.CFNetwork:Default] Task <16829097-8607-4D23-8439-371C65D169AE>.<1> finished successfully
2026-01-28 16:14:40.772 Db NayaVedAI[63826:21011c] [com.apple.CFNetwork:Default] Connection 168: set is idle true
2026-01-28 16:14:40.772 Db NayaVedAI[63826:20fef8] [com.apple.network:activity] Returning should log: 0 for activity cfnetwork:foreground_task
2026-01-28 16:14:40.772 Df NayaVedAI[63826:21011c] [com.apple.network:connection] [C168] event: client:connection_idle @0.006s
2026-01-28 16:14:40.772 Db NayaVedAI[63826:20fef8] [com.apple.network:activity] Returning should log: 0 for activity cfnetwork:foreground_task
2026-01-28 16:14:40.772 I  NayaVedAI[63826:21011c] [com.apple.network:connection] nw_endpoint_handler_report_connection_idle [C168 IPv6#9530c712.8081 ready parent-flow (satisfied (Path is satisfied), interface: en0[802.11], uses wifi, LQM: unknown)] Reporting connection idle to protocols
2026-01-28 16:14:40.772 Db NayaVedAI[63826:20fef8] [com.apple.network:activity] No threshold for cfnetwork:foreground_task, returning NW_ACTIVITY_DURATION_INVALID
2026-01-28 16:14:40.772 I  NayaVedAI[63826:21011c] [com.apple.network:connection] nw_flow_passthrough_notify [C168.1.1 IPv6#9530c712.8081 ready socket-flow (satisfied (Path is satisfied), interface: lo0)] received notification connection_idle
2026-01-28 16:14:40.772 Db NayaVedAI[63826:20fef8] [com.apple.network:activity] No threshold for activity <nw_activity 12:2 [C1A2FC7D-645C-4DB3-943E-B0DBB3159A6E] (reporting strategy default) complete (reason success)>
2026-01-28 16:14:40.772 Df NayaVedAI[63826:21011c] [com.apple.network:connection] nw_protocol_socket_notify [C168.1.1:2] nw_protocol_notification_type_connection_idle is true
2026-01-28 16:14:40.773 Df NayaVedAI[63826:21011c] [com.apple.CFNetwork:Default] Task <BE39F413-25E5-4EDF-AAF3-A5A836ECDE11>.<2> resuming, timeouts(0.0, 604800.0) qos(0x19) voucher((null)) activity(00000000-0000-0000-0000-000000000000)
2026-01-28 16:14:40.773 Db NayaVedAI[63826:21011c] [com.apple.network:activity] Returning should log: 0 for activity cfnetwork:foreground_task
2026-01-28 16:14:40.773 Db NayaVedAI[63826:21011c] [com.apple.network:activity] Domain cfnetwork rate configured in registry as 1 / 20000
2026-01-28 16:14:40.774 Db NayaVedAI[63826:21011c] [com.apple.network:activity] Domain cfnetwork rate configured after remote default override as 1 / 20000
2026-01-28 16:14:40.774 Db NayaVedAI[63826:21011c] [com.apple.network:activity] After reading settings plist, domain cfnetwork rate configured as 1 / 2000000
2026-01-28 16:14:40.774 Db NayaVedAI[63826:21011c] [com.apple.network:activity] After settings override, domain cfnetwork rate configured as 1 / 2000000
2026-01-28 16:14:40.774 Db NayaVedAI[63826:21011c] [com.apple.network:activity] Final domain cfnetwork rate configured as 1 / 2000000
2026-01-28 16:14:40.774 Db NayaVedAI[63826:21011c] [com.apple.network:activity] <nw_activity 12:2 [No UUID] (reporting strategy default)> sampled at 1 / 2000000
2026-01-28 16:14:40.774 Db NayaVedAI[63826:21011c] [com.apple.network:activity] Returning should log: 0 for activity cfnetwork:foreground_task
2026-01-28 16:14:40.774 Db NayaVedAI[63826:21011c] [com.apple.network:activity] Returning should log: 0 for activity cfnetwork:foreground_task
2026-01-28 16:14:40.774 Db NayaVedAI[63826:21011c] [com.apple.CFNetwork:Default] [Telemetry]: Activity <nw_activity 12:2 [138EB777-6D67-467A-916C-CA7BBF4EC870] (reporting strategy default)> on Task <BE39F413-25E5-4EDF-AAF3-A5A836ECDE11>.<2> was not selected for reporting
2026-01-28 16:14:40.774 Db NayaVedAI[63826:20fef9] [com.apple.CFNetwork:ATS] Uploading ATS exception ATSAllowsLocalNetworking
2026-01-28 16:14:40.774 A  NayaVedAI[63826:21011c] (Security) SecTrustReportNetworkingAnalytics
2026-01-28 16:14:40.774 Db NayaVedAI[63826:20fef9] [com.apple.CFNetwork:Default] Connection 168: set is idle true
2026-01-28 16:14:40.774 Df NayaVedAI[63826:20fef9] [com.apple.network:connection] [C168] event: client:connection_idle @0.008s
2026-01-28 16:14:40.774 I  NayaVedAI[63826:20fef9] [com.apple.network:connection] nw_endpoint_handler_report_connection_idle [C168 IPv6#9530c712.8081 ready parent-flow (satisfied (Path is satisfied), interface: en0[802.11], uses wifi, LQM: unknown)] Reporting connection idle to protocols
2026-01-28 16:14:40.774 I  NayaVedAI[63826:20fef9] [com.apple.network:connection] nw_flow_passthrough_notify [C168.1.1 IPv6#9530c712.8081 ready socket-flow (satisfied (Path is satisfied), interface: lo0)] received notification connection_idle
2026-01-28 16:14:40.774 Df NayaVedAI[63826:20fef9] [com.apple.network:connection] nw_protocol_socket_notify [C168.1.1:2] nw_protocol_notification_type_connection_idle is true
2026-01-28 16:14:40.774 Df NayaVedAI[63826:20fef9] [com.apple.CFNetwork:Default] Task <BE39F413-25E5-4EDF-AAF3-A5A836ECDE11>.<2> now using Connection 168
2026-01-28 16:14:40.774 Db NayaVedAI[63826:20fef9] [com.apple.network:activity] Returning should log: 0 for activity cfnetwork:foreground_task
2026-01-28 16:14:40.774 Db NayaVedAI[63826:20fef9] [com.apple.network:connection] nw_connection_modify_estimated_bytes_block_invoke [C168] Incremented estimated bytes to send by 12, total now 12
2026-01-28 16:14:40.774 Db NayaVedAI[63826:20fef9] [com.apple.network:connection] nw_connection_modify_estimated_bytes_block_invoke [C168] Using lower threshold 12582912, upper threshold 31457280
2026-01-28 16:14:40.774 Db NayaVedAI[63826:20fef9] [com.apple.CFNetwork:Default] Connection 168: set is idle false
2026-01-28 16:14:40.774 Df NayaVedAI[63826:20fef9] [com.apple.network:connection] [C168] event: client:connection_reused @0.008s
2026-01-28 16:14:40.774 I  NayaVedAI[63826:20fef9] [com.apple.network:connection] nw_endpoint_handler_report_connection_idle [C168 IPv6#9530c712.8081 ready parent-flow (satisfied (Path is satisfied), interface: en0[802.11], uses wifi, LQM: unknown)] Reporting connection not idle to protocols
2026-01-28 16:14:40.774 I  NayaVedAI[63826:20fef9] [com.apple.network:connection] nw_flow_passthrough_notify [C168.1.1 IPv6#9530c712.8081 ready socket-flow (satisfied (Path is satisfied), interface: lo0)] received notification connection_idle
2026-01-28 16:14:40.774 Df NayaVedAI[63826:20fef9] [com.apple.network:connection] nw_protocol_socket_notify [C168.1.1:2] nw_protocol_notification_type_connection_idle is false
2026-01-28 16:14:40.774 Df NayaVedAI[63826:21011c] [com.apple.securityd:SecError] SecTrustReportNetworkingAnalytics failed with error: -4
2026-01-28 16:14:40.774 Df NayaVedAI[63826:20fef8] [com.apple.CFNetwork:Default] Task <BE39F413-25E5-4EDF-AAF3-A5A836ECDE11>.<2> sent request, body S 12
2026-01-28 16:14:40.775 Df NayaVedAI[63826:21011c] [com.apple.CFNetwork:Default] Task <BE39F413-25E5-4EDF-AAF3-A5A836ECDE11>.<2> received response, status 200 content K
2026-01-28 16:14:40.775 Db NayaVedAI[63826:21011c] [com.apple.network:connection] nw_connection_modify_estimated_bytes_block_invoke [C168] Incremented estimated bytes to receive by 29, total now 216
2026-01-28 16:14:40.775 Db NayaVedAI[63826:21011c] [com.apple.network:connection] nw_connection_modify_estimated_bytes_block_invoke [C168] Using lower threshold 12582912, upper threshold 31457280
2026-01-28 16:14:40.775 Df NayaVedAI[63826:21011c] [com.apple.CFNetwork:Default] Task <BE39F413-25E5-4EDF-AAF3-A5A836ECDE11>.<2> response ended
2026-01-28 16:14:40.775 Df NayaVedAI[63826:21011c] [com.apple.CFNetwork:Default] Task <BE39F413-25E5-4EDF-AAF3-A5A836ECDE11>.<2> done using Connection 168
2026-01-28 16:14:40.775 Db NayaVedAI[63826:21011c] [com.apple.network:activity] Returning should log: 0 for activity cfnetwork:foreground_task
2026-01-28 16:14:40.775 Db NayaVedAI[63826:21011c] [com.apple.CFNetwork:Default] Connection 168: set is idle true
2026-01-28 16:14:40.775 Df NayaVedAI[63826:21011c] [com.apple.network:connection] [C168] event: client:connection_idle @0.009s
2026-01-28 16:14:40.775 Df NayaVedAI[63826:20fef9] [com.apple.CFNetwork:Summary] Task <BE39F413-25E5-4EDF-AAF3-A5A836ECDE11>.<2> summary for task success {transaction_duration_ms=1, response_status=200, connection=168, reused=1, reused_after_ms=0, request_start_ms=0, request_duration_ms=0, response_start_ms=1, response_duration_ms=0, request_bytes=291, request_throughput_kbps=8374, response_bytes=314, response_throughput_kbps=12373, cache_hit=false}
2026-01-28 16:14:40.775 I  NayaVedAI[63826:21011c] [com.apple.network:connection] nw_endpoint_handler_report_connection_idle [C168 IPv6#9530c712.8081 ready parent-flow (satisfied (Path is satisfied), interface: en0[802.11], uses wifi, LQM: unknown)] Reporting connection idle to protocols
2026-01-28 16:14:40.775 Df NayaVedAI[63826:20fef9] [com.apple.CFNetwork:Default] Task <BE39F413-25E5-4EDF-AAF3-A5A836ECDE11>.<2> finished successfully
2026-01-28 16:14:40.775 I  NayaVedAI[63826:21011c] [com.apple.network:connection] nw_flow_passthrough_notify [C168.1.1 IPv6#9530c712.8081 ready socket-flow (satisfied (Path is satisfied), interface: lo0)] received notification connection_idle
2026-01-28 16:14:40.775 Db NayaVedAI[63826:20fef9] [com.apple.network:activity] Returning should log: 0 for activity cfnetwork:foreground_task
2026-01-28 16:14:40.775 Df NayaVedAI[63826:21011c] [com.apple.network:connection] nw_protocol_socket_notify [C168.1.1:2] nw_protocol_notification_type_connection_idle is true
2026-01-28 16:14:40.775 Db NayaVedAI[63826:20fef9] [com.apple.network:activity] Returning should log: 0 for activity cfnetwork:foreground_task
2026-01-28 16:14:40.775 Db NayaVedAI[63826:21011c] [com.apple.CFNetwork:Default] Connection 168: set is idle true
2026-01-28 16:14:40.775 Db NayaVedAI[63826:20fef9] [com.apple.network:activity] No threshold for cfnetwork:foreground_task, returning NW_ACTIVITY_DURATION_INVALID
2026-01-28 16:14:40.775 Df NayaVedAI[63826:21011c] [com.apple.network:connection] [C168] event: client:connection_idle @0.009s
2026-01-28 16:14:40.776 Db NayaVedAI[63826:20fef9] [com.apple.network:activity] No threshold for activity <nw_activity 12:2 [138EB777-6D67-467A-916C-CA7BBF4EC870] (reporting strategy default) complete (reason success)>
2026-01-28 16:14:40.776 I  NayaVedAI[63826:21011c] [com.apple.network:connection] nw_endpoint_handler_report_connection_idle [C168 IPv6#9530c712.8081 ready parent-flow (satisfied (Path is satisfied), interface: en0[802.11], uses wifi, LQM: unknown)] Reporting connection idle to protocols
2026-01-28 16:14:40.776 I  NayaVedAI[63826:21011c] [com.apple.network:connection] nw_flow_passthrough_notify [C168.1.1 IPv6#9530c712.8081 ready socket-flow (satisfied (Path is satisfied), interface: lo0)] received notification connection_idle
2026-01-28 16:14:40.776 Df NayaVedAI[63826:21011c] [com.apple.network:connection] nw_protocol_socket_notify [C168.1.1:2] nw_protocol_notification_type_connection_idle is true
2026-01-28 16:14:40.779 I  NayaVedAI[63826:21014f] [com.wix.DetoxSync:DTXJSTimerSyncResource] [DTXJSTimerSyncResource] Observing timer 2 with duration 0.00 ms
2026-01-28 16:14:40.779 Db NayaVedAI[63826:20fabf] [com.apple.defaults:User Defaults] looked up value 1 for key RCTI18nUtil_makeRTLFlipLeftAndRightStyles in CFPrefsPlistSource<0x600002c00600> (Domain: com.nayaved.app, User: kCFPreferencesCurrentUser, ByHost: No, Container: (null), Contents Need Refresh: No) via CFPrefsSearchListSource<0x600002c00200> (Domain: com.nayaved.app, Container: (null) Non-launch persona: 0)
2026-01-28 16:14:40.779 Db NayaVedAI[63826:20fabf] [com.apple.defaults:User Defaults] looked up value 1 for key RCTI18nUtil_makeRTLFlipLeftAndRightStyles in CFPrefsPlistSource<0x600002c00600> (Domain: com.nayaved.app, User: kCFPreferencesCurrentUser, ByHost: No, Container: (null), Contents Need Refresh: No) via CFPrefsSearchListSource<0x600002c00200> (Domain: com.nayaved.app, Container: (null) Non-launch persona: 0)
2026-01-28 16:14:40.779 Db NayaVedAI[63826:20fabf] [com.apple.defaults:User Defaults] looked up value 1 for key RCTI18nUtil_makeRTLFlipLeftAndRightStyles in CFPrefsPlistSource<0x600002c00600> (Domain: com.nayaved.app, User: kCFPreferencesCurrentUser, ByHost: No, Container: (null), Contents Need Refresh: No) via CFPrefsSearchListSource<0x600002c00200> (Domain: com.nayaved.app, Container: (null) Non-launch persona: 0)
2026-01-28 16:14:40.878 I  NayaVedAI[63826:20fabf] [com.apple.Accessibility:AXRuntimeNotifications] Attempting to send notification:  (1001) <private>
2026-01-28 16:14:40.879 I  NayaVedAI[63826:20fabf] [com.apple.Accessibility:AXRuntimeNotifications] Did post notification. notification:  (1001) error:0 data:<private>
2026-01-28 16:14:40.970 I  NayaVedAI[63826:20fabf] [com.apple.Accessibility:AXRuntimeNotifications] Attempting to send notification:  (1001) <private>
2026-01-28 16:14:40.970 I  NayaVedAI[63826:20fabf] [com.apple.Accessibility:AXRuntimeNotifications] Did post notification. notification:  (1001) error:0 data:<private>
2026-01-28 16:14:41.155 I  NayaVedAI[63826:20fabf] [com.apple.Accessibility:AXRuntimeNotifications] Attempting to send notification:  (1000) <private>
2026-01-28 16:14:41.155 I  NayaVedAI[63826:20fabf] [com.apple.Accessibility:AXRuntimeNotifications] Attempting to send notification:  (1000) <private>
2026-01-28 16:14:41.155 I  NayaVedAI[63826:20fabf] [com.apple.Accessibility:AXRuntimeNotifications] Did post notification. notification:  (1000) error:0 data:<private>
2026-01-28 16:14:42.378 I  NayaVedAI[63826:20fee4] [com.wix.DetoxSync:DTXJSTimerSyncResource] [DTXJSTimerSyncResource] Timer 2 timed out after 1599.78 ms
2026-01-28 16:14:42.381 I  NayaVedAI[63826:20fabf] [com.wix.Detox:WebSocket] Action received: invoke
2026-01-28 16:14:42.387 Db NayaVedAI[63826:20fabf] [com.apple.CFBundle:strings] Bundle: CFBundle 0x600003b00000 </Library/Developer/CoreSimulator/Volumes/iOS_23C54/Library/Developer/CoreSimulator/Profiles/Runtimes/iOS 26.2.simruntime/Contents/Resources/RuntimeRoot/System/Library/AccessibilityBundles/UIKit.axbundle> (framework, loaded), key: scroll.bar.vertical, value: , table: Accessibility, localizationNames: (null), result: Vertical scroll bar
2026-01-28 16:14:42.387 Db NayaVedAI[63826:20fabf] [com.apple.CFBundle:strings] Bundle: CFBundle 0x600003b00000 </Library/Developer/CoreSimulator/Volumes/iOS_23C54/Library/Developer/CoreSimulator/Profiles/Runtimes/iOS 26.2.simruntime/Contents/Resources/RuntimeRoot/System/Library/AccessibilityBundles/UIKit.axbundle> (framework, loaded), key: page.count, value: , table: Accessibility, localizationNames: (null), result: %#@pages@
2026-01-28 16:14:42.387 Db NayaVedAI[63826:20fabf] [com.apple.CFBundle:strings] Bundle: CFBundle 0x600003b00000 </Library/Developer/CoreSimulator/Volumes/iOS_23C54/Library/Developer/CoreSimulator/Profiles/Runtimes/iOS 26.2.simruntime/Contents/Resources/RuntimeRoot/System/Library/AccessibilityBundles/UIKit.axbundle> (framework, loaded), key: scroll.bar.vertical, value: , table: Accessibility, localizationNames: (null), result: Vertical scroll bar
2026-01-28 16:14:42.387 Db NayaVedAI[63826:20fabf] [com.apple.CFBundle:strings] Bundle: CFBundle 0x600003b00000 </Library/Developer/CoreSimulator/Volumes/iOS_23C54/Library/Developer/CoreSimulator/Profiles/Runtimes/iOS 26.2.simruntime/Contents/Resources/RuntimeRoot/System/Library/AccessibilityBundles/UIKit.axbundle> (framework, loaded), key: page.count, value: , table: Accessibility, localizationNames: (null), result: %#@pages@
2026-01-28 16:14:42.387 Db NayaVedAI[63826:20fabf] [com.apple.CFBundle:strings] Bundle: CFBundle 0x600003b00000 </Library/Developer/CoreSimulator/Volumes/iOS_23C54/Library/Developer/CoreSimulator/Profiles/Runtimes/iOS 26.2.simruntime/Contents/Resources/RuntimeRoot/System/Library/AccessibilityBundles/UIKit.axbundle> (framework, loaded), key: scroll.bar.horizontal, value: , table: Accessibility, localizationNames: (null), result: Horizontal scroll bar
2026-01-28 16:14:42.387 Db NayaVedAI[63826:20fabf] [com.apple.CFBundle:strings] Bundle: CFBundle 0x600003b00000 </Library/Developer/CoreSimulator/Volumes/iOS_23C54/Library/Developer/CoreSimulator/Profiles/Runtimes/iOS 26.2.simruntime/Contents/Resources/RuntimeRoot/System/Library/AccessibilityBundles/UIKit.axbundle> (framework, loaded), key: page.count, value: , table: Accessibility, localizationNames: (null), result: %#@pages@
2026-01-28 16:14:42.387 Db NayaVedAI[63826:20fabf] [com.apple.CFBundle:strings] Bundle: CFBundle 0x600003b00000 </Library/Developer/CoreSimulator/Volumes/iOS_23C54/Library/Developer/CoreSimulator/Profiles/Runtimes/iOS 26.2.simruntime/Contents/Resources/RuntimeRoot/System/Library/AccessibilityBundles/UIKit.axbundle> (framework, loaded), key: scroll.bar.horizontal, value: , table: Accessibility, localizationNames: (null), result: Horizontal scroll bar
2026-01-28 16:14:42.387 Db NayaVedAI[63826:20fabf] [com.apple.CFBundle:strings] Bundle: CFBundle 0x600003b00000 </Library/Developer/CoreSimulator/Volumes/iOS_23C54/Library/Developer/CoreSimulator/Profiles/Runtimes/iOS 26.2.simruntime/Contents/Resources/RuntimeRoot/System/Library/AccessibilityBundles/UIKit.axbundle> (framework, loaded), key: page.count, value: , table: Accessibility, localizationNames: (null), result: %#@pages@
2026-01-28 16:14:42.388 Db NayaVedAI[63826:20fabf] [com.apple.defaults:User Defaults] looked up value YES for key detoxDisableHierarchyDump in CFPrefsSource<0x600001700240> (Domain: Volatile, User: , ByHost: No, Container: , Contents Need Refresh: No) via CFPrefsSearchListSource<0x600002c00200> (Domain: com.nayaved.app, Container: (null) Non-launch persona: 0)
2026-01-28 16:14:42.388 Db NayaVedAI[63826:20fabf] [com.apple.defaults:User Defaults] looked up value YES for key detoxDebugVisibility in CFPrefsSource<0x600001700240> (Domain: Volatile, User: , ByHost: No, Container: , Contents Need Refresh: No) via CFPrefsSearchListSource<0x600002c00200> (Domain: com.nayaved.app, Container: (null) Non-launch persona: 0)

