16:10:47.995 detox[63111] B node_modules/.bin/detox test --configuration ios.sim.debug
  data: {
    "id": "f121e3cf-9f88-c999-44a9-6a745aac14f3",
    "detoxConfig": {
      "configurationName": "ios.sim.debug",
      "apps": {
        "default": {
          "type": "ios.app",
          "binaryPath": "ios/build/Build/Products/Debug-iphonesimulator/NayaVedAI.app",
          "build": "xcodebuild -workspace ios/NayaVedAI.xcworkspace -scheme NayaVedAI -configuration Debug -sdk iphonesimulator -derivedDataPath ios/build"
        }
      },
      "artifacts": {
        "rootDir": "e2e/artifacts/ios.sim.debug.2026-01-28 21-10-47Z",
        "plugins": {
          "log": {
            "enabled": true,
            "keepOnlyFailedTestsArtifacts": false
          },
          "screenshot": {
            "shouldTakeAutomaticSnapshots": true,
            "keepOnlyFailedTestsArtifacts": true,
            "takeWhen": {
              "testStart": false,
              "testDone": true
            },
            "enabled": true
          },
          "video": {
            "enabled": false,
            "keepOnlyFailedTestsArtifacts": false
          },
          "instruments": {
            "enabled": false,
            "keepOnlyFailedTestsArtifacts": false
          },
          "uiHierarchy": {
            "enabled": false,
            "keepOnlyFailedTestsArtifacts": false
          }
        }
      },
      "behavior": {
        "init": {
          "keepLockFile": false,
          "reinstallApp": true,
          "exposeGlobals": true
        },
        "cleanup": {
          "shutdownDevice": false
        },
        "launchApp": "auto"
      },
      "cli": {
        "configuration": "ios.sim.debug",
        "start": true
      },
      "commands": [
        {
          "appName": "default",
          "build": "xcodebuild -workspace ios/NayaVedAI.xcworkspace -scheme NayaVedAI -configuration Debug -sdk iphonesimulator -derivedDataPath ios/build"
        }
      ],
      "device": {
        "type": "ios.simulator",
        "device": {
          "type": "iPhone 17 Pro"
        }
      },
      "logger": {
        "level": "info",
        "overrideConsole": true,
        "options": {
          "showLoggerName": true,
          "showPid": true,
          "showLevel": false,
          "showMetadata": false,
          "basepath": "/Users/shivi.agarwal/Desktop/GithubMatLeave/Nayaved App/nayaved-app/node_modules/detox/src",
          "prefixers": {},
          "stringifiers": {}
        }
      },
      "testRunner": {
        "retries": 0,
        "forwardEnv": false,
        "detached": false,
        "bail": false,
        "noRetryArgs": [
          "shard"
        ],
        "jest": {
          "setupTimeout": 120000,
          "teardownTimeout": 30000,
          "retryAfterCircusRetries": false,
          "reportWorkerAssign": true
        },
        "args": {
          "$0": "jest",
          "_": [],
          "config": "e2e/jest.config.js",
          "--": []
        }
      },
      "session": {
        "autoStart": true,
        "debugSynchronization": 10000
      }
    },
    "detoxIPCServer": "primary-63111",
    "testResults": [],
    "testSessionIndex": 0,
    "workersCount": 0
  }
16:10:48.001 detox[63111] i Server path not specified, so defaulting to ipc.config.socketRoot + ipc.config.appspace + ipc.config.id /tmp/detox.primary-63111
16:10:48.002 detox[63111] i starting server on  /tmp/detox.primary-63111 
16:10:48.002 detox[63111] i starting TLS server false
16:10:48.002 detox[63111] i starting server as Unix || Windows Socket
16:10:48.004 detox[63111] i Detox server listening on localhost:49724...
16:10:48.008 detox[63111] i Serialized the session state at: /private/var/folders/xs/zdg5gfcx5ld11ybt7f14r4h40000gn/T/f121e3cf-9f88-c999-44a9-6a745aac14f3.detox.json
16:10:48.009 detox[63111] B jest --config e2e/jest.config.js
16:10:49.745 detox[63112] i Service path not specified, so defaulting to ipc.config.socketRoot + ipc.config.appspace + id 
16:10:49.747 detox[63112] i requested connection to  primary-63111 /tmp/detox.primary-63111
16:10:49.747 detox[63112] i Connecting client on Unix Socket : /tmp/detox.primary-63111
16:10:49.748 detox[63111] i ## socket connection to server detected ##
16:10:49.748 detox[63112] i retrying reset
16:10:49.748 detox[63112] i dispatching event to  primary-63111 /tmp/detox.primary-63111  :  registerContext , { id: 'secondary-63112' }
16:10:49.749 detox[63111] i received event of :  registerContext { id: 'secondary-63112' }
16:10:49.749 detox[63111] i dispatching event to socket  :  registerContextDone {
  testResults: [],
  testSessionIndex: 0,
  unsafe_earlyTeardown: undefined
}
16:10:49.750 detox[63112] i ## received events ##
16:10:49.750 detox[63112] i detected event registerContextDone { testResults: [], testSessionIndex: 0 }
16:10:49.857 detox[63112] B e2e/starter.test.js
16:10:49.879 detox[63112] B set up environment
16:10:49.880 detox[63111] i received event of :  registerWorker { workerId: 'w1' }
16:10:49.880 detox[63111] i dispatching event to socket  :  registerWorkerDone { workersCount: 1 }
16:10:49.880 detox[63111] i broadcasting event to all known sockets listening to  /tmp/detox.primary-63111  :   sessionStateUpdate { workersCount: 1 }
16:10:49.880 detox[63112] i dispatching event to  primary-63111 /tmp/detox.primary-63111  :  registerWorker , { workerId: 'w1' }
16:10:49.880 detox[63112] i ## received events ##
16:10:49.880 detox[63112] i detected event registerWorkerDone { workersCount: 1 }
16:10:50.076 detox[63112] i ## received events ##
16:10:50.076 detox[63112] i detected event sessionStateUpdate { workersCount: 1 }
16:10:50.089 detox[63111] B connection :49724<->:49733
16:10:50.090 detox[63112] i opened web socket to: ws://localhost:49724
16:10:50.091 detox[63112] i send message
  data: {"type":"login","params":{"sessionId":"5266cfe0-9e47-78d5-3645-263eeb6f4eb4","role":"tester"},"messageId":0}
16:10:50.092 detox[63111] i get
  data: {"type":"login","params":{"sessionId":"5266cfe0-9e47-78d5-3645-263eeb6f4eb4","role":"tester"},"messageId":0}
16:10:50.093 detox[63111] i created session 5266cfe0-9e47-78d5-3645-263eeb6f4eb4
16:10:50.093 detox[63111] i send
  data: {
    "type": "loginSuccess",
    "params": {
      "testerConnected": true,
      "appConnected": false
    },
    "messageId": 0
  }
16:10:50.093 detox[63111] i tester joined session 5266cfe0-9e47-78d5-3645-263eeb6f4eb4
16:10:50.094 detox[63112] i get message
  data: {"type":"loginSuccess","params":{"testerConnected":true,"appConnected":false},"messageId":0}
   
16:10:50.552 detox[63112] E set up environment
  error: /Users/shivi.agarwal/Library/Detox/ios/framework/bcd48aa61ce5ad185eec04dfe15f0f51f382f687/Detox.framework could not be found, this means either you changed a version of Xcode or Detox postinstall script was unsuccessful.
          To attempt a fix try running 'detox clean-framework-cache && detox build-framework-cache'
16:10:50.552 detox[63112] B tear down environment
16:10:50.555 detox[63111] i tester exited session 5266cfe0-9e47-78d5-3645-263eeb6f4eb4
16:10:50.555 detox[63111] E connection :49724<->:49733
16:10:50.555 detox[63112] E tear down environment
16:10:50.555 detox[63112] E e2e/starter.test.js
16:10:50.572 detox[63112] i dispatching event to  primary-63111 /tmp/detox.primary-63111  :  reportTestResults , {
  testResults: [
    {
      success: false,
      testFilePath: '/Users/shivi.agarwal/Desktop/GithubMatLeave/Nayaved App/nayaved-app/e2e/starter.test.js',
      testExecError: {
        name: 'DetoxRuntimeError',
        message: '/Users/shivi.agarwal/Library/Detox/ios/framework/bcd48aa61ce5ad185eec04dfe15f0f51f382f687/Detox.framework could not be found, this means either you changed a version of Xcode or Detox postinstall script was unsuccessful.\n' +
          "        To attempt a fix try running 'detox clean-framework-cache && detox build-framework-cache'",
        stack: 'DetoxRuntimeError: /Users/shivi.agarwal/Library/Detox/ios/framework/bcd48aa61ce5ad185eec04dfe15f0f51f382f687/Detox.framework could not be found, this means either you changed a version of Xcode or Detox postinstall script was unsuccessful.\n' +
          "        To attempt a fix try running 'detox clean-framework-cache && detox build-framework-cache'\n" +
          '    at IosSimulatorEnvValidator.validate (/Users/shivi.agarwal/Desktop/GithubMatLeave/Nayaved App/nayaved-app/node_modules/detox/src/devices/validation/ios/IosSimulatorEnvValidator.js:12:13)'
      },
      isPermanentFailure: false
    }
  ]
}
16:10:50.573 detox[63111] i received event of :  reportTestResults {
  testResults: [
    {
      success: false,
      testFilePath: '/Users/shivi.agarwal/Desktop/GithubMatLeave/Nayaved App/nayaved-app/e2e/starter.test.js',
      testExecError: {
        name: 'DetoxRuntimeError',
        message: '/Users/shivi.agarwal/Library/Detox/ios/framework/bcd48aa61ce5ad185eec04dfe15f0f51f382f687/Detox.framework could not be found, this means either you changed a version of Xcode or Detox postinstall script was unsuccessful.\n' +
          "        To attempt a fix try running 'detox clean-framework-cache && detox build-framework-cache'",
        stack: 'DetoxRuntimeError: /Users/shivi.agarwal/Library/Detox/ios/framework/bcd48aa61ce5ad185eec04dfe15f0f51f382f687/Detox.framework could not be found, this means either you changed a version of Xcode or Detox postinstall script was unsuccessful.\n' +
          "        To attempt a fix try running 'detox clean-framework-cache && detox build-framework-cache'\n" +
          '    at IosSimulatorEnvValidator.validate (/Users/shivi.agarwal/Desktop/GithubMatLeave/Nayaved App/nayaved-app/node_modules/detox/src/devices/validation/ios/IosSimulatorEnvValidator.js:12:13)'
      },
      isPermanentFailure: false
    }
  ]
}
16:10:50.573 detox[63111] i dispatching event to socket  :  reportTestResultsDone {
  testResults: [
    {
      success: false,
      testFilePath: '/Users/shivi.agarwal/Desktop/GithubMatLeave/Nayaved App/nayaved-app/e2e/starter.test.js',
      testExecError: {
        name: 'DetoxRuntimeError',
        message: '/Users/shivi.agarwal/Library/Detox/ios/framework/bcd48aa61ce5ad185eec04dfe15f0f51f382f687/Detox.framework could not be found, this means either you changed a version of Xcode or Detox postinstall script was unsuccessful.\n' +
          "        To attempt a fix try running 'detox clean-framework-cache && detox build-framework-cache'",
        stack: 'DetoxRuntimeError: /Users/shivi.agarwal/Library/Detox/ios/framework/bcd48aa61ce5ad185eec04dfe15f0f51f382f687/Detox.framework could not be found, this means either you changed a version of Xcode or Detox postinstall script was unsuccessful.\n' +
          "        To attempt a fix try running 'detox clean-framework-cache && detox build-framework-cache'\n" +
          '    at IosSimulatorEnvValidator.validate (/Users/shivi.agarwal/Desktop/GithubMatLeave/Nayaved App/nayaved-app/node_modules/detox/src/devices/validation/ios/IosSimulatorEnvValidator.js:12:13)'
      },
      isPermanentFailure: false
    }
  ]
}
16:10:50.573 detox[63111] i broadcasting event to all known sockets listening to  /tmp/detox.primary-63111  :   sessionStateUpdate {
  testResults: [
    {
      success: false,
      testFilePath: '/Users/shivi.agarwal/Desktop/GithubMatLeave/Nayaved App/nayaved-app/e2e/starter.test.js',
      testExecError: {
        name: 'DetoxRuntimeError',
        message: '/Users/shivi.agarwal/Library/Detox/ios/framework/bcd48aa61ce5ad185eec04dfe15f0f51f382f687/Detox.framework could not be found, this means either you changed a version of Xcode or Detox postinstall script was unsuccessful.\n' +
          "        To attempt a fix try running 'detox clean-framework-cache && detox build-framework-cache'",
        stack: 'DetoxRuntimeError: /Users/shivi.agarwal/Library/Detox/ios/framework/bcd48aa61ce5ad185eec04dfe15f0f51f382f687/Detox.framework could not be found, this means either you changed a version of Xcode or Detox postinstall script was unsuccessful.\n' +
          "        To attempt a fix try running 'detox clean-framework-cache && detox build-framework-cache'\n" +
          '    at IosSimulatorEnvValidator.validate (/Users/shivi.agarwal/Desktop/GithubMatLeave/Nayaved App/nayaved-app/node_modules/detox/src/devices/validation/ios/IosSimulatorEnvValidator.js:12:13)'
      },
      isPermanentFailure: false
    }
  ]
}
16:10:50.573 detox[63112] i ## received events ##
16:10:50.574 detox[63112] i detected event reportTestResultsDone {
  testResults: [
    {
      success: false,
      testFilePath: '/Users/shivi.agarwal/Desktop/GithubMatLeave/Nayaved App/nayaved-app/e2e/starter.test.js',
      testExecError: {
        name: 'DetoxRuntimeError',
        message: '/Users/shivi.agarwal/Library/Detox/ios/framework/bcd48aa61ce5ad185eec04dfe15f0f51f382f687/Detox.framework could not be found, this means either you changed a version of Xcode or Detox postinstall script was unsuccessful.\n' +
          "        To attempt a fix try running 'detox clean-framework-cache && detox build-framework-cache'",
        stack: 'DetoxRuntimeError: /Users/shivi.agarwal/Library/Detox/ios/framework/bcd48aa61ce5ad185eec04dfe15f0f51f382f687/Detox.framework could not be found, this means either you changed a version of Xcode or Detox postinstall script was unsuccessful.\n' +
          "        To attempt a fix try running 'detox clean-framework-cache && detox build-framework-cache'\n" +
          '    at IosSimulatorEnvValidator.validate (/Users/shivi.agarwal/Desktop/GithubMatLeave/Nayaved App/nayaved-app/node_modules/detox/src/devices/validation/ios/IosSimulatorEnvValidator.js:12:13)'
      },
      isPermanentFailure: false
    }
  ]
}
16:10:50.576 detox[63111] i socket disconnected secondary-63112
16:10:50.576 detox[63112] i connection closed primary-63111 /tmp/detox.primary-63111 0 tries remaining of 0
16:10:50.576 detox[63112] i secondary-63112 exceeded connection rety amount of  or stopRetrying flag set.
16:10:50.677 detox[63111] E Command failed with exit code = 1:
jest --config e2e/jest.config.js
16:10:50.677 detox[63111] i Detox server has been closed gracefully
16:10:50.678 detox[63111] E node_modules/.bin/detox test --configuration ios.sim.debug
