Filtering the log data using "processImagePath BEGINSWITH "/Users/shivi.agarwal/Library/Developer/CoreSimulator/Devices/AC7E343F-585F-430E-B17D-BDD649803605/data/Containers/Bundle/Application/526E8406-59B6-4C05-9D18-38A7EF2F46C7/NayaVedAI.app""
Timestamp               Ty Process[PID:TID]
2026-01-28 16:13:53.338 I  NayaVedAI[63826:210742] [dev.expo.modules:expo] 🟢 Creating JS object for module 'ExpoApplication'
2026-01-28 16:13:53.379 I  NayaVedAI[63826:210742] [dev.expo.modules:expo] 🟢 Creating JS object for module 'ExpoAppleAuthentication'
2026-01-28 16:13:53.476 I  NayaVedAI[63826:210742] [dev.expo.modules:expo] 🟢 Creating JS object for module 'ExpoWebBrowser'
2026-01-28 16:13:53.482 I  NayaVedAI[63826:210742] [com.facebook.react.log:javascript] The native view manager for module(ExpoLinearGradient) ) from NativeViewManagerAdapter isn't exported by expo-modules-core. Views of this type may not render correctly. Exported view managers: [ExpoAppleAuthentication_AppleAuthenticationButton, ExpoCamera_CameraView, ExpoAppleAuthentication, ExpoCamera].
2026-01-28 16:13:53.502 Df NayaVedAI[63826:20fabf] [com.apple.UIKit:KeyboardSceneDelegate] Reloading input views for key-window scene responder: <(null): 0x0; > force:N
2026-01-28 16:13:53.502 Df NayaVedAI[63826:20fabf] [com.apple.UIKit:KeyboardSceneDelegate] _reloadInputViewsForKeyWindowSceneResponder: 0 force: 0, fromBecomeFirstResponder: 0 (automaticKeyboard: 0, reloadIdentifier: 0982EF41-F28B-4667-A140-42A12B888746)
2026-01-28 16:13:53.502 Df NayaVedAI[63826:20fabf] [com.apple.UIKit:KeyboardSceneDelegate] _inputViewsForResponder: <(null): 0x0; >, automaticKeyboard: 0, force: 0
2026-01-28 16:13:53.502 Df NayaVedAI[63826:20fabf] [com.apple.UIKit:KeyboardSceneDelegate] _inputViewsForResponder, found custom inputView: <(null): 0x0>, customInputViewController: <(null): 0x0>
2026-01-28 16:13:53.502 Df NayaVedAI[63826:20fabf] [com.apple.UIKit:KeyboardSceneDelegate] _inputViewsForResponder, found inputAccessoryView: <(null): 0x0>
2026-01-28 16:13:53.502 Df NayaVedAI[63826:20fabf] [com.apple.UIKit:KeyboardSceneDelegate] _inputViewsForResponder, responderRequiresKeyboard 0 (automaticKeyboardEnabled: 0, activeInstance: <(null): 0x0>, self.isOnScreen: 0, requiresKBWhenFirstResponder: 0)
2026-01-28 16:13:53.502 Df NayaVedAI[63826:20fabf] [com.apple.UIKit:KeyboardSceneDelegate] _inputViewsForResponder, useKeyboard 0 (allowsSystemInputView: 1, !inputView <(null): 0x0>, responderRequiresKeyboard 0)
2026-01-28 16:13:53.502 Df NayaVedAI[63826:20fabf] [com.apple.UIKit:KeyboardSceneDelegate] _inputViewsForResponder, configuring _responderWithoutAutomaticAppearanceEnabled: <(null): 0x0> (_automaticAppearEnabled: 1)
2026-01-28 16:13:53.502 Df NayaVedAI[63826:20fabf] [com.apple.UIKit:KeyboardSceneDelegate] _inputViewsForResponder, needsIVPlaceholder: 0, needsIAVPlaceholder: 0, needsInputSetWithPlaceholder: 0
2026-01-28 16:13:53.502 Df NayaVedAI[63826:20fabf] [com.apple.UIKit:KeyboardSceneDelegate] _inputViewsForResponder returning: <<UIInputViewSet: 0x6000037f3840>; (empty)>
2026-01-28 16:13:53.503 I  NayaVedAI[63826:20fabf] [com.apple.Accessibility:AXRuntimeNotifications] Attempting to send notification:  (1000) <private>
2026-01-28 16:13:53.503 I  NayaVedAI[63826:20fabf] [com.apple.Accessibility:AXRuntimeNotifications] Attempting to send notification:  (1000) <private>
2026-01-28 16:13:53.504 I  NayaVedAI[63826:20fabf] [com.apple.Accessibility:AXRuntimeNotifications] Did post notification. notification:  (1000) error:0 data:<private>
2026-01-28 16:13:53.512 Db NayaVedAI[63826:20fabf] [com.apple.BackBoard:EventDelivery] flushing changes: {
    contentsMask: 0x8; keyCommandsRegistrations: [environment: keyboardFocus; token: 0xF1074B77; keyCommands: 34];
}
2026-01-28 16:13:53.591 E  NayaVedAI[63826:210742] [com.facebook.react.log:javascript] [runtime not ready]: Error: Cannot find native module 'ExpoSpeech'
2026-01-28 16:13:53.591 I  NayaVedAI[63826:210742] [com.facebook.react.log:native] Unbalanced calls start/end for tag 20
2026-01-28 16:13:53.591 I  NayaVedAI[63826:210742] [com.facebook.react.log:native] Unbalanced calls start/end for tag 19
2026-01-28 16:13:53.591 I  NayaVedAI[63826:20fabf] [com.apple.Accessibility:AXRuntimeNotifications] Attempting to send notification:  (1055) <private>
2026-01-28 16:13:53.591 I  NayaVedAI[63826:20fabf] [com.apple.Accessibility:AXRuntimeNotifications] Attempting to send notification:  (1055) <private>
2026-01-28 16:13:53.591 Db NayaVedAI[63826:20fabf] [com.apple.CFBundle:resources] Resource lookup at CFBundle 0x600003b10000 </Users/shivi.agarwal/Library/Developer/CoreSimulator/Devices/AC7E343F-585F-430E-B17D-BDD649803605/data/Containers/Bundle/Application/526E8406-59B6-4C05-9D18-38A7EF2F46C7/NayaVedAI.app> (executable, loaded)
	Request       : RCTRedBoxController type: nib
	Result        : None
2026-01-28 16:13:53.592 Db NayaVedAI[63826:20fabf] [com.apple.CFBundle:resources] Resource lookup at CFBundle 0x600003b10000 </Users/shivi.agarwal/Library/Developer/CoreSimulator/Devices/AC7E343F-585F-430E-B17D-BDD649803605/data/Containers/Bundle/Application/526E8406-59B6-4C05-9D18-38A7EF2F46C7/NayaVedAI.app> (executable, loaded)
	Request       : RCTRedBox type: nib
	Result        : None
2026-01-28 16:13:53.593 Db NayaVedAI[63826:20fef9] [com.apple.CFBundle:resources] Resource lookup at CFBundle 0x600003b10000 </Users/shivi.agarwal/Library/Developer/CoreSimulator/Devices/AC7E343F-585F-430E-B17D-BDD649803605/data/Containers/Bundle/Application/526E8406-59B6-4C05-9D18-38A7EF2F46C7/NayaVedAI.app> (executable, loaded)
	Request       : InfoPlist type: strings
	Result        : None
2026-01-28 16:13:53.593 Db NayaVedAI[63826:20fef9] [com.apple.CFBundle:resources] Resource lookup at CFBundle 0x600003b10000 </Users/shivi.agarwal/Library/Developer/CoreSimulator/Devices/AC7E343F-585F-430E-B17D-BDD649803605/data/Containers/Bundle/Application/526E8406-59B6-4C05-9D18-38A7EF2F46C7/NayaVedAI.app> (executable, loaded)
	Request       : InfoPlist type: stringsdict
	Result        : None
2026-01-28 16:13:53.593 Df NayaVedAI[63826:20fef9] [com.apple.FileURL:default] kExcludedFromBackupXattrName set on path: /Users/shivi.agarwal/Library/Developer/CoreSimulator/Devices/AC7E343F-585F-430E-B17D-BDD649803605/data/Containers/Data/Application/9335C1C7-12B2-40A1-BF14-06BFCABDEF93/Library/Application Support/com.nayaved.app/RCTAsyncLocalStorage_V1
2026-01-28 16:13:53.594 I  NayaVedAI[63826:20fabf] [com.apple.Accessibility:AXRuntimeNotifications] Did post notification. notification:  (1055) error:0 data:<private>
2026-01-28 16:13:53.594 Db NayaVedAI[63826:20fabf] [com.apple.defaults:User Defaults] found no value for key RCTI18nUtil_forceRTL in CFPrefsSearchListSource<0x600002c00200> (Domain: com.nayaved.app, Container: (null) Non-launch persona: 0)
2026-01-28 16:13:53.594 Db NayaVedAI[63826:20fabf] [com.apple.defaults:User Defaults] found no value for key RCTI18nUtil_allowRTL in CFPrefsSearchListSource<0x600002c00200> (Domain: com.nayaved.app, Container: (null) Non-launch persona: 0)
2026-01-28 16:13:53.594 Db NayaVedAI[63826:20fabf] [com.apple.defaults:User Defaults] found no value for key RCTI18nUtil_forceRTL in CFPrefsSearchListSource<0x600002c00200> (Domain: com.nayaved.app, Container: (null) Non-launch persona: 0)
2026-01-28 16:13:53.594 Db NayaVedAI[63826:20fabf] [com.apple.defaults:User Defaults] found no value for key RCTI18nUtil_allowRTL in CFPrefsSearchListSource<0x600002c00200> (Domain: com.nayaved.app, Container: (null) Non-launch persona: 0)
2026-01-28 16:13:53.594 Db NayaVedAI[63826:20fabf] [com.apple.network:] tcp_connection_create_with_endpoint_and_parameters 87 localhost 8081
2026-01-28 16:13:53.594 Db NayaVedAI[63826:20fabf] [com.apple.network:] tcp_connection_set_usage_model 87 setting usage model to 1
2026-01-28 16:13:53.594 Df NayaVedAI[63826:20fabf] [com.apple.CFNetwork:Default] TCP Conn [87:0x600003341540] using empty proxy configuration
2026-01-28 16:13:53.594 Df NayaVedAI[63826:20fabf] [com.apple.CFNetwork:Default] Stream client bypassing proxies on TCP Conn [87:0x600003341540]
2026-01-28 16:13:53.594 Df NayaVedAI[63826:20fabf] [com.apple.CFNetwork:Default] TCP Conn 0x600003341540 started
2026-01-28 16:13:53.594 Db NayaVedAI[63826:20fabf] [com.apple.network:] tcp_connection_start 87 starting
2026-01-28 16:13:53.594 I  NayaVedAI[63826:20fabf] [com.apple.network:connection] nw_connection_create_with_id [C87] create connection to Hostname#b33e072a:8081
2026-01-28 16:13:53.594 Db NayaVedAI[63826:20fabf] [com.apple.network:] tcp_connection_start starting tc_nwconn=0x12b7c0650
2026-01-28 16:13:53.595 Df NayaVedAI[63826:20fef9] [com.apple.network:connection] [C87 3F816A48-0E55-4710-AEF3-7886FAD364DF Hostname#b33e072a:8081 tcp, definite, attribution: developer, context: Default Network Context (private), proc: 63B02D91-D502-3FF5-9842-92830ECC12FF, delegated upid: 0, no proxy, prohibit fallback, allow socket access] start
2026-01-28 16:13:53.595 I  NayaVedAI[63826:20fef9] [com.apple.network:connection] nw_endpoint_handler_start [C87 Hostname#b33e072a:8081 initial parent-flow ((null))]
2026-01-28 16:13:53.595 Df NayaVedAI[63826:20fef9] [com.apple.network:connection] [C87 Hostname#b33e072a:8081 initial parent-flow ((null))] event: path:start @0.000s
2026-01-28 16:13:53.595 Db NayaVedAI[63826:20fef9] [com.apple.network:connection] nw_endpoint_handler_path_change [C87 Hostname#b33e072a:8081 waiting parent-flow (satisfied (Path is satisfied), interface: en0[802.11], uses wifi, LQM: unknown)]
2026-01-28 16:13:53.595 Db NayaVedAI[63826:20fef9] [com.apple.networkextension:] ne_tracker_check_is_hostname_blocked() proceeding with the in_the_app check for hostname: localhost
2026-01-28 16:13:53.595 Db NayaVedAI[63826:20fef9] [com.apple.CFBundle:resources] Resource lookup at CFBundle 0x600003b10000 </Users/shivi.agarwal/Library/Developer/CoreSimulator/Devices/AC7E343F-585F-430E-B17D-BDD649803605/data/Containers/Bundle/Application/526E8406-59B6-4C05-9D18-38A7EF2F46C7/NayaVedAI.app> (executable, loaded)
	Request       : InfoPlist type: strings
	Result        : None
2026-01-28 16:13:53.595 Db NayaVedAI[63826:20fabf] [com.apple.BackBoard:EventDelivery] no-op flush
2026-01-28 16:13:53.595 Db NayaVedAI[63826:20fef9] [com.apple.CFBundle:resources] Resource lookup at CFBundle 0x600003b10000 </Users/shivi.agarwal/Library/Developer/CoreSimulator/Devices/AC7E343F-585F-430E-B17D-BDD649803605/data/Containers/Bundle/Application/526E8406-59B6-4C05-9D18-38A7EF2F46C7/NayaVedAI.app> (executable, loaded)
	Request       : InfoPlist type: stringsdict
	Result        : None
2026-01-28 16:13:53.595 Db NayaVedAI[63826:20fef9] [com.apple.networkextension:] ne_tracker_check_is_hostname_blocked(): hostname localhost is not a tracker. Returning: ne_tracker_status_none
2026-01-28 16:13:53.595 Df NayaVedAI[63826:20fef9] [com.apple.network:connection] [C87 Hostname#b33e072a:8081 waiting parent-flow (satisfied (Path is satisfied), interface: en0[802.11], uses wifi, LQM: unknown)] event: path:satisfied @0.000s, uuid: 681C574D-162C-4E25-BF17-1486DC0343A6
2026-01-28 16:13:53.595 I  NayaVedAI[63826:20fef8] [com.wix.DetoxSync:DTXJSTimerSyncResource] [DTXJSTimerSyncResource] Ignoring timer 1 (duration: 2000.00 ms, repeats: NO)
2026-01-28 16:13:53.595 I  NayaVedAI[63826:20fabf] [com.apple.Accessibility:AXAppAccessibility] Presentation controller doesn't modalize: <_UIFormSheetPresentationController: 0x12b7ad8e0>
2026-01-28 16:13:53.595 I  NayaVedAI[63826:20fef9] [com.apple.network:connection] nw_connection_endpoint_report_on_nw_queue_block_invoke [C87 Hostname#b33e072a:8081 waiting parent-flow (satisfied (Path is satisfied), interface: en0[802.11], uses wifi, LQM: unknown)] skipping state update
2026-01-28 16:13:53.595 Db NayaVedAI[63826:20fef9] [com.apple.network:connection] nw_endpoint_flow_attach_protocols [C87 Hostname#b33e072a:8081 in_progress parent-flow (satisfied (Path is satisfied), interface: en0[802.11], uses wifi, LQM: unknown)]
2026-01-28 16:13:53.595 Db NayaVedAI[63826:20fef9] [com.apple.network:connection] nw_endpoint_flow_attach_protocols [C87 Hostname#b33e072a:8081 in_progress parent-flow (satisfied (Path is satisfied), interface: en0[802.11], uses wifi, LQM: unknown)] stopping after adding persistent application protocols
2026-01-28 16:13:53.595 Db NayaVedAI[63826:20fef9] [com.apple.network:connection] nw_endpoint_flow_setup_protocols [C87 Hostname#b33e072a:8081 in_progress parent-flow (satisfied (Path is satisfied), interface: en0[802.11], uses wifi, LQM: unknown)] persistent protocol stack, starting
2026-01-28 16:13:53.595 Df NayaVedAI[63826:20fef9] [com.apple.network:connection] [C87 Hostname#b33e072a:8081 in_progress parent-flow (satisfied (Path is satisfied), interface: en0[802.11], uses wifi, LQM: unknown)] event: flow:start_connect @0.000s
2026-01-28 16:13:53.595 Df NayaVedAI[63826:20fef9] [com.apple.network:connection] nw_connection_report_state_with_handler_on_nw_queue [C87] reporting state preparing
2026-01-28 16:13:53.595 I  NayaVedAI[63826:20fef9] [com.apple.network:connection] nw_endpoint_flow_connect [C87 Hostname#b33e072a:8081 in_progress parent-flow (satisfied (Path is satisfied), interface: en0[802.11], uses wifi, LQM: unknown)] connect bottom protocol
2026-01-28 16:13:53.595 Db NayaVedAI[63826:20fef9] [com.apple.network:connection] nw_endpoint_flow_start_child [C87 Hostname#b33e072a:8081 in_progress parent-flow (satisfied (Path is satisfied), interface: en0[802.11], uses wifi, LQM: unknown)] creating and starting child handler
2026-01-28 16:13:53.595 Df NayaVedAI[63826:20fef9] [com.apple.network:connection] [C87 Hostname#b33e072a:8081 in_progress parent-flow (satisfied (Path is satisfied), interface: en0[802.11], uses wifi, LQM: unknown)] event: flow:start_child @0.000s
2026-01-28 16:13:53.595 I  NayaVedAI[63826:20fef9] [com.apple.network:connection] nw_endpoint_handler_start [C87.1 Hostname#b33e072a:8081 initial path ((null))]
2026-01-28 16:13:53.595 Db NayaVedAI[63826:20fef9] [com.apple.network:connection] nw_endpoint_flow_receive_report [C87 Hostname#b33e072a:8081 in_progress parent-flow (satisfied (Path is satisfied), interface: en0[802.11], uses wifi, LQM: unknown)] received child report: [C87.1 Hostname#b33e072a:8081 initial path ((null))]
2026-01-28 16:13:53.595 Df NayaVedAI[63826:20fef9] [com.apple.network:connection] [C87.1 Hostname#b33e072a:8081 initial path ((null))] event: path:start @0.000s
2026-01-28 16:13:53.595 Db NayaVedAI[63826:20fef9] [com.apple.network:connection] nw_endpoint_handler_path_change [C87.1 Hostname#b33e072a:8081 waiting path (satisfied (Path is satisfied), interface: en0[802.11], uses wifi, LQM: unknown)]
2026-01-28 16:13:53.595 Db NayaVedAI[63826:20fef9] [com.apple.networkextension:] ne_tracker_check_is_hostname_blocked() proceeding with the in_the_app check for hostname: localhost
2026-01-28 16:13:53.595 Db NayaVedAI[63826:20fef9] [com.apple.CFBundle:resources] Resource lookup at CFBundle 0x600003b10000 </Users/shivi.agarwal/Library/Developer/CoreSimulator/Devices/AC7E343F-585F-430E-B17D-BDD649803605/data/Containers/Bundle/Application/526E8406-59B6-4C05-9D18-38A7EF2F46C7/NayaVedAI.app> (executable, loaded)
	Request       : InfoPlist type: strings
	Result        : None
2026-01-28 16:13:53.595 Db NayaVedAI[63826:20fef9] [com.apple.CFBundle:resources] Resource lookup at CFBundle 0x600003b10000 </Users/shivi.agarwal/Library/Developer/CoreSimulator/Devices/AC7E343F-585F-430E-B17D-BDD649803605/data/Containers/Bundle/Application/526E8406-59B6-4C05-9D18-38A7EF2F46C7/NayaVedAI.app> (executable, loaded)
	Request       : InfoPlist type: stringsdict
	Result        : None
2026-01-28 16:13:53.595 Db NayaVedAI[63826:20fef9] [com.apple.networkextension:] ne_tracker_check_is_hostname_blocked(): hostname localhost is not a tracker. Returning: ne_tracker_status_none
2026-01-28 16:13:53.595 Db NayaVedAI[63826:20fef9] [com.apple.network:connection] nw_endpoint_flow_receive_report [C87 Hostname#b33e072a:8081 in_progress parent-flow (satisfied (Path is satisfied), interface: en0[802.11], uses wifi, LQM: unknown)] received child report: [C87.1 Hostname#b33e072a:8081 waiting path (satisfied (Path is satisfied), interface: en0[802.11], uses wifi, LQM: unknown)]
2026-01-28 16:13:53.596 Df NayaVedAI[63826:20fef9] [com.apple.network:connection] [C87.1 Hostname#b33e072a:8081 waiting path (satisfied (Path is satisfied), interface: en0[802.11], uses wifi, LQM: unknown)] event: path:satisfied @0.000s, uuid: 681C574D-162C-4E25-BF17-1486DC0343A6
2026-01-28 16:13:53.596 Db NayaVedAI[63826:20fef9] [com.apple.network:connection] -[NWConcrete_nw_endpoint_resolver startWithHandler:] [C87.1 Hostname#b33e072a:8081 waiting resolver (satisfied (Path is satisfied), interface: en0[802.11], uses wifi, LQM: unknown)]
2026-01-28 16:13:53.596 Db NayaVedAI[63826:20fef9] [com.apple.network:connection] nw_endpoint_flow_receive_report [C87 Hostname#b33e072a:8081 in_progress parent-flow (satisfied (Path is satisfied), interface: en0[802.11], uses wifi, LQM: unknown)] received child report: [C87.1 Hostname#b33e072a:8081 in_progress resolver (satisfied (Path is satisfied), interface: en0[802.11], uses wifi, LQM: unknown)]
2026-01-28 16:13:53.596 Df NayaVedAI[63826:20fef9] [com.apple.network:connection] [C87.1 Hostname#b33e072a:8081 in_progress resolver (satisfied (Path is satisfied), interface: en0[802.11], uses wifi, LQM: unknown)] event: resolver:start_dns @0.001s
2026-01-28 16:13:53.596 I  NayaVedAI[63826:210742] [com.facebook.react.log:javascript] Running "main" with {"rootTag":11,"initialProps":null,"fabric":true}
2026-01-28 16:13:53.596 Db NayaVedAI[63826:20fef9] [com.apple.networkextension:] ne_tracker_check_is_hostname_blocked() proceeding with the in_the_app check for hostname: localhost
2026-01-28 16:13:53.596 Db NayaVedAI[63826:20fef9] [com.apple.CFBundle:resources] Resource lookup at CFBundle 0x600003b10000 </Users/shivi.agarwal/Library/Developer/CoreSimulator/Devices/AC7E343F-585F-430E-B17D-BDD649803605/data/Containers/Bundle/Application/526E8406-59B6-4C05-9D18-38A7EF2F46C7/NayaVedAI.app> (executable, loaded)
	Request       : InfoPlist type: strings
	Result        : None
2026-01-28 16:13:53.596 Db NayaVedAI[63826:20fef9] [com.apple.CFBundle:resources] Resource lookup at CFBundle 0x600003b10000 </Users/shivi.agarwal/Library/Developer/CoreSimulator/Devices/AC7E343F-585F-430E-B17D-BDD649803605/data/Containers/Bundle/Application/526E8406-59B6-4C05-9D18-38A7EF2F46C7/NayaVedAI.app> (executable, loaded)
	Request       : InfoPlist type: stringsdict
	Result        : None
2026-01-28 16:13:53.596 Db NayaVedAI[63826:20fef9] [com.apple.networkextension:] ne_tracker_check_is_hostname_blocked(): hostname localhost is not a tracker. Returning: ne_tracker_status_none
2026-01-28 16:13:53.597 I  NayaVedAI[63826:20fef9] [com.apple.network:connection] nw_resolver_create_dns_service_locked [C87.1] Starting host resolution Hostname#b33e072a:8081, flags 0xc000d000 proto 0
2026-01-28 16:13:53.598 I  NayaVedAI[63826:20fef9] [com.apple.network:connection] nw_resolver_host_resolve_callback [C87.1] flags=0x40000003 ifindex=4294967295 error=NoError(0) hostname=localhost. addr=IPv6#42e9e5e9 ttl=1
2026-01-28 16:13:53.598 I  NayaVedAI[63826:20fef9] [com.apple.network:connection] nw_resolver_host_resolve_callback [C87.1] flags=0x40000002 ifindex=4294967295 error=NoError(0) hostname=localhost. addr=IPv4#075c8fe9 ttl=1
2026-01-28 16:13:53.598 Db NayaVedAI[63826:20fef9] [com.apple.network:] sa_dst_compare_rfc6724 Rule 6, prefer d2, d2 precedence 50 > d1 precedence 35
2026-01-28 16:13:53.598 Db NayaVedAI[63826:20fef9] [com.apple.network:] sa_dst_compare_internal <private>@0 < <private>@0
2026-01-28 16:13:53.598 I  NayaVedAI[63826:20fef9] [com.apple.network:connection] nw_resolver_create_prefer_connected_variant [C87.1] Prefer Connected: IPv6#9530c712.8081 is already the first endpoint
2026-01-28 16:13:53.598 Db NayaVedAI[63826:20fef9] [com.apple.network:connection] nw_endpoint_resolver_update [C87.1 Hostname#b33e072a:8081 in_progress resolver (satisfied (Path is satisfied), interface: en0[802.11], uses wifi, LQM: unknown)] resolver is complete
2026-01-28 16:13:53.598 Df NayaVedAI[63826:20fef9] [com.apple.network:connection] nw_endpoint_resolver_update [C87.1 Hostname#b33e072a:8081 in_progress resolver (satisfied (Path is satisfied), interface: en0[802.11], uses wifi, LQM: unknown)] Adding endpoint handler for IPv6#9530c712.8081
2026-01-28 16:13:53.598 Df NayaVedAI[63826:20fef9] [com.apple.network:connection] nw_endpoint_resolver_update [C87.1 Hostname#b33e072a:8081 in_progress resolver (satisfied (Path is satisfied), interface: en0[802.11], uses wifi, LQM: unknown)] Adding endpoint handler for IPv4#eafe643d:8081
2026-01-28 16:13:53.598 Db NayaVedAI[63826:20fef9] [com.apple.network:connection] nw_endpoint_resolver_update [C87.1 Hostname#b33e072a:8081 in_progress resolver (satisfied (Path is satisfied), interface: en0[802.11], uses wifi, LQM: unknown)] Updated endpoint list is (IPv6#9530c712.8081,IPv4#eafe643d:8081)
2026-01-28 16:13:53.598 Db NayaVedAI[63826:20fef9] [com.apple.network:connection] nw_endpoint_flow_receive_report [C87 Hostname#b33e072a:8081 in_progress parent-flow (satisfied (Path is satisfied), interface: en0[802.11], uses wifi, LQM: unknown)] received child report: [C87.1 Hostname#b33e072a:8081 in_progress resolver (satisfied (Path is satisfied), interface: en0[802.11], uses wifi, LQM: unknown)]
2026-01-28 16:13:53.598 Df NayaVedAI[63826:20fef9] [com.apple.network:connection] [C87.1 Hostname#b33e072a:8081 in_progress resolver (satisfied (Path is satisfied), interface: en0[802.11], uses wifi, LQM: unknown)] event: resolver:receive_dns @0.003s
2026-01-28 16:13:53.598 I  NayaVedAI[63826:20fef9] [com.apple.network:connection] nw_endpoint_resolver_start_next_child [C87.1 Hostname#b33e072a:8081 in_progress resolver (satisfied (Path is satisfied), interface: en0[802.11], uses wifi, LQM: unknown)] starting child endpoint IPv6#9530c712.8081
2026-01-28 16:13:53.598 I  NayaVedAI[63826:20fef9] [com.apple.network:connection] nw_endpoint_handler_start [C87.1.1 IPv6#9530c712.8081 initial path ((null))]
2026-01-28 16:13:53.599 Db NayaVedAI[63826:20fef9] [com.apple.network:connection] nw_endpoint_resolver_receive_report [C87.1 Hostname#b33e072a:8081 in_progress resolver (satisfied (Path is satisfied), interface: en0[802.11], uses wifi, LQM: unknown)] received child report: [C87.1.1 IPv6#9530c712.8081 initial path ((null))]
2026-01-28 16:13:53.599 Db NayaVedAI[63826:20fef9] [com.apple.network:connection] nw_endpoint_flow_receive_report [C87 Hostname#b33e072a:8081 in_progress parent-flow (satisfied (Path is satisfied), interface: en0[802.11], uses wifi, LQM: unknown)] received child report: [C87.1.1 IPv6#9530c712.8081 initial path ((null))]
2026-01-28 16:13:53.599 Df NayaVedAI[63826:20fef9] [com.apple.network:connection] [C87.1.1 IPv6#9530c712.8081 initial path ((null))] event: path:start @0.004s
2026-01-28 16:13:53.599 Db NayaVedAI[63826:20fef9] [com.apple.network:connection] nw_endpoint_handler_path_change [C87.1.1 IPv6#9530c712.8081 waiting path (satisfied (Path is satisfied), interface: lo0)]
2026-01-28 16:13:53.599 Db NayaVedAI[63826:20fef9] [com.apple.network:connection] nw_endpoint_resolver_receive_report [C87.1 Hostname#b33e072a:8081 in_progress resolver (satisfied (Path is satisfied), interface: en0[802.11], uses wifi, LQM: unknown)] received child report: [C87.1.1 IPv6#9530c712.8081 waiting path (satisfied (Path is satisfied), interface: lo0)]
2026-01-28 16:13:53.599 Db NayaVedAI[63826:20fef9] [com.apple.network:connection] nw_endpoint_flow_receive_report [C87 Hostname#b33e072a:8081 in_progress parent-flow (satisfied (Path is satisfied), interface: en0[802.11], uses wifi, LQM: unknown)] received child report: [C87.1.1 IPv6#9530c712.8081 waiting path (satisfied (Path is satisfied), interface: lo0)]
2026-01-28 16:13:53.599 Df NayaVedAI[63826:20fef9] [com.apple.network:connection] [C87.1.1 IPv6#9530c712.8081 waiting path (satisfied (Path is satisfied), interface: lo0)] event: path:satisfied @0.004s, uuid: 2CD0511D-BA02-49C7-824A-BDF60DE324A5
2026-01-28 16:13:53.599 I  NayaVedAI[63826:20fef9] [com.apple.network:connection] nw_association_create_flow <nw_association IPv6#9530c712.8081> Added association flow ID 1997A31F-A2E7-4E19-BFDD-D148DF849779
2026-01-28 16:13:53.599 I  NayaVedAI[63826:20fef9] [com.apple.network:connection] nw_endpoint_flow_setup_protocols [C87.1.1 IPv6#9530c712.8081 in_progress socket-flow (satisfied (Path is satisfied), interface: lo0)] setup flow id 1997A31F-A2E7-4E19-BFDD-D148DF849779
2026-01-28 16:13:53.599 Db NayaVedAI[63826:20fef9] [com.apple.network:connection] nw_endpoint_flow_attach_protocols [C87.1.1 IPv6#9530c712.8081 in_progress socket-flow (satisfied (Path is satisfied), interface: lo0)]
2026-01-28 16:13:53.599 Db NayaVedAI[63826:20fef9] [com.apple.network:] nw_fd_wrapper_create Created <fd_wrapper 22, guarded: false>
2026-01-28 16:13:53.599 Df NayaVedAI[63826:20fef9] [com.apple.network:connection] nw_socket_initialize_socket [C87.1.1:1] Not guarding fd 22
2026-01-28 16:13:53.599 Db NayaVedAI[63826:20fef9] [com.apple.network:connection] nw_endpoint_flow_attach_protocols [C87.1.1 IPv6#9530c712.8081 in_progress socket-flow (satisfied (Path is satisfied), interface: lo0)] Attached socket protocol
2026-01-28 16:13:53.599 Db NayaVedAI[63826:20fef9] [com.apple.network:connection] nw_endpoint_flow_setup_protocols [C87.1.1 IPv6#9530c712.8081 in_progress socket-flow (satisfied (Path is satisfied), interface: lo0)] leaf flow starting
2026-01-28 16:13:53.599 Db NayaVedAI[63826:20fef9] [com.apple.network:connection] nw_endpoint_resolver_receive_report [C87.1 Hostname#b33e072a:8081 in_progress resolver (satisfied (Path is satisfied), interface: en0[802.11], uses wifi, LQM: unknown)] received child report: [C87.1.1 IPv6#9530c712.8081 in_progress socket-flow (satisfied (Path is satisfied), interface: lo0)]
2026-01-28 16:13:53.599 Db NayaVedAI[63826:20fef9] [com.apple.network:connection] nw_endpoint_flow_receive_report [C87 Hostname#b33e072a:8081 in_progress parent-flow (satisfied (Path is satisfied), interface: en0[802.11], uses wifi, LQM: unknown)] received child report: [C87.1.1 IPv6#9530c712.8081 in_progress socket-flow (satisfied (Path is satisfied), interface: lo0)]
2026-01-28 16:13:53.599 Df NayaVedAI[63826:20fef9] [com.apple.network:connection] [C87.1.1 IPv6#9530c712.8081 in_progress socket-flow (satisfied (Path is satisfied), interface: lo0)] event: flow:start_connect @0.004s
2026-01-28 16:13:53.599 I  NayaVedAI[63826:20fef9] [com.apple.network:connection] nw_endpoint_resolver_start_next_child [C87.1 Hostname#b33e072a:8081 in_progress resolver (satisfied (Path is satisfied), interface: en0[802.11], uses wifi, LQM: unknown)] starting next child endpoint in 100ms
2026-01-28 16:13:53.599 Db NayaVedAI[63826:20fef9] [com.apple.network:connection] nw_socket_handle_socket_event [C87.1.1:1] Event mask: 0x800
2026-01-28 16:13:53.599 Df NayaVedAI[63826:20fef9] [com.apple.network:connection] nw_socket_handle_socket_event [C87.1.1:1] Socket received CONNECTED event
2026-01-28 16:13:53.599 Db NayaVedAI[63826:20fef9] [com.apple.network:connection] nw_socket_setup_notsent_lowat [C87.1.1:1] Set TCP_NOTSENT_LOWAT(16384)
2026-01-28 16:13:53.599 Df NayaVedAI[63826:20fef9] [com.apple.network:connection] nw_flow_connected [C87.1.1 IPv6#9530c712.8081 in_progress socket-flow (satisfied (Path is satisfied), interface: lo0)] Output protocol connected (socket)
2026-01-28 16:13:53.600 Db NayaVedAI[63826:20fef9] [com.apple.network:connection] nw_endpoint_flow_connected_path_change [C87.1.1 IPv6#9530c712.8081 ready socket-flow (satisfied (Path is satisfied), interface: lo0)]
2026-01-28 16:13:53.600 I  NayaVedAI[63826:20fef9] [com.apple.network:connection] nw_endpoint_flow_connected_path_change [C87.1.1 IPv6#9530c712.8081 ready socket-flow (satisfied (Path is satisfied), interface: lo0)] Connected path is satisfied, not viable
2026-01-28 16:13:53.600 Db NayaVedAI[63826:20fef9] [com.apple.network:connection] nw_endpoint_resolver_receive_report [C87.1 Hostname#b33e072a:8081 in_progress resolver (satisfied (Path is satisfied), interface: en0[802.11], uses wifi, LQM: unknown)] received child report: [C87.1.1 IPv6#9530c712.8081 ready socket-flow (satisfied (Path is satisfied), interface: lo0)]
2026-01-28 16:13:53.600 Db NayaVedAI[63826:20fef9] [com.apple.network:connection] nw_endpoint_flow_receive_report [C87 Hostname#b33e072a:8081 in_progress parent-flow (satisfied (Path is satisfied), interface: en0[802.11], uses wifi, LQM: unknown)] received child report: [C87.1.1 IPv6#9530c712.8081 ready socket-flow (satisfied (Path is satisfied), interface: lo0)]
2026-01-28 16:13:53.600 Df NayaVedAI[63826:20fef9] [com.apple.network:connection] [C87.1.1 IPv6#9530c712.8081 ready socket-flow (satisfied (Path is satisfied), interface: lo0)] event: flow:child_finish_connect @0.005s
2026-01-28 16:13:53.600 Db NayaVedAI[63826:20fef9] [com.apple.network:connection] nw_endpoint_flow_receive_report [C87 IPv6#9530c712.8081 in_progress parent-flow (satisfied (Path is satisfied), interface: en0[802.11], uses wifi, LQM: unknown)] connecting endpoint_flow to child's shared protocol
2026-01-28 16:13:53.600 Db NayaVedAI[63826:20fef9] [com.apple.network:connection] nw_endpoint_flow_setup_protocols [C87 IPv6#9530c712.8081 in_progress parent-flow (satisfied (Path is satisfied), interface: en0[802.11], uses wifi, LQM: unknown)] already set up
2026-01-28 16:13:53.600 Db NayaVedAI[63826:20fef9] [com.apple.network:connection] nw_endpoint_flow_setup_protocols [C87 IPv6#9530c712.8081 in_progress parent-flow (satisfied (Path is satisfied), interface: en0[802.11], uses wifi, LQM: unknown)] child flow connected, starting
2026-01-28 16:13:53.600 Db NayaVedAI[63826:20fef9] [com.apple.network:connection] nw_endpoint_flow_setup_protocols [C87 IPv6#9530c712.8081 in_progress parent-flow (satisfied (Path is satisfied), interface: en0[802.11], uses wifi, LQM: unknown)] already started
2026-01-28 16:13:53.600 Db NayaVedAI[63826:20fef9] [com.apple.network:connection] nw_endpoint_flow_receive_report [C87 IPv6#9530c712.8081 in_progress parent-flow (satisfied (Path is satisfied), interface: en0[802.11], uses wifi, LQM: unknown)] received child report: [C87.1 Hostname#b33e072a:8081 ready resolver (satisfied (Path is satisfied), interface: en0[802.11], uses wifi, LQM: unknown)]
2026-01-28 16:13:53.600 Df NayaVedAI[63826:20fef9] [com.apple.network:connection] [C87.1 Hostname#b33e072a:8081 ready resolver (satisfied (Path is satisfied), interface: en0[802.11], uses wifi, LQM: unknown)] event: flow:child_finish_connect @0.005s
2026-01-28 16:13:53.600 I  NayaVedAI[63826:20fef9] [com.apple.network:connection] nw_endpoint_handler_cancel [C87.1.2 IPv4#eafe643d:8081 initial path ((null))]
2026-01-28 16:13:53.600 Df NayaVedAI[63826:20fef9] [com.apple.network:connection] nw_flow_connected [C87 IPv6#9530c712.8081 in_progress parent-flow (satisfied (Path is satisfied), interface: en0[802.11], uses wifi, LQM: unknown)] Output protocol connected (endpoint_flow)
2026-01-28 16:13:53.600 Db NayaVedAI[63826:20fef9] [com.apple.network:connection] nw_endpoint_flow_connected_path_change [C87 IPv6#9530c712.8081 ready parent-flow (satisfied (Path is satisfied), interface: en0[802.11], uses wifi, LQM: unknown)]
2026-01-28 16:13:53.600 I  NayaVedAI[63826:20fef9] [com.apple.network:connection] nw_endpoint_flow_connected_path_change [C87 IPv6#9530c712.8081 ready parent-flow (satisfied (Path is satisfied), interface: en0[802.11], uses wifi, LQM: unknown)] Connected path is satisfied, child is not viable
2026-01-28 16:13:53.600 Df NayaVedAI[63826:20fef9] [com.apple.network:connection] [C87 IPv6#9530c712.8081 ready parent-flow (satisfied (Path is satisfied), interface: en0[802.11], uses wifi, LQM: unknown)] event: flow:finish_connect @0.005s
2026-01-28 16:13:53.600 Db NayaVedAI[63826:20fef9] [com.apple.network:connection] nw_connection_run_pqtls_probe_locked_on_nw_queue [C87] No TLS metadata; not running PQ-TLS probe
2026-01-28 16:13:53.600 Db NayaVedAI[63826:20fef9] [com.apple.network:connection] nw_connection_run_ech_probe_locked_on_nw_queue [C87] stack doesn't include TLS; not running ECH probe
2026-01-28 16:13:53.600 Db NayaVedAI[63826:20fef9] [com.apple.network:connection] nw_connection_endpoint_report_on_nw_queue_block_invoke [C87] Connected fallback generation 0
2026-01-28 16:13:53.600 I  NayaVedAI[63826:20fef9] [com.apple.network:connection] nw_connection_start_candidate_manager_if_needed_locked [C87] Checking whether to start candidate manager
2026-01-28 16:13:53.600 Db NayaVedAI[63826:20fef9] [com.apple.network:connection] nw_connection_start_candidate_manager_if_needed_locked [C87] Connection does not support multipath, not starting candidate manager
2026-01-28 16:13:53.600 Df NayaVedAI[63826:20fef9] [com.apple.network:connection] nw_connection_report_state_with_handler_on_nw_queue [C87] reporting state ready
2026-01-28 16:13:53.600 Db NayaVedAI[63826:20fef8] [com.apple.network:] tcp_connection_start_block_invoke 87 sending event TCP_CONNECTION_EVENT_CONNECTED in response to state ready and error (null)
2026-01-28 16:13:53.600 Db NayaVedAI[63826:20fef8] [com.apple.network:] tcp_connection_fillout_event_locked 87 event: TCP_CONNECTION_EVENT_CONNECTED, reason: nw_connection event, should deliver: true
2026-01-28 16:13:53.600 Db NayaVedAI[63826:20fef8] [com.apple.network:] tcp_connection_get_statistics DNS: 2ms/3ms since start, TCP: 0ms/0ms since start, TLS: 0ms/0ms since start
2026-01-28 16:13:53.600 Df NayaVedAI[63826:20fef8] [com.apple.CFNetwork:Default] TCP Conn 0x600003341540 event 1. err: 0
2026-01-28 16:13:53.600 Db NayaVedAI[63826:20fef8] [com.apple.network:] tcp_connection_get_socket 87 dupfd: 23, takeownership: true
2026-01-28 16:13:53.600 Df NayaVedAI[63826:20fef8] [com.apple.CFNetwork:Default] TCP Conn 0x600003341540 complete. fd: 23, err: 0
2026-01-28 16:13:53.615 Df NayaVedAI[63826:20fabf] [com.apple.UIKit:KeyboardSceneDelegate] Reloading input views for key-window scene responder: <RCTRedBoxController: 0x12edb6600; > force:N
2026-01-28 16:13:53.615 Df NayaVedAI[63826:20fabf] [com.apple.UIKit:KeyboardSceneDelegate] _reloadInputViewsForKeyWindowSceneResponder: 1 force: 0, fromBecomeFirstResponder: 1 (automaticKeyboard: 1, reloadIdentifier: 6D76821F-793E-475D-96E9-DC2438D943D2)
2026-01-28 16:13:53.615 Df NayaVedAI[63826:20fabf] [com.apple.UIKit:KeyboardSceneDelegate] _inputViewsForResponder: <RCTRedBoxController: 0x12edb6600; >, automaticKeyboard: 1, force: 0
2026-01-28 16:13:53.615 Df NayaVedAI[63826:20fabf] [com.apple.UIKit:KeyboardSceneDelegate] _inputViewsForResponder, found custom inputView: <(null): 0x0>, customInputViewController: <(null): 0x0>
2026-01-28 16:13:53.615 Df NayaVedAI[63826:20fabf] [com.apple.UIKit:KeyboardSceneDelegate] _inputViewsForResponder, found inputAccessoryView: <(null): 0x0>
2026-01-28 16:13:53.615 Df NayaVedAI[63826:20fabf] [com.apple.UIKit:KeyboardSceneDelegate] _inputViewsForResponder, responderRequiresKeyboard 0 (automaticKeyboardEnabled: 1, activeInstance: <(null): 0x0>, self.isOnScreen: 0, requiresKBWhenFirstResponder: 0)
2026-01-28 16:13:53.615 Df NayaVedAI[63826:20fabf] [com.apple.UIKit:KeyboardSceneDelegate] _inputViewsForResponder, useKeyboard 0 (allowsSystemInputView: 1, !inputView <(null): 0x0>, responderRequiresKeyboard 0)
2026-01-28 16:13:53.615 Df NayaVedAI[63826:20fabf] [com.apple.UIKit:KeyboardSceneDelegate] _inputViewsForResponder, configuring _responderWithoutAutomaticAppearanceEnabled: <(null): 0x0> (_automaticAppearEnabled: 1)
2026-01-28 16:13:53.615 Df NayaVedAI[63826:20fabf] [com.apple.UIKit:KeyboardSceneDelegate] _inputViewsForResponder, needsIVPlaceholder: 0, needsIAVPlaceholder: 0, needsInputSetWithPlaceholder: 0
2026-01-28 16:13:53.616 Df NayaVedAI[63826:20fabf] [com.apple.UIKit:KeyboardSceneDelegate] _inputViewsForResponder returning: <<UIInputViewSet: 0x60000386e7c0>; (empty)>
2026-01-28 16:13:53.628 Db NayaVedAI[63826:20fabf] [com.apple.BackBoard:EventDelivery] flushing changes: {
    contentsMask: 0x8; keyCommandsRegistrations: [environment: keyboardFocus; token: 0xF1074B77; keyCommands: 36];
}
2026-01-28 16:13:53.707 Df NayaVedAI[63826:20fef9] [com.apple.CFNetwork:Default] Task <E78A645A-6CB3-4AD7-852C-C01B3A2931ED>.<1> resuming, timeouts(60.0, 604800.0) qos(0x19) voucher((null)) activity(00000000-0000-0000-0000-000000000000)
2026-01-28 16:13:53.707 Db NayaVedAI[63826:20fef9] [com.apple.network:activity] Returning should log: 0 for activity cfnetwork:foreground_task
2026-01-28 16:13:53.707 Db NayaVedAI[63826:20fef9] [com.apple.network:activity] Domain cfnetwork rate configured in registry as 1 / 20000
2026-01-28 16:13:53.707 Db NayaVedAI[63826:20fef9] [com.apple.network:activity] Domain cfnetwork rate configured after remote default override as 1 / 20000
2026-01-28 16:13:53.707 Db NayaVedAI[63826:20fef9] [com.apple.network:activity] After reading settings plist, domain cfnetwork rate configured as 1 / 2000000
2026-01-28 16:13:53.707 Db NayaVedAI[63826:20fef9] [com.apple.network:activity] After settings override, domain cfnetwork rate configured as 1 / 2000000
2026-01-28 16:13:53.707 Db NayaVedAI[63826:20fef9] [com.apple.network:activity] Final domain cfnetwork rate configured as 1 / 2000000
2026-01-28 16:13:53.707 Db NayaVedAI[63826:20fef9] [com.apple.network:activity] <nw_activity 12:2 [No UUID] (reporting strategy default)> sampled at 1 / 2000000
2026-01-28 16:13:53.707 Db NayaVedAI[63826:20fef9] [com.apple.network:activity] Returning should log: 0 for activity cfnetwork:foreground_task
2026-01-28 16:13:53.707 Db NayaVedAI[63826:20fef9] [com.apple.network:activity] Returning should log: 0 for activity cfnetwork:foreground_task
2026-01-28 16:13:53.707 Db NayaVedAI[63826:20fef9] [com.apple.CFNetwork:Default] [Telemetry]: Activity <nw_activity 12:2 [2002684D-A07A-48E8-A64C-3D29B3F6DA54] (reporting strategy default)> on Task <E78A645A-6CB3-4AD7-852C-C01B3A2931ED>.<1> was not selected for reporting
2026-01-28 16:13:53.707 Db NayaVedAI[63826:20fef8] [com.apple.CFNetwork:ATS] Uploading ATS exception ATSAllowsLocalNetworking
2026-01-28 16:13:53.707 A  NayaVedAI[63826:20fef9] (Security) SecTrustReportNetworkingAnalytics
2026-01-28 16:13:53.708 I  NayaVedAI[63826:20fef8] [com.apple.network:connection] nw_connection_create_with_id [C88] create connection to Hostname#b33e072a:8081
2026-01-28 16:13:53.708 Df NayaVedAI[63826:20fef8] [com.apple.CFNetwork:Default] Connection 88: starting, TC(0x0)
2026-01-28 16:13:53.708 Df NayaVedAI[63826:20fef8] [com.apple.network:connection] [C88 F1CED174-92FF-4C2E-A2A6-4F32D0026D0A Hostname#b33e072a:8081 tcp, url: http://localhost:8081/assets/, definite, attribution: developer, context: com.apple.CFNetwork.NSURLSession.{0CF65422-DB22-4BEB-A628-41AF7385B440}{(null)}{Y}{2}{0x0} (private), proc: 63B02D91-D502-3FF5-9842-92830ECC12FF, delegated upid: 0] start
2026-01-28 16:13:53.708 I  NayaVedAI[63826:20fef8] [com.apple.network:connection] nw_endpoint_handler_start [C88 Hostname#b33e072a:8081 initial parent-flow ((null))]
2026-01-28 16:13:53.708 Df NayaVedAI[63826:20fef8] [com.apple.network:connection] [C88 Hostname#b33e072a:8081 initial parent-flow ((null))] event: path:start @0.000s
2026-01-28 16:13:53.708 Db NayaVedAI[63826:20fef8] [com.apple.network:connection] nw_endpoint_handler_path_change [C88 Hostname#b33e072a:8081 waiting parent-flow (satisfied (Path is satisfied), interface: en0[802.11], uses wifi, LQM: unknown)]
2026-01-28 16:13:53.708 Db NayaVedAI[63826:20fef8] [com.apple.networkextension:] ne_tracker_check_is_hostname_blocked() proceeding with the in_the_app check for hostname: localhost
2026-01-28 16:13:53.708 Db NayaVedAI[63826:20fef8] [com.apple.CFBundle:resources] Resource lookup at CFBundle 0x600003b10000 </Users/shivi.agarwal/Library/Developer/CoreSimulator/Devices/AC7E343F-585F-430E-B17D-BDD649803605/data/Containers/Bundle/Application/526E8406-59B6-4C05-9D18-38A7EF2F46C7/NayaVedAI.app> (executable, loaded)
	Request       : InfoPlist type: strings
	Result        : None
2026-01-28 16:13:53.708 Db NayaVedAI[63826:20fef8] [com.apple.CFBundle:resources] Resource lookup at CFBundle 0x600003b10000 </Users/shivi.agarwal/Library/Developer/CoreSimulator/Devices/AC7E343F-585F-430E-B17D-BDD649803605/data/Containers/Bundle/Application/526E8406-59B6-4C05-9D18-38A7EF2F46C7/NayaVedAI.app> (executable, loaded)
	Request       : InfoPlist type: stringsdict
	Result        : None
2026-01-28 16:13:53.708 Db NayaVedAI[63826:20fef8] [com.apple.networkextension:] ne_tracker_check_is_hostname_blocked(): hostname localhost is not a tracker. Returning: ne_tracker_status_none
2026-01-28 16:13:53.708 Df NayaVedAI[63826:20fef8] [com.apple.network:connection] [C88 Hostname#b33e072a:8081 waiting parent-flow (satisfied (Path is satisfied), interface: en0[802.11], uses wifi, LQM: unknown)] event: path:satisfied @0.000s, uuid: 2E42268D-B015-4196-94AE-4C50F60F4060
2026-01-28 16:13:53.708 I  NayaVedAI[63826:20fef8] [com.apple.network:connection] nw_connection_endpoint_report_on_nw_queue_block_invoke [C88 Hostname#b33e072a:8081 waiting parent-flow (satisfied (Path is satisfied), interface: en0[802.11], uses wifi, LQM: unknown)] skipping state update
2026-01-28 16:13:53.708 Db NayaVedAI[63826:20fef8] [com.apple.network:] nw_endpoint_proxy_handler_should_use_proxy Looking up proxy for hostname: localhost, ifindex: 0
2026-01-28 16:13:53.708 Df NayaVedAI[63826:20fef9] [com.apple.securityd:SecError] SecTrustReportNetworkingAnalytics failed with error: -4
2026-01-28 16:13:53.708 Db NayaVedAI[63826:20fef8] [com.apple.SystemConfiguration:SCPreferences] create <SCPreferences 0x108c28120 [0x1e578fa80]> {name = SCDynamicStoreCopyProxiesWithOptions, id = /Library/Managed Preferences/mobile/com.apple.SystemConfiguration.plist, path = /Library/Managed Preferences/mobile/com.apple.SystemConfiguration.plist}
2026-01-28 16:13:53.708 Db NayaVedAI[63826:20fef8] [com.apple.SystemConfiguration:SCPreferences] SCPreferences() access: /Library/Managed Preferences/mobile/com.apple.SystemConfiguration.plist, size=0
2026-01-28 16:13:53.708 Db NayaVedAI[63826:20fef8] [com.apple.SystemConfiguration:SCPreferences] release <SCPreferences 0x108c28120 [0x1e578fa80]> {name = SCDynamicStoreCopyProxiesWithOptions, id = /Library/Managed Preferences/mobile/com.apple.SystemConfiguration.plist, path = /Library/Managed Preferences/mobile/com.apple.SystemConfiguration.plist, accessed}
2026-01-28 16:13:53.708 Db NayaVedAI[63826:20fef8] [com.apple.network:connection] nw_endpoint_flow_attach_protocols [C88 Hostname#b33e072a:8081 in_progress parent-flow (satisfied (Path is satisfied), interface: en0[802.11], uses wifi, LQM: unknown)]
2026-01-28 16:13:53.708 Db NayaVedAI[63826:20fef8] [com.apple.network:connection] nw_endpoint_flow_attach_protocols [C88 Hostname#b33e072a:8081 in_progress parent-flow (satisfied (Path is satisfied), interface: en0[802.11], uses wifi, LQM: unknown)] stopping after adding persistent application protocols
2026-01-28 16:13:53.708 Db NayaVedAI[63826:20fef8] [com.apple.network:connection] nw_endpoint_flow_setup_protocols [C88 Hostname#b33e072a:8081 in_progress parent-flow (satisfied (Path is satisfied), interface: en0[802.11], uses wifi, LQM: unknown)] persistent protocol stack, starting
2026-01-28 16:13:53.708 Df NayaVedAI[63826:20fef8] [com.apple.network:connection] [C88 Hostname#b33e072a:8081 in_progress parent-flow (satisfied (Path is satisfied), interface: en0[802.11], uses wifi, LQM: unknown)] event: flow:start_connect @0.000s
2026-01-28 16:13:53.708 Df NayaVedAI[63826:20fef8] [com.apple.network:connection] nw_connection_report_state_with_handler_on_nw_queue [C88] reporting state preparing
2026-01-28 16:13:53.708 I  NayaVedAI[63826:20fef8] [com.apple.network:connection] nw_endpoint_flow_connect [C88 Hostname#b33e072a:8081 in_progress parent-flow (satisfied (Path is satisfied), interface: en0[802.11], uses wifi, LQM: unknown)] connect bottom protocol
2026-01-28 16:13:53.708 Db NayaVedAI[63826:20fef8] [com.apple.network:connection] nw_endpoint_flow_start_child [C88 Hostname#b33e072a:8081 in_progress parent-flow (satisfied (Path is satisfied), interface: en0[802.11], uses wifi, LQM: unknown)] creating and starting child handler
2026-01-28 16:13:53.709 Db NayaVedAI[63826:20fef8] [com.apple.network:] nw_endpoint_proxy_handler_should_use_proxy Looking up proxy for hostname: localhost, ifindex: 0
2026-01-28 16:13:53.709 Db NayaVedAI[63826:20fef8] [com.apple.SystemConfiguration:SCPreferences] create <SCPreferences 0x1075940a0 [0x1e578fa80]> {name = SCDynamicStoreCopyProxiesWithOptions, id = /Library/Managed Preferences/mobile/com.apple.SystemConfiguration.plist, path = /Library/Managed Preferences/mobile/com.apple.SystemConfiguration.plist}
2026-01-28 16:13:53.709 Db NayaVedAI[63826:20fef8] [com.apple.SystemConfiguration:SCPreferences] SCPreferences() access: /Library/Managed Preferences/mobile/com.apple.SystemConfiguration.plist, size=0
2026-01-28 16:13:53.709 Db NayaVedAI[63826:20fef8] [com.apple.SystemConfiguration:SCPreferences] release <SCPreferences 0x1075940a0 [0x1e578fa80]> {name = SCDynamicStoreCopyProxiesWithOptions, id = /Library/Managed Preferences/mobile/com.apple.SystemConfiguration.plist, path = /Library/Managed Preferences/mobile/com.apple.SystemConfiguration.plist, accessed}
2026-01-28 16:13:53.709 Df NayaVedAI[63826:20fef8] [com.apple.network:connection] [C88 Hostname#b33e072a:8081 in_progress parent-flow (satisfied (Path is satisfied), interface: en0[802.11], uses wifi, LQM: unknown)] event: flow:start_child @0.001s
2026-01-28 16:13:53.709 I  NayaVedAI[63826:20fef8] [com.apple.network:connection] nw_endpoint_handler_start [C88.1 Hostname#b33e072a:8081 initial path ((null))]
2026-01-28 16:13:53.709 Db NayaVedAI[63826:20fef8] [com.apple.network:connection] nw_endpoint_flow_receive_report [C88 Hostname#b33e072a:8081 in_progress parent-flow (satisfied (Path is satisfied), interface: en0[802.11], uses wifi, LQM: unknown)] received child report: [C88.1 Hostname#b33e072a:8081 initial path ((null))]
2026-01-28 16:13:53.709 Df NayaVedAI[63826:20fef8] [com.apple.network:connection] [C88.1 Hostname#b33e072a:8081 initial path ((null))] event: path:start @0.001s
2026-01-28 16:13:53.709 Db NayaVedAI[63826:20fef8] [com.apple.network:connection] nw_endpoint_handler_path_change [C88.1 Hostname#b33e072a:8081 waiting path (satisfied (Path is satisfied), interface: en0[802.11], uses wifi, LQM: unknown)]
2026-01-28 16:13:53.709 Db NayaVedAI[63826:20fef8] [com.apple.networkextension:] ne_tracker_check_is_hostname_blocked() proceeding with the in_the_app check for hostname: localhost
2026-01-28 16:13:53.709 Db NayaVedAI[63826:20fef8] [com.apple.CFBundle:resources] Resource lookup at CFBundle 0x600003b10000 </Users/shivi.agarwal/Library/Developer/CoreSimulator/Devices/AC7E343F-585F-430E-B17D-BDD649803605/data/Containers/Bundle/Application/526E8406-59B6-4C05-9D18-38A7EF2F46C7/NayaVedAI.app> (executable, loaded)
	Request       : InfoPlist type: strings
	Result        : None
2026-01-28 16:13:53.709 Db NayaVedAI[63826:20fef8] [com.apple.CFBundle:resources] Resource lookup at CFBundle 0x600003b10000 </Users/shivi.agarwal/Library/Developer/CoreSimulator/Devices/AC7E343F-585F-430E-B17D-BDD649803605/data/Containers/Bundle/Application/526E8406-59B6-4C05-9D18-38A7EF2F46C7/NayaVedAI.app> (executable, loaded)
	Request       : InfoPlist type: stringsdict
	Result        : None
2026-01-28 16:13:53.709 Db NayaVedAI[63826:20fef8] [com.apple.networkextension:] ne_tracker_check_is_hostname_blocked(): hostname localhost is not a tracker. Returning: ne_tracker_status_none
2026-01-28 16:13:53.709 Db NayaVedAI[63826:20fef8] [com.apple.network:connection] nw_endpoint_flow_receive_report [C88 Hostname#b33e072a:8081 in_progress parent-flow (satisfied (Path is satisfied), interface: en0[802.11], uses wifi, LQM: unknown)] received child report: [C88.1 Hostname#b33e072a:8081 waiting path (satisfied (Path is satisfied), interface: en0[802.11], uses wifi, LQM: unknown)]
2026-01-28 16:13:53.709 Df NayaVedAI[63826:20fef8] [com.apple.network:connection] [C88.1 Hostname#b33e072a:8081 waiting path (satisfied (Path is satisfied), interface: en0[802.11], uses wifi, LQM: unknown)] event: path:satisfied @0.001s, uuid: 2E42268D-B015-4196-94AE-4C50F60F4060
2026-01-28 16:13:53.709 Db NayaVedAI[63826:20fef8] [com.apple.network:] nw_endpoint_proxy_handler_should_use_proxy Looking up proxy for hostname: localhost, ifindex: 0
2026-01-28 16:13:53.709 Db NayaVedAI[63826:20fef8] [com.apple.SystemConfiguration:SCPreferences] create <SCPreferences 0x12b73fd40 [0x1e578fa80]> {name = SCDynamicStoreCopyProxiesWithOptions, id = /Library/Managed Preferences/mobile/com.apple.SystemConfiguration.plist, path = /Library/Managed Preferences/mobile/com.apple.SystemConfiguration.plist}
2026-01-28 16:13:53.709 Db NayaVedAI[63826:20fef8] [com.apple.SystemConfiguration:SCPreferences] SCPreferences() access: /Library/Managed Preferences/mobile/com.apple.SystemConfiguration.plist, size=0
2026-01-28 16:13:53.709 Db NayaVedAI[63826:20fef8] [com.apple.SystemConfiguration:SCPreferences] release <SCPreferences 0x12b73fd40 [0x1e578fa80]> {name = SCDynamicStoreCopyProxiesWithOptions, id = /Library/Managed Preferences/mobile/com.apple.SystemConfiguration.plist, path = /Library/Managed Preferences/mobile/com.apple.SystemConfiguration.plist, accessed}
2026-01-28 16:13:53.709 Db NayaVedAI[63826:20fef8] [com.apple.network:connection] -[NWConcrete_nw_endpoint_resolver startWithHandler:] [C88.1 Hostname#b33e072a:8081 waiting resolver (satisfied (Path is satisfied), interface: en0[802.11], uses wifi, LQM: unknown)]
2026-01-28 16:13:53.709 Db NayaVedAI[63826:20fef8] [com.apple.network:connection] nw_endpoint_flow_receive_report [C88 Hostname#b33e072a:8081 in_progress parent-flow (satisfied (Path is satisfied), interface: en0[802.11], uses wifi, LQM: unknown)] received child report: [C88.1 Hostname#b33e072a:8081 in_progress resolver (satisfied (Path is satisfied), interface: en0[802.11], uses wifi, LQM: unknown)]
2026-01-28 16:13:53.709 Df NayaVedAI[63826:20fef8] [com.apple.network:connection] [C88.1 Hostname#b33e072a:8081 in_progress resolver (satisfied (Path is satisfied), interface: en0[802.11], uses wifi, LQM: unknown)] event: resolver:start_dns @0.001s
2026-01-28 16:13:53.709 Db NayaVedAI[63826:20fef8] [com.apple.networkextension:] ne_tracker_check_is_hostname_blocked() proceeding with the in_the_app check for hostname: localhost
2026-01-28 16:13:53.709 Db NayaVedAI[63826:20fef8] [com.apple.CFBundle:resources] Resource lookup at CFBundle 0x600003b10000 </Users/shivi.agarwal/Library/Developer/CoreSimulator/Devices/AC7E343F-585F-430E-B17D-BDD649803605/data/Containers/Bundle/Application/526E8406-59B6-4C05-9D18-38A7EF2F46C7/NayaVedAI.app> (executable, loaded)
	Request       : InfoPlist type: strings
	Result        : None
2026-01-28 16:13:53.709 Db NayaVedAI[63826:20fef8] [com.apple.CFBundle:resources] Resource lookup at CFBundle 0x600003b10000 </Users/shivi.agarwal/Library/Developer/CoreSimulator/Devices/AC7E343F-585F-430E-B17D-BDD649803605/data/Containers/Bundle/Application/526E8406-59B6-4C05-9D18-38A7EF2F46C7/NayaVedAI.app> (executable, loaded)
	Request       : InfoPlist type: stringsdict
	Result        : None
2026-01-28 16:13:53.709 Db NayaVedAI[63826:20fef8] [com.apple.networkextension:] ne_tracker_check_is_hostname_blocked(): hostname localhost is not a tracker. Returning: ne_tracker_status_none
2026-01-28 16:13:53.710 I  NayaVedAI[63826:20fef8] [com.apple.network:connection] nw_resolver_create_dns_service_locked [C88.1] Starting host resolution Hostname#b33e072a:8081, flags 0xc000d000 proto 0
2026-01-28 16:13:53.710 Df NayaVedAI[63826:20fef8] [com.apple.CFNetwork:Default] Task <E78A645A-6CB3-4AD7-852C-C01B3A2931ED>.<1> setting up Connection 88
2026-01-28 16:13:53.710 Db NayaVedAI[63826:20fef8] [com.apple.network:activity] Returning should log: 0 for activity cfnetwork:foreground_task
2026-01-28 16:13:53.710 I  NayaVedAI[63826:20fef8] [com.apple.network:connection] nw_resolver_host_resolve_callback [C88.1] flags=0x40000003 ifindex=4294967295 error=NoError(0) hostname=localhost. addr=IPv6#42e9e5e9 ttl=1
2026-01-28 16:13:53.710 I  NayaVedAI[63826:20fef8] [com.apple.network:connection] nw_resolver_host_resolve_callback [C88.1] flags=0x40000002 ifindex=4294967295 error=NoError(0) hostname=localhost. addr=IPv4#075c8fe9 ttl=1
2026-01-28 16:13:53.710 Db NayaVedAI[63826:20fef8] [com.apple.network:] sa_dst_compare_rfc6724 Rule 6, prefer d2, d2 precedence 50 > d1 precedence 35
2026-01-28 16:13:53.710 Db NayaVedAI[63826:20fef8] [com.apple.network:] sa_dst_compare_internal <private>@0 < <private>@0
2026-01-28 16:13:53.710 Db NayaVedAI[63826:20fef8] [com.apple.network:connection] nw_endpoint_resolver_update [C88.1 Hostname#b33e072a:8081 in_progress resolver (satisfied (Path is satisfied), interface: en0[802.11], uses wifi, LQM: unknown)] resolver is complete
2026-01-28 16:13:53.710 Df NayaVedAI[63826:20fef8] [com.apple.network:connection] nw_endpoint_resolver_update [C88.1 Hostname#b33e072a:8081 in_progress resolver (satisfied (Path is satisfied), interface: en0[802.11], uses wifi, LQM: unknown)] Adding endpoint handler for IPv6#9530c712.8081
2026-01-28 16:13:53.710 Df NayaVedAI[63826:20fef8] [com.apple.network:connection] nw_endpoint_resolver_update [C88.1 Hostname#b33e072a:8081 in_progress resolver (satisfied (Path is satisfied), interface: en0[802.11], uses wifi, LQM: unknown)] Adding endpoint handler for IPv4#eafe643d:8081
2026-01-28 16:13:53.710 Db NayaVedAI[63826:20fef8] [com.apple.network:connection] nw_endpoint_resolver_update [C88.1 Hostname#b33e072a:8081 in_progress resolver (satisfied (Path is satisfied), interface: en0[802.11], uses wifi, LQM: unknown)] Updated endpoint list is (IPv6#9530c712.8081,IPv4#eafe643d:8081)
2026-01-28 16:13:53.710 Db NayaVedAI[63826:20fef8] [com.apple.network:connection] nw_endpoint_flow_receive_report [C88 Hostname#b33e072a:8081 in_progress parent-flow (satisfied (Path is satisfied), interface: en0[802.11], uses wifi, LQM: unknown)] received child report: [C88.1 Hostname#b33e072a:8081 in_progress resolver (satisfied (Path is satisfied), interface: en0[802.11], uses wifi, LQM: unknown)]
2026-01-28 16:13:53.710 Df NayaVedAI[63826:20fef8] [com.apple.network:connection] [C88.1 Hostname#b33e072a:8081 in_progress resolver (satisfied (Path is satisfied), interface: en0[802.11], uses wifi, LQM: unknown)] event: resolver:receive_dns @0.002s
2026-01-28 16:13:53.710 I  NayaVedAI[63826:20fef8] [com.apple.network:connection] nw_endpoint_resolver_start_next_child [C88.1 Hostname#b33e072a:8081 in_progress resolver (satisfied (Path is satisfied), interface: en0[802.11], uses wifi, LQM: unknown)] starting child endpoint IPv6#9530c712.8081
2026-01-28 16:13:53.710 I  NayaVedAI[63826:20fef8] [com.apple.network:connection] nw_endpoint_handler_start [C88.1.1 IPv6#9530c712.8081 initial path ((null))]
2026-01-28 16:13:53.710 Db NayaVedAI[63826:20fef8] [com.apple.network:connection] nw_endpoint_resolver_receive_report [C88.1 Hostname#b33e072a:8081 in_progress resolver (satisfied (Path is satisfied), interface: en0[802.11], uses wifi, LQM: unknown)] received child report: [C88.1.1 IPv6#9530c712.8081 initial path ((null))]
2026-01-28 16:13:53.710 Db NayaVedAI[63826:20fef8] [com.apple.network:connection] nw_endpoint_flow_receive_report [C88 Hostname#b33e072a:8081 in_progress parent-flow (satisfied (Path is satisfied), interface: en0[802.11], uses wifi, LQM: unknown)] received child report: [C88.1.1 IPv6#9530c712.8081 initial path ((null))]
2026-01-28 16:13:53.710 Df NayaVedAI[63826:20fef8] [com.apple.network:connection] [C88.1.1 IPv6#9530c712.8081 initial path ((null))] event: path:start @0.002s
2026-01-28 16:13:53.710 Db NayaVedAI[63826:20fef8] [com.apple.network:connection] nw_endpoint_handler_path_change [C88.1.1 IPv6#9530c712.8081 waiting path (satisfied (Path is satisfied), interface: lo0)]
2026-01-28 16:13:53.710 Db NayaVedAI[63826:20fef8] [com.apple.network:connection] nw_endpoint_resolver_receive_report [C88.1 Hostname#b33e072a:8081 in_progress resolver (satisfied (Path is satisfied), interface: en0[802.11], uses wifi, LQM: unknown)] received child report: [C88.1.1 IPv6#9530c712.8081 waiting path (satisfied (Path is satisfied), interface: lo0)]
2026-01-28 16:13:53.710 Db NayaVedAI[63826:20fef8] [com.apple.network:connection] nw_endpoint_flow_receive_report [C88 Hostname#b33e072a:8081 in_progress parent-flow (satisfied (Path is satisfied), interface: en0[802.11], uses wifi, LQM: unknown)] received child report: [C88.1.1 IPv6#9530c712.8081 waiting path (satisfied (Path is satisfied), interface: lo0)]
2026-01-28 16:13:53.710 Df NayaVedAI[63826:20fef8] [com.apple.network:connection] [C88.1.1 IPv6#9530c712.8081 waiting path (satisfied (Path is satisfied), interface: lo0)] event: path:satisfied @0.002s, uuid: 8C5FB528-FCC7-4FFF-8AD3-4041063FDB00
2026-01-28 16:13:53.710 Db NayaVedAI[63826:20fef8] [com.apple.network:] nw_endpoint_proxy_handler_should_use_proxy Looking up proxy for hostname: <nil>, ifindex: 0
2026-01-28 16:13:53.710 Db NayaVedAI[63826:20fef8] [com.apple.SystemConfiguration:SCPreferences] create <SCPreferences 0x108c14b00 [0x1e578fa80]> {name = SCDynamicStoreCopyProxiesWithOptions, id = /Library/Managed Preferences/mobile/com.apple.SystemConfiguration.plist, path = /Library/Managed Preferences/mobile/com.apple.SystemConfiguration.plist}
2026-01-28 16:13:53.710 Db NayaVedAI[63826:20fef8] [com.apple.SystemConfiguration:SCPreferences] SCPreferences() access: /Library/Managed Preferences/mobile/com.apple.SystemConfiguration.plist, size=0
2026-01-28 16:13:53.710 Db NayaVedAI[63826:20fef8] [com.apple.SystemConfiguration:SCPreferences] release <SCPreferences 0x108c14b00 [0x1e578fa80]> {name = SCDynamicStoreCopyProxiesWithOptions, id = /Library/Managed Preferences/mobile/com.apple.SystemConfiguration.plist, path = /Library/Managed Preferences/mobile/com.apple.SystemConfiguration.plist, accessed}
2026-01-28 16:13:53.711 I  NayaVedAI[63826:20fef8] [com.apple.network:connection] nw_association_create_flow <nw_association IPv6#9530c712.8081> Added association flow ID 6214D8A0-7CFA-4C56-8B2D-20666A9252B6
2026-01-28 16:13:53.711 I  NayaVedAI[63826:20fef8] [com.apple.network:connection] nw_endpoint_flow_setup_protocols [C88.1.1 IPv6#9530c712.8081 in_progress socket-flow (satisfied (Path is satisfied), interface: lo0)] setup flow id 6214D8A0-7CFA-4C56-8B2D-20666A9252B6
2026-01-28 16:13:53.711 Db NayaVedAI[63826:20fef8] [com.apple.network:connection] nw_endpoint_flow_attach_protocols [C88.1.1 IPv6#9530c712.8081 in_progress socket-flow (satisfied (Path is satisfied), interface: lo0)]
2026-01-28 16:13:53.711 Db NayaVedAI[63826:20fef8] [com.apple.network:connection] nw_endpoint_flow_attach_protocols_block_invoke [C88.1.1 IPv6#9530c712.8081 in_progress socket-flow (satisfied (Path is satisfied), interface: lo0)] Attached application protocol: CFNetworkConnection-1110212295
2026-01-28 16:13:53.711 Db NayaVedAI[63826:20fef8] [com.apple.network:] nw_fd_wrapper_create Created <fd_wrapper 24, guarded: false>
2026-01-28 16:13:53.711 Db NayaVedAI[63826:20fef8] [com.apple.network:connection] nw_endpoint_flow_attach_protocols [C88.1.1 IPv6#9530c712.8081 in_progress socket-flow (satisfied (Path is satisfied), interface: lo0)] Attached socket protocol
2026-01-28 16:13:53.711 Db NayaVedAI[63826:20fef8] [com.apple.network:connection] nw_endpoint_flow_setup_protocols [C88.1.1 IPv6#9530c712.8081 in_progress socket-flow (satisfied (Path is satisfied), interface: lo0)] leaf flow starting
2026-01-28 16:13:53.711 Db NayaVedAI[63826:20fef8] [com.apple.network:connection] nw_endpoint_resolver_receive_report [C88.1 Hostname#b33e072a:8081 in_progress resolver (satisfied (Path is satisfied), interface: en0[802.11], uses wifi, LQM: unknown)] received child report: [C88.1.1 IPv6#9530c712.8081 in_progress socket-flow (satisfied (Path is satisfied), interface: lo0)]
2026-01-28 16:13:53.711 Db NayaVedAI[63826:20fef8] [com.apple.network:connection] nw_endpoint_flow_receive_report [C88 Hostname#b33e072a:8081 in_progress parent-flow (satisfied (Path is satisfied), interface: en0[802.11], uses wifi, LQM: unknown)] received child report: [C88.1.1 IPv6#9530c712.8081 in_progress socket-flow (satisfied (Path is satisfied), interface: lo0)]
2026-01-28 16:13:53.711 Df NayaVedAI[63826:20fef8] [com.apple.network:connection] [C88.1.1 IPv6#9530c712.8081 in_progress socket-flow (satisfied (Path is satisfied), interface: lo0)] event: flow:start_connect @0.003s
2026-01-28 16:13:53.711 I  NayaVedAI[63826:20fef8] [com.apple.network:connection] nw_endpoint_resolver_start_next_child [C88.1 Hostname#b33e072a:8081 in_progress resolver (satisfied (Path is satisfied), interface: en0[802.11], uses wifi, LQM: unknown)] starting next child endpoint in 100ms
2026-01-28 16:13:53.711 Db NayaVedAI[63826:20fef8] [com.apple.network:connection] nw_socket_handle_socket_event [C88.1.1:2] Event mask: 0x800
2026-01-28 16:13:53.711 Df NayaVedAI[63826:20fef8] [com.apple.network:connection] nw_socket_handle_socket_event [C88.1.1:2] Socket received CONNECTED event
2026-01-28 16:13:53.711 Db NayaVedAI[63826:20fef8] [com.apple.network:connection] nw_socket_setup_notsent_lowat [C88.1.1:2] Set TCP_NOTSENT_LOWAT(16384)
2026-01-28 16:13:53.712 Df NayaVedAI[63826:20fef8] [com.apple.network:connection] nw_flow_connected [C88.1.1 IPv6#9530c712.8081 in_progress socket-flow (satisfied (Path is satisfied), interface: lo0)] Transport protocol connected (socket)
2026-01-28 16:13:53.712 Db NayaVedAI[63826:20fef8] [com.apple.network:connection] nw_endpoint_resolver_receive_report [C88.1 Hostname#b33e072a:8081 in_progress resolver (satisfied (Path is satisfied), interface: en0[802.11], uses wifi, LQM: unknown)] received child report: [C88.1.1 IPv6#9530c712.8081 in_progress socket-flow (satisfied (Path is satisfied), interface: lo0)]
2026-01-28 16:13:53.712 Db NayaVedAI[63826:20fef8] [com.apple.network:connection] nw_endpoint_flow_receive_report [C88 Hostname#b33e072a:8081 in_progress parent-flow (satisfied (Path is satisfied), interface: en0[802.11], uses wifi, LQM: unknown)] received child report: [C88.1.1 IPv6#9530c712.8081 in_progress socket-flow (satisfied (Path is satisfied), interface: lo0)]
2026-01-28 16:13:53.712 Df NayaVedAI[63826:20fef8] [com.apple.network:connection] [C88.1.1 IPv6#9530c712.8081 in_progress socket-flow (satisfied (Path is satisfied), interface: lo0)] event: flow:finish_transport @0.003s
2026-01-28 16:13:53.712 I  NayaVedAI[63826:20fef8] [com.apple.network:connection] nw_endpoint_resolver_receive_report [C88.1 Hostname#b33e072a:8081 in_progress resolver (satisfied (Path is satisfied), interface: en0[802.11], uses wifi, LQM: unknown)] pushing out endpoint race by 2000ms
2026-01-28 16:13:53.712 Df NayaVedAI[63826:20fef8] [com.apple.network:connection] nw_flow_connected [C88.1.1 IPv6#9530c712.8081 in_progress socket-flow (satisfied (Path is satisfied), interface: lo0)] Output protocol connected (CFNetworkConnection-1110212295)
2026-01-28 16:13:53.712 Db NayaVedAI[63826:20fef8] [com.apple.network:connection] nw_endpoint_flow_connected_path_change [C88.1.1 IPv6#9530c712.8081 ready socket-flow (satisfied (Path is satisfied), interface: lo0)]
2026-01-28 16:13:53.712 I  NayaVedAI[63826:20fef8] [com.apple.network:connection] nw_endpoint_flow_connected_path_change [C88.1.1 IPv6#9530c712.8081 ready socket-flow (satisfied (Path is satisfied), interface: lo0)] Connected path is satisfied, not viable
2026-01-28 16:13:53.712 Db NayaVedAI[63826:20fef8] [com.apple.network:connection] nw_endpoint_resolver_receive_report [C88.1 Hostname#b33e072a:8081 in_progress resolver (satisfied (Path is satisfied), interface: en0[802.11], uses wifi, LQM: unknown)] received child report: [C88.1.1 IPv6#9530c712.8081 ready socket-flow (satisfied (Path is satisfied), interface: lo0)]
2026-01-28 16:13:53.712 Db NayaVedAI[63826:20fef8] [com.apple.network:connection] nw_endpoint_flow_receive_report [C88 Hostname#b33e072a:8081 in_progress parent-flow (satisfied (Path is satisfied), interface: en0[802.11], uses wifi, LQM: unknown)] received child report: [C88.1.1 IPv6#9530c712.8081 ready socket-flow (satisfied (Path is satisfied), interface: lo0)]
2026-01-28 16:13:53.712 Df NayaVedAI[63826:20fef8] [com.apple.network:connection] [C88.1.1 IPv6#9530c712.8081 ready socket-flow (satisfied (Path is satisfied), interface: lo0)] event: flow:child_finish_connect @0.004s
2026-01-28 16:13:53.712 Db NayaVedAI[63826:20fef8] [com.apple.network:connection] nw_endpoint_flow_receive_report [C88 IPv6#9530c712.8081 in_progress parent-flow (satisfied (Path is satisfied), interface: en0[802.11], uses wifi, LQM: unknown)] connecting endpoint_flow to child's shared protocol
2026-01-28 16:13:53.712 Db NayaVedAI[63826:20fef8] [com.apple.network:connection] nw_endpoint_flow_setup_protocols [C88 IPv6#9530c712.8081 in_progress parent-flow (satisfied (Path is satisfied), interface: en0[802.11], uses wifi, LQM: unknown)] already set up
2026-01-28 16:13:53.712 Db NayaVedAI[63826:20fef8] [com.apple.network:connection] nw_endpoint_flow_setup_protocols [C88 IPv6#9530c712.8081 in_progress parent-flow (satisfied (Path is satisfied), interface: en0[802.11], uses wifi, LQM: unknown)] child flow connected, starting
2026-01-28 16:13:53.712 Db NayaVedAI[63826:20fef8] [com.apple.network:connection] nw_endpoint_flow_setup_protocols [C88 IPv6#9530c712.8081 in_progress parent-flow (satisfied (Path is satisfied), interface: en0[802.11], uses wifi, LQM: unknown)] already started
2026-01-28 16:13:53.712 Db NayaVedAI[63826:20fef8] [com.apple.network:connection] nw_endpoint_flow_receive_report [C88 IPv6#9530c712.8081 in_progress parent-flow (satisfied (Path is satisfied), interface: en0[802.11], uses wifi, LQM: unknown)] received child report: [C88.1 Hostname#b33e072a:8081 ready resolver (satisfied (Path is satisfied), interface: en0[802.11], uses wifi, LQM: unknown)]
2026-01-28 16:13:53.712 Df NayaVedAI[63826:20fef8] [com.apple.network:connection] [C88.1 Hostname#b33e072a:8081 ready resolver (satisfied (Path is satisfied), interface: en0[802.11], uses wifi, LQM: unknown)] event: flow:child_finish_connect @0.004s
2026-01-28 16:13:53.712 I  NayaVedAI[63826:20fef8] [com.apple.network:connection] nw_endpoint_handler_cancel [C88.1.2 IPv4#eafe643d:8081 initial path ((null))]
2026-01-28 16:13:53.712 Df NayaVedAI[63826:20fef8] [com.apple.network:connection] nw_flow_connected [C88 IPv6#9530c712.8081 in_progress parent-flow (satisfied (Path is satisfied), interface: en0[802.11], uses wifi, LQM: unknown)] Output protocol connected (endpoint_flow)
2026-01-28 16:13:53.712 Db NayaVedAI[63826:20fef8] [com.apple.network:connection] nw_endpoint_flow_connected_path_change [C88 IPv6#9530c712.8081 ready parent-flow (satisfied (Path is satisfied), interface: en0[802.11], uses wifi, LQM: unknown)]
2026-01-28 16:13:53.712 I  NayaVedAI[63826:20fef8] [com.apple.network:connection] nw_endpoint_flow_connected_path_change [C88 IPv6#9530c712.8081 ready parent-flow (satisfied (Path is satisfied), interface: en0[802.11], uses wifi, LQM: unknown)] Connected path is satisfied, child is not viable
2026-01-28 16:13:53.712 Df NayaVedAI[63826:20fef8] [com.apple.network:connection] [C88 IPv6#9530c712.8081 ready parent-flow (satisfied (Path is satisfied), interface: en0[802.11], uses wifi, LQM: unknown)] event: flow:finish_connect @0.004s
2026-01-28 16:13:53.712 Db NayaVedAI[63826:20fef8] [com.apple.network:connection] nw_connection_run_pqtls_probe_locked_on_nw_queue [C88] No TLS metadata; not running PQ-TLS probe
2026-01-28 16:13:53.712 Db NayaVedAI[63826:20fef8] [com.apple.network:connection] nw_connection_run_ech_probe_locked_on_nw_queue [C88] stack doesn't include TLS; not running ECH probe
2026-01-28 16:13:53.712 Db NayaVedAI[63826:20fef8] [com.apple.network:connection] nw_connection_endpoint_report_on_nw_queue_block_invoke [C88] Connected fallback generation 0
2026-01-28 16:13:53.712 I  NayaVedAI[63826:20fef8] [com.apple.network:connection] nw_connection_start_candidate_manager_if_needed_locked [C88] Checking whether to start candidate manager
2026-01-28 16:13:53.712 Db NayaVedAI[63826:20fef8] [com.apple.network:connection] nw_connection_start_candidate_manager_if_needed_locked [C88] Connection does not support multipath, not starting candidate manager
2026-01-28 16:13:53.712 Df NayaVedAI[63826:20fef8] [com.apple.network:connection] nw_connection_report_state_with_handler_on_nw_queue [C88] reporting state ready
2026-01-28 16:13:53.712 Df NayaVedAI[63826:20fef8] [com.apple.CFNetwork:Default] Connection 88: connected successfully
2026-01-28 16:13:53.712 Df NayaVedAI[63826:20fef8] [com.apple.CFNetwork:Default] Connection 88: ready C(N) E(N)
2026-01-28 16:13:53.712 Db NayaVedAI[63826:20fef8] [com.apple.CFNetwork:Default] Task <E78A645A-6CB3-4AD7-852C-C01B3A2931ED>.<1> done setting up Connection 88
2026-01-28 16:13:53.712 Db NayaVedAI[63826:20fef8] [com.apple.network:activity] Returning should log: 0 for activity cfnetwork:foreground_task
2026-01-28 16:13:53.712 Df NayaVedAI[63826:20fef8] [com.apple.CFNetwork:Default] Task <E78A645A-6CB3-4AD7-852C-C01B3A2931ED>.<1> now using Connection 88
2026-01-28 16:13:53.712 Db NayaVedAI[63826:20fef8] [com.apple.network:activity] Returning should log: 0 for activity cfnetwork:foreground_task
2026-01-28 16:13:53.712 Df NayaVedAI[63826:20fef8] [com.apple.CFNetwork:Default] Task <E78A645A-6CB3-4AD7-852C-C01B3A2931ED>.<1> sent request, body N 0
2026-01-28 16:13:53.713 Df NayaVedAI[63826:20fef9] [com.apple.CFNetwork:Default] Task <E78A645A-6CB3-4AD7-852C-C01B3A2931ED>.<1> received response, status 200 content K
2026-01-28 16:13:53.713 Db NayaVedAI[63826:20fef9] [com.apple.network:connection] nw_connection_modify_estimated_bytes_block_invoke [C88] Incremented estimated bytes to receive by 187, total now 187
2026-01-28 16:13:53.714 Db NayaVedAI[63826:20fef9] [com.apple.network:connection] nw_connection_modify_estimated_bytes_block_invoke [C88] Using lower threshold 12582912, upper threshold 31457280
2026-01-28 16:13:53.714 Df NayaVedAI[63826:20fef9] [com.apple.CFNetwork:Default] Task <E78A645A-6CB3-4AD7-852C-C01B3A2931ED>.<1> response ended
2026-01-28 16:13:53.714 Df NayaVedAI[63826:20fef9] [com.apple.CFNetwork:Default] Task <E78A645A-6CB3-4AD7-852C-C01B3A2931ED>.<1> done using Connection 88
2026-01-28 16:13:53.714 Db NayaVedAI[63826:20fef9] [com.apple.network:activity] Returning should log: 0 for activity cfnetwork:foreground_task
2026-01-28 16:13:53.714 Db NayaVedAI[63826:20fef9] [com.apple.CFNetwork:Default] Connection 88: set is idle true
2026-01-28 16:13:53.714 Df NayaVedAI[63826:20fef9] [com.apple.network:connection] [C88] event: client:connection_idle @0.005s
2026-01-28 16:13:53.714 I  NayaVedAI[63826:20fef9] [com.apple.network:connection] nw_endpoint_handler_report_connection_idle [C88 IPv6#9530c712.8081 ready parent-flow (satisfied (Path is satisfied), interface: en0[802.11], uses wifi, LQM: unknown)] Reporting connection idle to protocols
2026-01-28 16:13:53.714 I  NayaVedAI[63826:20fef9] [com.apple.network:connection] nw_flow_passthrough_notify [C88.1.1 IPv6#9530c712.8081 ready socket-flow (satisfied (Path is satisfied), interface: lo0)] received notification connection_idle
2026-01-28 16:13:53.714 Df NayaVedAI[63826:20fef8] [com.apple.CFNetwork:Summary] Task <E78A645A-6CB3-4AD7-852C-C01B3A2931ED>.<1> summary for task success {transaction_duration_ms=6, response_status=200, connection=88, protocol="http/1.1", domain_lookup_duration_ms=1, connect_duration_ms=1, secure_connection_duration_ms=0, private_relay=false, request_start_ms=5, request_duration_ms=0, response_start_ms=6, response_duration_ms=0, request_bytes=370, request_throughput_kbps=38436, response_bytes=498, response_throughput_kbps=15869, cache_hit=false}
2026-01-28 16:13:53.714 Df NayaVedAI[63826:20fef9] [com.apple.network:connection] nw_protocol_socket_notify [C88.1.1:2] nw_protocol_notification_type_connection_idle is true
2026-01-28 16:13:53.714 Df NayaVedAI[63826:20fef8] [com.apple.CFNetwork:Default] Task <E78A645A-6CB3-4AD7-852C-C01B3A2931ED>.<1> finished successfully
2026-01-28 16:13:53.714 Db NayaVedAI[63826:20fef9] [com.apple.CFNetwork:Default] Connection 88: set is idle true
2026-01-28 16:13:53.714 Df NayaVedAI[63826:20fef9] [com.apple.network:connection] [C88] event: client:connection_idle @0.006s
2026-01-28 16:13:53.714 Db NayaVedAI[63826:20fef8] [com.apple.network:activity] Returning should log: 0 for activity cfnetwork:foreground_task
2026-01-28 16:13:53.714 I  NayaVedAI[63826:20fef9] [com.apple.network:connection] nw_endpoint_handler_report_connection_idle [C88 IPv6#9530c712.8081 ready parent-flow (satisfied (Path is satisfied), interface: en0[802.11], uses wifi, LQM: unknown)] Reporting connection idle to protocols
2026-01-28 16:13:53.714 Db NayaVedAI[63826:20fef8] [com.apple.network:activity] Returning should log: 0 for activity cfnetwork:foreground_task
2026-01-28 16:13:53.714 I  NayaVedAI[63826:20fef9] [com.apple.network:connection] nw_flow_passthrough_notify [C88.1.1 IPv6#9530c712.8081 ready socket-flow (satisfied (Path is satisfied), interface: lo0)] received notification connection_idle
2026-01-28 16:13:53.714 Df NayaVedAI[63826:20fef9] [com.apple.network:connection] nw_protocol_socket_notify [C88.1.1:2] nw_protocol_notification_type_connection_idle is true
2026-01-28 16:13:53.714 Db NayaVedAI[63826:20fef8] [com.apple.network:activity] No threshold for cfnetwork:foreground_task, returning NW_ACTIVITY_DURATION_INVALID
2026-01-28 16:13:53.714 Db NayaVedAI[63826:20fef8] [com.apple.network:activity] No threshold for activity <nw_activity 12:2 [2002684D-A07A-48E8-A64C-3D29B3F6DA54] (reporting strategy default) complete (reason success)>
2026-01-28 16:13:53.715 Df NayaVedAI[63826:20fef9] [com.apple.CFNetwork:Default] Task <6E5363AA-79BC-4D1A-A3B5-5F0A2A92F91E>.<2> resuming, timeouts(0.0, 604800.0) qos(0x19) voucher((null)) activity(00000000-0000-0000-0000-000000000000)
2026-01-28 16:13:53.715 Db NayaVedAI[63826:20fef9] [com.apple.network:activity] Returning should log: 0 for activity cfnetwork:foreground_task
2026-01-28 16:13:53.715 Db NayaVedAI[63826:20fef9] [com.apple.network:activity] Domain cfnetwork rate configured in registry as 1 / 20000
2026-01-28 16:13:53.715 Db NayaVedAI[63826:20fef9] [com.apple.network:activity] Domain cfnetwork rate configured after remote default override as 1 / 20000
2026-01-28 16:13:53.715 Db NayaVedAI[63826:20fef9] [com.apple.network:activity] After reading settings plist, domain cfnetwork rate configured as 1 / 2000000
2026-01-28 16:13:53.715 Db NayaVedAI[63826:20fef9] [com.apple.network:activity] After settings override, domain cfnetwork rate configured as 1 / 2000000
2026-01-28 16:13:53.715 Db NayaVedAI[63826:20fef9] [com.apple.network:activity] Final domain cfnetwork rate configured as 1 / 2000000
2026-01-28 16:13:53.715 Db NayaVedAI[63826:20fef9] [com.apple.network:activity] <nw_activity 12:2 [No UUID] (reporting strategy default)> sampled at 1 / 2000000
2026-01-28 16:13:53.715 Db NayaVedAI[63826:20fef9] [com.apple.network:activity] Returning should log: 0 for activity cfnetwork:foreground_task
2026-01-28 16:13:53.715 Db NayaVedAI[63826:20fef9] [com.apple.network:activity] Returning should log: 0 for activity cfnetwork:foreground_task
2026-01-28 16:13:53.715 Db NayaVedAI[63826:20fef9] [com.apple.CFNetwork:Default] [Telemetry]: Activity <nw_activity 12:2 [4E0D83AD-E565-4B02-9080-68CD7DAB2F00] (reporting strategy default)> on Task <6E5363AA-79BC-4D1A-A3B5-5F0A2A92F91E>.<2> was not selected for reporting
2026-01-28 16:13:53.715 Db NayaVedAI[63826:20fb34] [com.apple.CFNetwork:ATS] Uploading ATS exception ATSAllowsLocalNetworking
2026-01-28 16:13:53.716 A  NayaVedAI[63826:20fef9] (Security) SecTrustReportNetworkingAnalytics
2026-01-28 16:13:53.716 Db NayaVedAI[63826:20fb34] [com.apple.CFNetwork:Default] Connection 88: set is idle true
2026-01-28 16:13:53.716 Df NayaVedAI[63826:20fb34] [com.apple.network:connection] [C88] event: client:connection_idle @0.008s
2026-01-28 16:13:53.716 I  NayaVedAI[63826:20fb34] [com.apple.network:connection] nw_endpoint_handler_report_connection_idle [C88 IPv6#9530c712.8081 ready parent-flow (satisfied (Path is satisfied), interface: en0[802.11], uses wifi, LQM: unknown)] Reporting connection idle to protocols
2026-01-28 16:13:53.716 I  NayaVedAI[63826:20fb34] [com.apple.network:connection] nw_flow_passthrough_notify [C88.1.1 IPv6#9530c712.8081 ready socket-flow (satisfied (Path is satisfied), interface: lo0)] received notification connection_idle
2026-01-28 16:13:53.716 Df NayaVedAI[63826:20fb34] [com.apple.network:connection] nw_protocol_socket_notify [C88.1.1:2] nw_protocol_notification_type_connection_idle is true
2026-01-28 16:13:53.716 Df NayaVedAI[63826:20fb34] [com.apple.CFNetwork:Default] Task <6E5363AA-79BC-4D1A-A3B5-5F0A2A92F91E>.<2> now using Connection 88
2026-01-28 16:13:53.716 Db NayaVedAI[63826:20fb34] [com.apple.network:activity] Returning should log: 0 for activity cfnetwork:foreground_task
2026-01-28 16:13:53.716 Db NayaVedAI[63826:20fb34] [com.apple.network:connection] nw_connection_modify_estimated_bytes_block_invoke [C88] Incremented estimated bytes to send by 12, total now 12
2026-01-28 16:13:53.716 Db NayaVedAI[63826:20fb34] [com.apple.network:connection] nw_connection_modify_estimated_bytes_block_invoke [C88] Using lower threshold 12582912, upper threshold 31457280
2026-01-28 16:13:53.716 Db NayaVedAI[63826:20fb34] [com.apple.CFNetwork:Default] Connection 88: set is idle false
2026-01-28 16:13:53.716 Df NayaVedAI[63826:20fb34] [com.apple.network:connection] [C88] event: client:connection_reused @0.008s
2026-01-28 16:13:53.716 I  NayaVedAI[63826:20fb34] [com.apple.network:connection] nw_endpoint_handler_report_connection_idle [C88 IPv6#9530c712.8081 ready parent-flow (satisfied (Path is satisfied), interface: en0[802.11], uses wifi, LQM: unknown)] Reporting connection not idle to protocols
2026-01-28 16:13:53.716 I  NayaVedAI[63826:20fb34] [com.apple.network:connection] nw_flow_passthrough_notify [C88.1.1 IPv6#9530c712.8081 ready socket-flow (satisfied (Path is satisfied), interface: lo0)] received notification connection_idle
2026-01-28 16:13:53.716 Df NayaVedAI[63826:20fb34] [com.apple.network:connection] nw_protocol_socket_notify [C88.1.1:2] nw_protocol_notification_type_connection_idle is false
2026-01-28 16:13:53.716 Df NayaVedAI[63826:20fef9] [com.apple.securityd:SecError] SecTrustReportNetworkingAnalytics failed with error: -4
2026-01-28 16:13:53.717 Df NayaVedAI[63826:21027f] [com.apple.CFNetwork:Default] Task <6E5363AA-79BC-4D1A-A3B5-5F0A2A92F91E>.<2> sent request, body S 12
2026-01-28 16:13:53.717 Df NayaVedAI[63826:21027f] [com.apple.CFNetwork:Default] Task <6E5363AA-79BC-4D1A-A3B5-5F0A2A92F91E>.<2> received response, status 200 content K
2026-01-28 16:13:53.717 Db NayaVedAI[63826:21027f] [com.apple.network:connection] nw_connection_modify_estimated_bytes_block_invoke [C88] Incremented estimated bytes to receive by 29, total now 216
2026-01-28 16:13:53.717 Db NayaVedAI[63826:21027f] [com.apple.network:connection] nw_connection_modify_estimated_bytes_block_invoke [C88] Using lower threshold 12582912, upper threshold 31457280
2026-01-28 16:13:53.717 Df NayaVedAI[63826:21027f] [com.apple.CFNetwork:Default] Task <6E5363AA-79BC-4D1A-A3B5-5F0A2A92F91E>.<2> response ended
2026-01-28 16:13:53.717 Df NayaVedAI[63826:21027f] [com.apple.CFNetwork:Default] Task <6E5363AA-79BC-4D1A-A3B5-5F0A2A92F91E>.<2> done using Connection 88
2026-01-28 16:13:53.717 Db NayaVedAI[63826:21027f] [com.apple.network:activity] Returning should log: 0 for activity cfnetwork:foreground_task
2026-01-28 16:13:53.717 Db NayaVedAI[63826:21027f] [com.apple.CFNetwork:Default] Connection 88: set is idle true
2026-01-28 16:13:53.717 Df NayaVedAI[63826:21027f] [com.apple.network:connection] [C88] event: client:connection_idle @0.009s
2026-01-28 16:13:53.717 I  NayaVedAI[63826:21027f] [com.apple.network:connection] nw_endpoint_handler_report_connection_idle [C88 IPv6#9530c712.8081 ready parent-flow (satisfied (Path is satisfied), interface: en0[802.11], uses wifi, LQM: unknown)] Reporting connection idle to protocols
2026-01-28 16:13:53.717 I  NayaVedAI[63826:21027f] [com.apple.network:connection] nw_flow_passthrough_notify [C88.1.1 IPv6#9530c712.8081 ready socket-flow (satisfied (Path is satisfied), interface: lo0)] received notification connection_idle
2026-01-28 16:13:53.717 Df NayaVedAI[63826:21027f] [com.apple.network:connection] nw_protocol_socket_notify [C88.1.1:2] nw_protocol_notification_type_connection_idle is true
2026-01-28 16:13:53.717 Df NayaVedAI[63826:20fb34] [com.apple.CFNetwork:Summary] Task <6E5363AA-79BC-4D1A-A3B5-5F0A2A92F91E>.<2> summary for task success {transaction_duration_ms=2, response_status=200, connection=88, reused=1, reused_after_ms=0, request_start_ms=0, request_duration_ms=0, response_start_ms=1, response_duration_ms=0, request_bytes=291, request_throughput_kbps=8285, response_bytes=314, response_throughput_kbps=9586, cache_hit=false}
2026-01-28 16:13:53.718 Db NayaVedAI[63826:21027f] [com.apple.CFNetwork:Default] Connection 88: set is idle true
2026-01-28 16:13:53.718 Df NayaVedAI[63826:21027f] [com.apple.network:connection] [C88] event: client:connection_idle @0.009s
2026-01-28 16:13:53.718 I  NayaVedAI[63826:21027f] [com.apple.network:connection] nw_endpoint_handler_report_connection_idle [C88 IPv6#9530c712.8081 ready parent-flow (satisfied (Path is satisfied), interface: en0[802.11], uses wifi, LQM: unknown)] Reporting connection idle to protocols
2026-01-28 16:13:53.718 I  NayaVedAI[63826:21027f] [com.apple.network:connection] nw_flow_passthrough_notify [C88.1.1 IPv6#9530c712.8081 ready socket-flow (satisfied (Path is satisfied), interface: lo0)] received notification connection_idle
2026-01-28 16:13:53.718 Df NayaVedAI[63826:20fb34] [com.apple.CFNetwork:Default] Task <6E5363AA-79BC-4D1A-A3B5-5F0A2A92F91E>.<2> finished successfully
2026-01-28 16:13:53.718 Db NayaVedAI[63826:20fb34] [com.apple.network:activity] Returning should log: 0 for activity cfnetwork:foreground_task
2026-01-28 16:13:53.718 Db NayaVedAI[63826:20fb34] [com.apple.network:activity] Returning should log: 0 for activity cfnetwork:foreground_task
2026-01-28 16:13:53.718 Db NayaVedAI[63826:20fb34] [com.apple.network:activity] No threshold for cfnetwork:foreground_task, returning NW_ACTIVITY_DURATION_INVALID
2026-01-28 16:13:53.718 Db NayaVedAI[63826:20fb34] [com.apple.network:activity] No threshold for activity <nw_activity 12:2 [4E0D83AD-E565-4B02-9080-68CD7DAB2F00] (reporting strategy default) complete (reason success)>
2026-01-28 16:13:53.718 Df NayaVedAI[63826:21027f] [com.apple.network:connection] nw_protocol_socket_notify [C88.1.1:2] nw_protocol_notification_type_connection_idle is true
2026-01-28 16:13:53.718 Db NayaVedAI[63826:20fabf] [com.apple.defaults:User Defaults] looked up value 1 for key RCTI18nUtil_makeRTLFlipLeftAndRightStyles in CFPrefsPlistSource<0x600002c00600> (Domain: com.nayaved.app, User: kCFPreferencesCurrentUser, ByHost: No, Container: (null), Contents Need Refresh: No) via CFPrefsSearchListSource<0x600002c00200> (Domain: com.nayaved.app, Container: (null) Non-launch persona: 0)
2026-01-28 16:13:53.718 Db NayaVedAI[63826:20fabf] [com.apple.defaults:User Defaults] looked up value 1 for key RCTI18nUtil_makeRTLFlipLeftAndRightStyles in CFPrefsPlistSource<0x600002c00600> (Domain: com.nayaved.app, User: kCFPreferencesCurrentUser, ByHost: No, Container: (null), Contents Need Refresh: No) via CFPrefsSearchListSource<0x600002c00200> (Domain: com.nayaved.app, Container: (null) Non-launch persona: 0)
2026-01-28 16:13:53.718 Db NayaVedAI[63826:20fabf] [com.apple.defaults:User Defaults] looked up value 1 for key RCTI18nUtil_makeRTLFlipLeftAndRightStyles in CFPrefsPlistSource<0x600002c00600> (Domain: com.nayaved.app, User: kCFPreferencesCurrentUser, ByHost: No, Container: (null), Contents Need Refresh: No) via CFPrefsSearchListSource<0x600002c00200> (Domain: com.nayaved.app, Container: (null) Non-launch persona: 0)
2026-01-28 16:13:53.719 I  NayaVedAI[63826:20fabf] [com.apple.Accessibility:AXRuntimeNotifications] Attempting to send notification:  (1018) <private>
2026-01-28 16:13:53.719 I  NayaVedAI[63826:20fabf] [com.apple.Accessibility:AXRuntimeNotifications] Did post notification. notification:  (1018) error:0 data:<private>
2026-01-28 16:13:53.721 I  NayaVedAI[63826:20fb34] [com.wix.DetoxSync:DTXJSTimerSyncResource] [DTXJSTimerSyncResource] Observing timer 2 with duration 0.00 ms
2026-01-28 16:13:53.817 I  NayaVedAI[63826:20fabf] [com.apple.Accessibility:AXRuntimeNotifications] Attempting to send notification:  (1001) <private>
2026-01-28 16:13:53.817 I  NayaVedAI[63826:20fabf] [com.apple.Accessibility:AXRuntimeNotifications] Did post notification. notification:  (1001) error:0 data:<private>
2026-01-28 16:13:53.931 I  NayaVedAI[63826:20fabf] [com.apple.Accessibility:AXRuntimeNotifications] Attempting to send notification:  (1001) <private>
2026-01-28 16:13:53.931 I  NayaVedAI[63826:20fabf] [com.apple.Accessibility:AXRuntimeNotifications] Did post notification. notification:  (1001) error:0 data:<private>
2026-01-28 16:13:54.114 I  NayaVedAI[63826:20fabf] [com.apple.Accessibility:AXRuntimeNotifications] Attempting to send notification:  (1000) <private>
2026-01-28 16:13:54.114 I  NayaVedAI[63826:20fabf] [com.apple.Accessibility:AXRuntimeNotifications] Attempting to send notification:  (1000) <private>
2026-01-28 16:13:54.114 I  NayaVedAI[63826:20fabf] [com.apple.Accessibility:AXRuntimeNotifications] Did post notification. notification:  (1000) error:0 data:<private>
2026-01-28 16:13:55.321 I  NayaVedAI[63826:20fb34] [com.wix.DetoxSync:DTXJSTimerSyncResource] [DTXJSTimerSyncResource] Timer 2 timed out after 1599.94 ms
2026-01-28 16:13:55.324 I  NayaVedAI[63826:20fabf] [com.wix.Detox:WebSocket] Action received: invoke
2026-01-28 16:13:55.329 Db NayaVedAI[63826:20fabf] [com.apple.CFBundle:strings] Bundle: CFBundle 0x600003b00000 </Library/Developer/CoreSimulator/Volumes/iOS_23C54/Library/Developer/CoreSimulator/Profiles/Runtimes/iOS 26.2.simruntime/Contents/Resources/RuntimeRoot/System/Library/AccessibilityBundles/UIKit.axbundle> (framework, loaded), key: scroll.bar.vertical, value: , table: Accessibility, localizationNames: (null), result: Vertical scroll bar
2026-01-28 16:13:55.329 Db NayaVedAI[63826:20fabf] [com.apple.CFBundle:strings] Bundle: CFBundle 0x600003b00000 </Library/Developer/CoreSimulator/Volumes/iOS_23C54/Library/Developer/CoreSimulator/Profiles/Runtimes/iOS 26.2.simruntime/Contents/Resources/RuntimeRoot/System/Library/AccessibilityBundles/UIKit.axbundle> (framework, loaded), key: page.count, value: , table: Accessibility, localizationNames: (null), result: %#@pages@
2026-01-28 16:13:55.329 Db NayaVedAI[63826:20fabf] [com.apple.CFBundle:strings] Bundle: CFBundle 0x600003b00000 </Library/Developer/CoreSimulator/Volumes/iOS_23C54/Library/Developer/CoreSimulator/Profiles/Runtimes/iOS 26.2.simruntime/Contents/Resources/RuntimeRoot/System/Library/AccessibilityBundles/UIKit.axbundle> (framework, loaded), key: scroll.bar.vertical, value: , table: Accessibility, localizationNames: (null), result: Vertical scroll bar
2026-01-28 16:13:55.329 Db NayaVedAI[63826:20fabf] [com.apple.CFBundle:strings] Bundle: CFBundle 0x600003b00000 </Library/Developer/CoreSimulator/Volumes/iOS_23C54/Library/Developer/CoreSimulator/Profiles/Runtimes/iOS 26.2.simruntime/Contents/Resources/RuntimeRoot/System/Library/AccessibilityBundles/UIKit.axbundle> (framework, loaded), key: page.count, value: , table: Accessibility, localizationNames: (null), result: %#@pages@
2026-01-28 16:13:55.329 Db NayaVedAI[63826:20fabf] [com.apple.CFBundle:strings] Bundle: CFBundle 0x600003b00000 </Library/Developer/CoreSimulator/Volumes/iOS_23C54/Library/Developer/CoreSimulator/Profiles/Runtimes/iOS 26.2.simruntime/Contents/Resources/RuntimeRoot/System/Library/AccessibilityBundles/UIKit.axbundle> (framework, loaded), key: scroll.bar.horizontal, value: , table: Accessibility, localizationNames: (null), result: Horizontal scroll bar
2026-01-28 16:13:55.329 Db NayaVedAI[63826:20fabf] [com.apple.CFBundle:strings] Bundle: CFBundle 0x600003b00000 </Library/Developer/CoreSimulator/Volumes/iOS_23C54/Library/Developer/CoreSimulator/Profiles/Runtimes/iOS 26.2.simruntime/Contents/Resources/RuntimeRoot/System/Library/AccessibilityBundles/UIKit.axbundle> (framework, loaded), key: page.count, value: , table: Accessibility, localizationNames: (null), result: %#@pages@
2026-01-28 16:13:55.329 Db NayaVedAI[63826:20fabf] [com.apple.CFBundle:strings] Bundle: CFBundle 0x600003b00000 </Library/Developer/CoreSimulator/Volumes/iOS_23C54/Library/Developer/CoreSimulator/Profiles/Runtimes/iOS 26.2.simruntime/Contents/Resources/RuntimeRoot/System/Library/AccessibilityBundles/UIKit.axbundle> (framework, loaded), key: scroll.bar.horizontal, value: , table: Accessibility, localizationNames: (null), result: Horizontal scroll bar
2026-01-28 16:13:55.329 Db NayaVedAI[63826:20fabf] [com.apple.CFBundle:strings] Bundle: CFBundle 0x600003b00000 </Library/Developer/CoreSimulator/Volumes/iOS_23C54/Library/Developer/CoreSimulator/Profiles/Runtimes/iOS 26.2.simruntime/Contents/Resources/RuntimeRoot/System/Library/AccessibilityBundles/UIKit.axbundle> (framework, loaded), key: page.count, value: , table: Accessibility, localizationNames: (null), result: %#@pages@
2026-01-28 16:13:55.330 Db NayaVedAI[63826:20fabf] [com.apple.defaults:User Defaults] looked up value YES for key detoxDisableHierarchyDump in CFPrefsSource<0x600001700240> (Domain: Volatile, User: , ByHost: No, Container: , Contents Need Refresh: No) via CFPrefsSearchListSource<0x600002c00200> (Domain: com.nayaved.app, Container: (null) Non-launch persona: 0)
2026-01-28 16:13:55.330 Db NayaVedAI[63826:20fabf] [com.apple.defaults:User Defaults] looked up value YES for key detoxDebugVisibility in CFPrefsSource<0x600001700240> (Domain: Volatile, User: , ByHost: No, Container: , Contents Need Refresh: No) via CFPrefsSearchListSource<0x600002c00200> (Domain: com.nayaved.app, Container: (null) Non-launch persona: 0)

